[5.844s] Invoking command in '/home/can-02/Desktop/f1tenth_ws/src/f1tenth_gym_ros': PYTHONPATH=/home/can-02/Desktop/f1tenth_ws/build/f1tenth_gym_ros/prefix_override:/usr/lib/python3/dist-packages/colcon_core/task/python/colcon_distutils_commands:/home/can-02/Desktop/f1tenth_ws/install/f1tenth_gym_ros/lib/python3.8/site-packages:${PYTHONPATH} /usr/bin/python3 -W ignore:setup.py install is deprecated -W ignore:easy_install command is deprecated setup.py egg_info --egg-base ../../build/f1tenth_gym_ros build --build-base /home/can-02/Desktop/f1tenth_ws/build/f1tenth_gym_ros/build install --record /home/can-02/Desktop/f1tenth_ws/build/f1tenth_gym_ros/install.log --single-version-externally-managed install_data
[7.060s] running egg_info
[7.100s] writing ../../build/f1tenth_gym_ros/f1tenth_gym_ros.egg-info/PKG-INFO
[7.101s] writing dependency_links to ../../build/f1tenth_gym_ros/f1tenth_gym_ros.egg-info/dependency_links.txt
[7.102s] writing entry points to ../../build/f1tenth_gym_ros/f1tenth_gym_ros.egg-info/entry_points.txt
[7.117s] writing requirements to ../../build/f1tenth_gym_ros/f1tenth_gym_ros.egg-info/requires.txt
[7.117s] writing top-level names to ../../build/f1tenth_gym_ros/f1tenth_gym_ros.egg-info/top_level.txt
[7.230s] reading manifest file '../../build/f1tenth_gym_ros/f1tenth_gym_ros.egg-info/SOURCES.txt'
[7.231s] adding license file 'LICENSE'
[7.231s] writing manifest file '../../build/f1tenth_gym_ros/f1tenth_gym_ros.egg-info/SOURCES.txt'
[7.232s] running build
[7.232s] running build_py
[7.233s] running install
[7.247s] running install_lib
[7.290s] running install_data
[7.290s] running install_egg_info
[7.333s] removing '/home/can-02/Desktop/f1tenth_ws/install/f1tenth_gym_ros/lib/python3.8/site-packages/f1tenth_gym_ros-0.0.0-py3.8.egg-info' (and everything under it)
[7.334s] Copying ../../build/f1tenth_gym_ros/f1tenth_gym_ros.egg-info to /home/can-02/Desktop/f1tenth_ws/install/f1tenth_gym_ros/lib/python3.8/site-packages/f1tenth_gym_ros-0.0.0-py3.8.egg-info
[7.337s] running install_scripts
[7.506s] Installing gym_bridge script to /home/can-02/Desktop/f1tenth_ws/install/f1tenth_gym_ros/lib/f1tenth_gym_ros
[7.508s] writing list of installed files to '/home/can-02/Desktop/f1tenth_ws/build/f1tenth_gym_ros/install.log'
[8.708s] Invoked command in '/home/can-02/Desktop/f1tenth_ws/src/f1tenth_gym_ros' returned '0': PYTHONPATH=/home/can-02/Desktop/f1tenth_ws/build/f1tenth_gym_ros/prefix_override:/usr/lib/python3/dist-packages/colcon_core/task/python/colcon_distutils_commands:/home/can-02/Desktop/f1tenth_ws/install/f1tenth_gym_ros/lib/python3.8/site-packages:${PYTHONPATH} /usr/bin/python3 -W ignore:setup.py install is deprecated -W ignore:easy_install command is deprecated setup.py egg_info --egg-base ../../build/f1tenth_gym_ros build --build-base /home/can-02/Desktop/f1tenth_ws/build/f1tenth_gym_ros/build install --record /home/can-02/Desktop/f1tenth_ws/build/f1tenth_gym_ros/install.log --single-version-externally-managed install_data
