[0.133s] Invoking command in '/home/can-02/Desktop/f1tenth_ws/build/teleop_tools_msgs': CMAKE_PREFIX_PATH=${CMAKE_PREFIX_PATH}:/home/can-02/Desktop/f1tenth_ws/install/f1tenth_stack:/home/can-02/Desktop/f1tenth_ws/install/joy_teleop:/home/can-02/Desktop/f1tenth_ws/install/particle_filter:/home/can-02/Desktop/f1tenth_ws/install/mouse_teleop:/home/can-02/Desktop/f1tenth_ws/install/key_teleop:/home/can-02/Desktop/f1tenth_ws/install/f1tenth_gym_ros:/home/can-02/Desktop/f1tenth_ws/install/adp_controller:/opt/ros/galactic /usr/bin/cmake --build /home/can-02/Desktop/f1tenth_ws/build/teleop_tools_msgs -- -j6 -l6
[3.263s] [  3%] Built target teleop_tools_msgs__cpp
[3.264s] [ 12%] Built target teleop_tools_msgs__rosidl_generator_c
[3.264s] [ 22%] Built target teleop_tools_msgs__rosidl_typesupport_introspection_cpp
[3.264s] [ 41%] Built target teleop_tools_msgs__rosidl_typesupport_fastrtps_cpp
[3.264s] [ 41%] Built target teleop_tools_msgs__rosidl_typesupport_cpp
[3.265s] [ 51%] Built target teleop_tools_msgs__rosidl_typesupport_introspection_c
[3.265s] [ 61%] Built target teleop_tools_msgs__rosidl_typesupport_c
[3.265s] [ 70%] Built target teleop_tools_msgs__rosidl_typesupport_fastrtps_c
[3.265s] [ 70%] Built target teleop_tools_msgs
[3.265s] [ 74%] Built target teleop_tools_msgs__py
[3.266s] [ 80%] Built target teleop_tools_msgs__python
[3.266s] [ 87%] Built target teleop_tools_msgs__rosidl_typesupport_fastrtps_c__pyext
[3.266s] [100%] Built target teleop_tools_msgs__rosidl_typesupport_introspection_c__pyext
[3.266s] [100%] Built target teleop_tools_msgs__rosidl_typesupport_c__pyext
[3.295s] Invoked command in '/home/can-02/Desktop/f1tenth_ws/build/teleop_tools_msgs' returned '0': CMAKE_PREFIX_PATH=${CMAKE_PREFIX_PATH}:/home/can-02/Desktop/f1tenth_ws/install/f1tenth_stack:/home/can-02/Desktop/f1tenth_ws/install/joy_teleop:/home/can-02/Desktop/f1tenth_ws/install/particle_filter:/home/can-02/Desktop/f1tenth_ws/install/mouse_teleop:/home/can-02/Desktop/f1tenth_ws/install/key_teleop:/home/can-02/Desktop/f1tenth_ws/install/f1tenth_gym_ros:/home/can-02/Desktop/f1tenth_ws/install/adp_controller:/opt/ros/galactic /usr/bin/cmake --build /home/can-02/Desktop/f1tenth_ws/build/teleop_tools_msgs -- -j6 -l6
[3.301s] Invoking command in '/home/can-02/Desktop/f1tenth_ws/build/teleop_tools_msgs': CMAKE_PREFIX_PATH=${CMAKE_PREFIX_PATH}:/home/can-02/Desktop/f1tenth_ws/install/f1tenth_stack:/home/can-02/Desktop/f1tenth_ws/install/joy_teleop:/home/can-02/Desktop/f1tenth_ws/install/particle_filter:/home/can-02/Desktop/f1tenth_ws/install/mouse_teleop:/home/can-02/Desktop/f1tenth_ws/install/key_teleop:/home/can-02/Desktop/f1tenth_ws/install/f1tenth_gym_ros:/home/can-02/Desktop/f1tenth_ws/install/adp_controller:/opt/ros/galactic /usr/bin/cmake --install /home/can-02/Desktop/f1tenth_ws/build/teleop_tools_msgs
[3.347s] -- Install configuration: ""
[3.348s] -- Up-to-date: /home/can-02/Desktop/f1tenth_ws/install/teleop_tools_msgs/share/ament_index/resource_index/rosidl_interfaces/teleop_tools_msgs
[3.348s] -- Up-to-date: /home/can-02/Desktop/f1tenth_ws/install/teleop_tools_msgs/include/teleop_tools_msgs
[3.348s] -- Up-to-date: /home/can-02/Desktop/f1tenth_ws/install/teleop_tools_msgs/include/teleop_tools_msgs/action
[3.352s] -- Up-to-date: /home/can-02/Desktop/f1tenth_ws/install/teleop_tools_msgs/include/teleop_tools_msgs/action/increment.h
[3.353s] -- Up-to-date: /home/can-02/Desktop/f1tenth_ws/install/teleop_tools_msgs/include/teleop_tools_msgs/action/detail
[3.358s] -- Up-to-date: /home/can-02/Desktop/f1tenth_ws/install/teleop_tools_msgs/include/teleop_tools_msgs/action/detail/increment__functions.h
[3.360s] -- Up-to-date: /home/can-02/Desktop/f1tenth_ws/install/teleop_tools_msgs/include/teleop_tools_msgs/action/detail/increment__struct.h
[3.360s] -- Up-to-date: /home/can-02/Desktop/f1tenth_ws/install/teleop_tools_msgs/include/teleop_tools_msgs/action/detail/increment__type_support.h
[3.360s] -- Up-to-date: /home/can-02/Desktop/f1tenth_ws/install/teleop_tools_msgs/include/teleop_tools_msgs/action/detail/increment__functions.c
[3.360s] -- Up-to-date: /home/can-02/Desktop/f1tenth_ws/install/teleop_tools_msgs/include/teleop_tools_msgs/msg
[3.362s] -- Up-to-date: /home/can-02/Desktop/f1tenth_ws/install/teleop_tools_msgs/include/teleop_tools_msgs/msg/rosidl_generator_c__visibility_control.h
[3.362s] -- Up-to-date: /home/can-02/Desktop/f1tenth_ws/install/teleop_tools_msgs/share/teleop_tools_msgs/environment/library_path.sh
[3.363s] -- Up-to-date: /home/can-02/Desktop/f1tenth_ws/install/teleop_tools_msgs/share/teleop_tools_msgs/environment/library_path.dsv
[3.364s] -- Up-to-date: /home/can-02/Desktop/f1tenth_ws/install/teleop_tools_msgs/lib/libteleop_tools_msgs__rosidl_generator_c.so
[3.365s] -- Up-to-date: /home/can-02/Desktop/f1tenth_ws/install/teleop_tools_msgs/include/teleop_tools_msgs
[3.365s] -- Up-to-date: /home/can-02/Desktop/f1tenth_ws/install/teleop_tools_msgs/include/teleop_tools_msgs/action
[3.366s] -- Up-to-date: /home/can-02/Desktop/f1tenth_ws/install/teleop_tools_msgs/include/teleop_tools_msgs/action/detail
[3.366s] -- Up-to-date: /home/can-02/Desktop/f1tenth_ws/install/teleop_tools_msgs/include/teleop_tools_msgs/action/detail/increment__rosidl_typesupport_fastrtps_c.h
[3.366s] -- Up-to-date: /home/can-02/Desktop/f1tenth_ws/install/teleop_tools_msgs/include/teleop_tools_msgs/msg
[3.366s] -- Up-to-date: /home/can-02/Desktop/f1tenth_ws/install/teleop_tools_msgs/include/teleop_tools_msgs/msg/rosidl_typesupport_fastrtps_c__visibility_control.h
[3.366s] -- Up-to-date: /home/can-02/Desktop/f1tenth_ws/install/teleop_tools_msgs/lib/libteleop_tools_msgs__rosidl_typesupport_fastrtps_c.so
[3.367s] -- Up-to-date: /home/can-02/Desktop/f1tenth_ws/install/teleop_tools_msgs/include/teleop_tools_msgs
[3.367s] -- Up-to-date: /home/can-02/Desktop/f1tenth_ws/install/teleop_tools_msgs/include/teleop_tools_msgs/action
[3.367s] -- Up-to-date: /home/can-02/Desktop/f1tenth_ws/install/teleop_tools_msgs/include/teleop_tools_msgs/action/detail
[3.367s] -- Up-to-date: /home/can-02/Desktop/f1tenth_ws/install/teleop_tools_msgs/include/teleop_tools_msgs/action/detail/increment__rosidl_typesupport_fastrtps_cpp.hpp
[3.368s] -- Up-to-date: /home/can-02/Desktop/f1tenth_ws/install/teleop_tools_msgs/include/teleop_tools_msgs/action/detail/dds_fastrtps
[3.368s] -- Up-to-date: /home/can-02/Desktop/f1tenth_ws/install/teleop_tools_msgs/include/teleop_tools_msgs/msg
[3.368s] -- Up-to-date: /home/can-02/Desktop/f1tenth_ws/install/teleop_tools_msgs/include/teleop_tools_msgs/msg/rosidl_typesupport_fastrtps_cpp__visibility_control.h
[3.368s] -- Up-to-date: /home/can-02/Desktop/f1tenth_ws/install/teleop_tools_msgs/lib/libteleop_tools_msgs__rosidl_typesupport_fastrtps_cpp.so
[3.369s] -- Up-to-date: /home/can-02/Desktop/f1tenth_ws/install/teleop_tools_msgs/include/teleop_tools_msgs
[3.369s] -- Up-to-date: /home/can-02/Desktop/f1tenth_ws/install/teleop_tools_msgs/include/teleop_tools_msgs/action
[3.369s] -- Up-to-date: /home/can-02/Desktop/f1tenth_ws/install/teleop_tools_msgs/include/teleop_tools_msgs/action/detail
[3.369s] -- Up-to-date: /home/can-02/Desktop/f1tenth_ws/install/teleop_tools_msgs/include/teleop_tools_msgs/action/detail/increment__rosidl_typesupport_introspection_c.h
[3.369s] -- Up-to-date: /home/can-02/Desktop/f1tenth_ws/install/teleop_tools_msgs/include/teleop_tools_msgs/action/detail/increment__type_support.c
[3.369s] -- Up-to-date: /home/can-02/Desktop/f1tenth_ws/install/teleop_tools_msgs/include/teleop_tools_msgs/msg
[3.369s] -- Up-to-date: /home/can-02/Desktop/f1tenth_ws/install/teleop_tools_msgs/include/teleop_tools_msgs/msg/rosidl_typesupport_introspection_c__visibility_control.h
[3.370s] -- Up-to-date: /home/can-02/Desktop/f1tenth_ws/install/teleop_tools_msgs/lib/libteleop_tools_msgs__rosidl_typesupport_introspection_c.so
[3.370s] -- Up-to-date: /home/can-02/Desktop/f1tenth_ws/install/teleop_tools_msgs/lib/libteleop_tools_msgs__rosidl_typesupport_c.so
[3.370s] -- Up-to-date: /home/can-02/Desktop/f1tenth_ws/install/teleop_tools_msgs/include/teleop_tools_msgs
[3.370s] -- Up-to-date: /home/can-02/Desktop/f1tenth_ws/install/teleop_tools_msgs/include/teleop_tools_msgs/action
[3.370s] -- Up-to-date: /home/can-02/Desktop/f1tenth_ws/install/teleop_tools_msgs/include/teleop_tools_msgs/action/increment.hpp
[3.370s] -- Up-to-date: /home/can-02/Desktop/f1tenth_ws/install/teleop_tools_msgs/include/teleop_tools_msgs/action/detail
[3.371s] -- Up-to-date: /home/can-02/Desktop/f1tenth_ws/install/teleop_tools_msgs/include/teleop_tools_msgs/action/detail/increment__traits.hpp
[3.371s] -- Up-to-date: /home/can-02/Desktop/f1tenth_ws/install/teleop_tools_msgs/include/teleop_tools_msgs/action/detail/increment__struct.hpp
[3.371s] -- Up-to-date: /home/can-02/Desktop/f1tenth_ws/install/teleop_tools_msgs/include/teleop_tools_msgs/action/detail/increment__builder.hpp
[3.371s] -- Up-to-date: /home/can-02/Desktop/f1tenth_ws/install/teleop_tools_msgs/include/teleop_tools_msgs
[3.371s] -- Up-to-date: /home/can-02/Desktop/f1tenth_ws/install/teleop_tools_msgs/include/teleop_tools_msgs/action
[3.371s] -- Up-to-date: /home/can-02/Desktop/f1tenth_ws/install/teleop_tools_msgs/include/teleop_tools_msgs/action/detail
[3.371s] -- Up-to-date: /home/can-02/Desktop/f1tenth_ws/install/teleop_tools_msgs/include/teleop_tools_msgs/action/detail/increment__rosidl_typesupport_introspection_cpp.hpp
[3.372s] -- Up-to-date: /home/can-02/Desktop/f1tenth_ws/install/teleop_tools_msgs/include/teleop_tools_msgs/action/detail/increment__type_support.cpp
[3.372s] -- Up-to-date: /home/can-02/Desktop/f1tenth_ws/install/teleop_tools_msgs/lib/libteleop_tools_msgs__rosidl_typesupport_introspection_cpp.so
[3.372s] -- Up-to-date: /home/can-02/Desktop/f1tenth_ws/install/teleop_tools_msgs/lib/libteleop_tools_msgs__rosidl_typesupport_cpp.so
[3.373s] -- Up-to-date: /home/can-02/Desktop/f1tenth_ws/install/teleop_tools_msgs/share/teleop_tools_msgs/environment/pythonpath.sh
[3.373s] -- Up-to-date: /home/can-02/Desktop/f1tenth_ws/install/teleop_tools_msgs/share/teleop_tools_msgs/environment/pythonpath.dsv
[3.374s] -- Up-to-date: /home/can-02/Desktop/f1tenth_ws/install/teleop_tools_msgs/lib/python3.8/site-packages/teleop_tools_msgs/__init__.py
[3.450s] -- Up-to-date: /home/can-02/Desktop/f1tenth_ws/install/teleop_tools_msgs/lib/python3.8/site-packages/teleop_tools_msgs/action
[3.451s] -- Up-to-date: /home/can-02/Desktop/f1tenth_ws/install/teleop_tools_msgs/lib/python3.8/site-packages/teleop_tools_msgs/action/_increment.py
[3.452s] -- Up-to-date: /home/can-02/Desktop/f1tenth_ws/install/teleop_tools_msgs/lib/python3.8/site-packages/teleop_tools_msgs/action/_increment_s.c
[3.452s] -- Up-to-date: /home/can-02/Desktop/f1tenth_ws/install/teleop_tools_msgs/lib/python3.8/site-packages/teleop_tools_msgs/action/__init__.py
[3.453s] -- Up-to-date: /home/can-02/Desktop/f1tenth_ws/install/teleop_tools_msgs/lib/python3.8/site-packages/teleop_tools_msgs/teleop_tools_msgs_s__rosidl_typesupport_fastrtps_c.cpython-38-aarch64-linux-gnu.so
[3.453s] -- Up-to-date: /home/can-02/Desktop/f1tenth_ws/install/teleop_tools_msgs/lib/python3.8/site-packages/teleop_tools_msgs/teleop_tools_msgs_s__rosidl_typesupport_introspection_c.cpython-38-aarch64-linux-gnu.so
[3.454s] -- Up-to-date: /home/can-02/Desktop/f1tenth_ws/install/teleop_tools_msgs/lib/python3.8/site-packages/teleop_tools_msgs/teleop_tools_msgs_s__rosidl_typesupport_c.cpython-38-aarch64-linux-gnu.so
[3.458s] -- Up-to-date: /home/can-02/Desktop/f1tenth_ws/install/teleop_tools_msgs/lib/libteleop_tools_msgs__python.so
[3.459s] -- Up-to-date: /home/can-02/Desktop/f1tenth_ws/install/teleop_tools_msgs/share/teleop_tools_msgs/action/Increment.idl
[3.462s] -- Up-to-date: /home/can-02/Desktop/f1tenth_ws/install/teleop_tools_msgs/share/teleop_tools_msgs/action/Increment.action
[3.464s] -- Up-to-date: /home/can-02/Desktop/f1tenth_ws/install/teleop_tools_msgs/share/ament_index/resource_index/package_run_dependencies/teleop_tools_msgs
[3.465s] -- Up-to-date: /home/can-02/Desktop/f1tenth_ws/install/teleop_tools_msgs/share/ament_index/resource_index/parent_prefix_path/teleop_tools_msgs
[3.465s] -- Up-to-date: /home/can-02/Desktop/f1tenth_ws/install/teleop_tools_msgs/share/teleop_tools_msgs/environment/ament_prefix_path.sh
[3.466s] -- Up-to-date: /home/can-02/Desktop/f1tenth_ws/install/teleop_tools_msgs/share/teleop_tools_msgs/environment/ament_prefix_path.dsv
[3.466s] -- Up-to-date: /home/can-02/Desktop/f1tenth_ws/install/teleop_tools_msgs/share/teleop_tools_msgs/environment/path.sh
[3.466s] -- Up-to-date: /home/can-02/Desktop/f1tenth_ws/install/teleop_tools_msgs/share/teleop_tools_msgs/environment/path.dsv
[3.467s] -- Up-to-date: /home/can-02/Desktop/f1tenth_ws/install/teleop_tools_msgs/share/teleop_tools_msgs/local_setup.bash
[3.467s] -- Up-to-date: /home/can-02/Desktop/f1tenth_ws/install/teleop_tools_msgs/share/teleop_tools_msgs/local_setup.sh
[3.467s] -- Up-to-date: /home/can-02/Desktop/f1tenth_ws/install/teleop_tools_msgs/share/teleop_tools_msgs/local_setup.zsh
[3.468s] -- Up-to-date: /home/can-02/Desktop/f1tenth_ws/install/teleop_tools_msgs/share/teleop_tools_msgs/local_setup.dsv
[3.468s] -- Installing: /home/can-02/Desktop/f1tenth_ws/install/teleop_tools_msgs/share/teleop_tools_msgs/package.dsv
[3.469s] -- Up-to-date: /home/can-02/Desktop/f1tenth_ws/install/teleop_tools_msgs/share/ament_index/resource_index/packages/teleop_tools_msgs
[3.479s] -- Up-to-date: /home/can-02/Desktop/f1tenth_ws/install/teleop_tools_msgs/share/teleop_tools_msgs/cmake/teleop_tools_msgs__rosidl_generator_cExport.cmake
[3.480s] -- Up-to-date: /home/can-02/Desktop/f1tenth_ws/install/teleop_tools_msgs/share/teleop_tools_msgs/cmake/teleop_tools_msgs__rosidl_generator_cExport-noconfig.cmake
[3.489s] -- Up-to-date: /home/can-02/Desktop/f1tenth_ws/install/teleop_tools_msgs/share/teleop_tools_msgs/cmake/teleop_tools_msgs__rosidl_typesupport_introspection_cExport.cmake
[3.491s] -- Up-to-date: /home/can-02/Desktop/f1tenth_ws/install/teleop_tools_msgs/share/teleop_tools_msgs/cmake/teleop_tools_msgs__rosidl_typesupport_introspection_cExport-noconfig.cmake
[3.493s] -- Up-to-date: /home/can-02/Desktop/f1tenth_ws/install/teleop_tools_msgs/share/teleop_tools_msgs/cmake/teleop_tools_msgs__rosidl_typesupport_cExport.cmake
[3.494s] -- Up-to-date: /home/can-02/Desktop/f1tenth_ws/install/teleop_tools_msgs/share/teleop_tools_msgs/cmake/teleop_tools_msgs__rosidl_typesupport_cExport-noconfig.cmake
[3.495s] -- Up-to-date: /home/can-02/Desktop/f1tenth_ws/install/teleop_tools_msgs/share/teleop_tools_msgs/cmake/teleop_tools_msgs__rosidl_generator_cppExport.cmake
[3.495s] -- Up-to-date: /home/can-02/Desktop/f1tenth_ws/install/teleop_tools_msgs/share/teleop_tools_msgs/cmake/teleop_tools_msgs__rosidl_typesupport_introspection_cppExport.cmake
[3.496s] -- Up-to-date: /home/can-02/Desktop/f1tenth_ws/install/teleop_tools_msgs/share/teleop_tools_msgs/cmake/teleop_tools_msgs__rosidl_typesupport_introspection_cppExport-noconfig.cmake
[3.498s] -- Up-to-date: /home/can-02/Desktop/f1tenth_ws/install/teleop_tools_msgs/share/teleop_tools_msgs/cmake/teleop_tools_msgs__rosidl_typesupport_cppExport.cmake
[3.498s] -- Up-to-date: /home/can-02/Desktop/f1tenth_ws/install/teleop_tools_msgs/share/teleop_tools_msgs/cmake/teleop_tools_msgs__rosidl_typesupport_cppExport-noconfig.cmake
[3.499s] -- Up-to-date: /home/can-02/Desktop/f1tenth_ws/install/teleop_tools_msgs/share/teleop_tools_msgs/cmake/rosidl_cmake-extras.cmake
[3.500s] -- Up-to-date: /home/can-02/Desktop/f1tenth_ws/install/teleop_tools_msgs/share/teleop_tools_msgs/cmake/ament_cmake_export_dependencies-extras.cmake
[3.500s] -- Up-to-date: /home/can-02/Desktop/f1tenth_ws/install/teleop_tools_msgs/share/teleop_tools_msgs/cmake/ament_cmake_export_libraries-extras.cmake
[3.501s] -- Up-to-date: /home/can-02/Desktop/f1tenth_ws/install/teleop_tools_msgs/share/teleop_tools_msgs/cmake/ament_cmake_export_targets-extras.cmake
[3.501s] -- Up-to-date: /home/can-02/Desktop/f1tenth_ws/install/teleop_tools_msgs/share/teleop_tools_msgs/cmake/ament_cmake_export_include_directories-extras.cmake
[3.501s] -- Up-to-date: /home/can-02/Desktop/f1tenth_ws/install/teleop_tools_msgs/share/teleop_tools_msgs/cmake/rosidl_cmake_export_typesupport_libraries-extras.cmake
[3.502s] -- Up-to-date: /home/can-02/Desktop/f1tenth_ws/install/teleop_tools_msgs/share/teleop_tools_msgs/cmake/rosidl_cmake_export_typesupport_targets-extras.cmake
[3.502s] -- Up-to-date: /home/can-02/Desktop/f1tenth_ws/install/teleop_tools_msgs/share/teleop_tools_msgs/cmake/teleop_tools_msgsConfig.cmake
[3.503s] -- Up-to-date: /home/can-02/Desktop/f1tenth_ws/install/teleop_tools_msgs/share/teleop_tools_msgs/cmake/teleop_tools_msgsConfig-version.cmake
[3.503s] -- Up-to-date: /home/can-02/Desktop/f1tenth_ws/install/teleop_tools_msgs/share/teleop_tools_msgs/package.xml
[3.587s] Invoked command in '/home/can-02/Desktop/f1tenth_ws/build/teleop_tools_msgs' returned '0': CMAKE_PREFIX_PATH=${CMAKE_PREFIX_PATH}:/home/can-02/Desktop/f1tenth_ws/install/f1tenth_stack:/home/can-02/Desktop/f1tenth_ws/install/joy_teleop:/home/can-02/Desktop/f1tenth_ws/install/particle_filter:/home/can-02/Desktop/f1tenth_ws/install/mouse_teleop:/home/can-02/Desktop/f1tenth_ws/install/key_teleop:/home/can-02/Desktop/f1tenth_ws/install/f1tenth_gym_ros:/home/can-02/Desktop/f1tenth_ws/install/adp_controller:/opt/ros/galactic /usr/bin/cmake --install /home/can-02/Desktop/f1tenth_ws/build/teleop_tools_msgs
