[0.128s] Invoking command in '/home/can-02/Desktop/f1tenth_ws/build/vesc_msgs': CMAKE_PREFIX_PATH=${CMAKE_PREFIX_PATH}:/home/can-02/Desktop/f1tenth_ws/install/f1tenth_stack:/home/can-02/Desktop/f1tenth_ws/install/joy_teleop:/home/can-02/Desktop/f1tenth_ws/install/particle_filter:/home/can-02/Desktop/f1tenth_ws/install/mouse_teleop:/home/can-02/Desktop/f1tenth_ws/install/key_teleop:/home/can-02/Desktop/f1tenth_ws/install/f1tenth_gym_ros:/home/can-02/Desktop/f1tenth_ws/install/adp_controller:/opt/ros/galactic /usr/bin/cmake /home/can-02/Desktop/f1tenth_ws/src/f1tenth_system/vesc/vesc_msgs -DCMAKE_INSTALL_PREFIX=/home/can-02/Desktop/f1tenth_ws/install/vesc_msgs
[3.567s] -- The C compiler identification is GNU 9.4.0
[3.568s] -- The CXX compiler identification is GNU 9.4.0
[3.568s] -- Check for working C compiler: /usr/bin/cc
[3.568s] -- Check for working C compiler: /usr/bin/cc -- works
[3.569s] -- Detecting C compiler ABI info
[3.569s] -- Detecting C compiler ABI info - done
[3.571s] -- Detecting C compile features
[3.572s] -- Detecting C compile features - done
[3.572s] -- Check for working CXX compiler: /usr/bin/c++
[3.572s] -- Check for working CXX compiler: /usr/bin/c++ -- works
[3.572s] -- Detecting CXX compiler ABI info
[3.572s] -- Detecting CXX compiler ABI info - done
[3.572s] -- Detecting CXX compile features
[3.573s] -- Detecting CXX compile features - done
[3.573s] -- Found ament_cmake_auto: 1.1.6 (/opt/ros/galactic/share/ament_cmake_auto/cmake)
[3.578s] -- Found PythonInterp: /usr/bin/python3 (found suitable version "3.8.10", minimum required is "3") 
[3.579s] -- Using PYTHON_EXECUTABLE: /usr/bin/python3
[3.580s] -- Using all available rosidl_typesupport_c: rosidl_typesupport_fastrtps_c;rosidl_typesupport_introspection_c
[3.582s] -- Found rosidl_adapter: 2.2.3 (/opt/ros/galactic/share/rosidl_adapter/cmake)
[3.584s] -- Found OpenSSL: /usr/lib/aarch64-linux-gnu/libcrypto.so (found version "1.1.1f")  
[3.591s] -- Found FastRTPS: /opt/ros/galactic/include  
[3.591s] -- Using all available rosidl_typesupport_cpp: rosidl_typesupport_fastrtps_cpp;rosidl_typesupport_introspection_cpp
[3.591s] -- Found PythonInterp: /usr/bin/python3 (found version "3.8.10") 
[3.592s] -- Found ament_cmake_ros: 0.9.2 (/opt/ros/galactic/share/ament_cmake_ros/cmake)
[3.655s] -- Using all available rosidl_typesupport_c: rosidl_typesupport_fastrtps_c;rosidl_typesupport_introspection_c
[3.905s] -- Using all available rosidl_typesupport_cpp: rosidl_typesupport_fastrtps_cpp;rosidl_typesupport_introspection_cpp
[4.037s] -- Found PythonInterp: /usr/bin/python3 (found suitable version "3.8.10", minimum required is "3.5") 
[4.042s] -- Found python_cmake_module: 0.8.1 (/opt/ros/galactic/share/python_cmake_module/cmake)
[4.180s] -- Found PythonLibs: /usr/lib/aarch64-linux-gnu/libpython3.8.so (found suitable version "3.8.10", minimum required is "3.5") 
[4.181s] -- Using PYTHON_EXECUTABLE: /usr/bin/python3
[4.181s] -- Using PYTHON_INCLUDE_DIRS: /usr/include/python3.8
[4.181s] -- Using PYTHON_LIBRARIES: /usr/lib/aarch64-linux-gnu/libpython3.8.so
[4.315s] -- Found PythonExtra: .so  
[5.739s] -- Found ament_lint_auto: 0.10.7 (/opt/ros/galactic/share/ament_lint_auto/cmake)
[5.882s] -- Added test 'copyright' to check source files copyright and LICENSE
[5.901s] -- Added test 'lint_cmake' to check CMake code style
[5.907s] -- Added test 'xmllint' to check XML markup files
[5.935s] -- Configuring done
[6.161s] -- Generating done
[6.237s] -- Build files have been written to: /home/can-02/Desktop/f1tenth_ws/build/vesc_msgs
[6.372s] Invoked command in '/home/can-02/Desktop/f1tenth_ws/build/vesc_msgs' returned '0': CMAKE_PREFIX_PATH=${CMAKE_PREFIX_PATH}:/home/can-02/Desktop/f1tenth_ws/install/f1tenth_stack:/home/can-02/Desktop/f1tenth_ws/install/joy_teleop:/home/can-02/Desktop/f1tenth_ws/install/particle_filter:/home/can-02/Desktop/f1tenth_ws/install/mouse_teleop:/home/can-02/Desktop/f1tenth_ws/install/key_teleop:/home/can-02/Desktop/f1tenth_ws/install/f1tenth_gym_ros:/home/can-02/Desktop/f1tenth_ws/install/adp_controller:/opt/ros/galactic /usr/bin/cmake /home/can-02/Desktop/f1tenth_ws/src/f1tenth_system/vesc/vesc_msgs -DCMAKE_INSTALL_PREFIX=/home/can-02/Desktop/f1tenth_ws/install/vesc_msgs
[6.374s] Invoking command in '/home/can-02/Desktop/f1tenth_ws/build/vesc_msgs': CMAKE_PREFIX_PATH=${CMAKE_PREFIX_PATH}:/home/can-02/Desktop/f1tenth_ws/install/f1tenth_stack:/home/can-02/Desktop/f1tenth_ws/install/joy_teleop:/home/can-02/Desktop/f1tenth_ws/install/particle_filter:/home/can-02/Desktop/f1tenth_ws/install/mouse_teleop:/home/can-02/Desktop/f1tenth_ws/install/key_teleop:/home/can-02/Desktop/f1tenth_ws/install/f1tenth_gym_ros:/home/can-02/Desktop/f1tenth_ws/install/adp_controller:/opt/ros/galactic /usr/bin/cmake --build /home/can-02/Desktop/f1tenth_ws/build/vesc_msgs -- -j6 -l6
[6.709s] [35m[1mScanning dependencies of target vesc_msgs__cpp[0m
[6.714s] [  1%] [34m[1mGenerating C code for ROS interfaces[0m
[6.808s] [  3%] [34m[1mGenerating C++ code for ROS interfaces[0m
[10.059s] [35m[1mScanning dependencies of target vesc_msgs__rosidl_generator_c[0m
[10.160s] [  5%] [32mBuilding C object CMakeFiles/vesc_msgs__rosidl_generator_c.dir/rosidl_generator_c/vesc_msgs/msg/detail/vesc_state__functions.c.o[0m
[10.199s] [  7%] Built target vesc_msgs__cpp
[10.202s] [  7%] [32mBuilding C object CMakeFiles/vesc_msgs__rosidl_generator_c.dir/rosidl_generator_c/vesc_msgs/msg/detail/vesc_state_stamped__functions.c.o[0m
[10.216s] [  9%] [32mBuilding C object CMakeFiles/vesc_msgs__rosidl_generator_c.dir/rosidl_generator_c/vesc_msgs/msg/detail/vesc_imu__functions.c.o[0m
[10.236s] [ 10%] [32mBuilding C object CMakeFiles/vesc_msgs__rosidl_generator_c.dir/rosidl_generator_c/vesc_msgs/msg/detail/vesc_imu_stamped__functions.c.o[0m
[10.287s] [ 12%] [34m[1mGenerating C++ type support dispatch for ROS interfaces[0m
[10.328s] [ 14%] [34m[1mGenerating C++ type support for eProsima Fast-RTPS[0m
[10.504s] [ 16%] [34m[1mGenerating C++ introspection for ROS interfaces[0m
[10.570s] [ 18%] [32m[1mLinking C shared library libvesc_msgs__rosidl_generator_c.so[0m
[10.853s] [ 18%] Built target vesc_msgs__rosidl_generator_c
[10.946s] [ 20%] [34m[1mGenerating C type support dispatch for ROS interfaces[0m
[10.948s] [ 21%] [34m[1mGenerating C introspection for ROS interfaces[0m
[12.736s] [35m[1mScanning dependencies of target vesc_msgs__rosidl_typesupport_cpp[0m
[12.838s] [ 23%] [32mBuilding CXX object CMakeFiles/vesc_msgs__rosidl_typesupport_cpp.dir/rosidl_typesupport_cpp/vesc_msgs/msg/vesc_state_stamped__type_support.cpp.o[0m
[12.847s] [ 25%] [32mBuilding CXX object CMakeFiles/vesc_msgs__rosidl_typesupport_cpp.dir/rosidl_typesupport_cpp/vesc_msgs/msg/vesc_state__type_support.cpp.o[0m
[13.441s] [35m[1mScanning dependencies of target vesc_msgs__rosidl_typesupport_fastrtps_cpp[0m
[13.529s] [35m[1mScanning dependencies of target vesc_msgs__rosidl_typesupport_introspection_cpp[0m
[13.546s] [ 27%] [32mBuilding CXX object CMakeFiles/vesc_msgs__rosidl_typesupport_fastrtps_cpp.dir/rosidl_typesupport_fastrtps_cpp/vesc_msgs/msg/detail/dds_fastrtps/vesc_state__type_support.cpp.o[0m
[13.613s] [ 29%] [32mBuilding CXX object CMakeFiles/vesc_msgs__rosidl_typesupport_introspection_cpp.dir/rosidl_typesupport_introspection_cpp/vesc_msgs/msg/detail/vesc_state__type_support.cpp.o[0m
[13.834s] [35m[1mScanning dependencies of target vesc_msgs__rosidl_typesupport_c[0m
[13.980s] [ 30%] [32mBuilding CXX object CMakeFiles/vesc_msgs__rosidl_typesupport_c.dir/rosidl_typesupport_c/vesc_msgs/msg/vesc_state__type_support.cpp.o[0m
[14.057s] [ 32%] [32mBuilding CXX object CMakeFiles/vesc_msgs__rosidl_typesupport_cpp.dir/rosidl_typesupport_cpp/vesc_msgs/msg/vesc_imu__type_support.cpp.o[0m
[14.192s] [ 34%] [32mBuilding CXX object CMakeFiles/vesc_msgs__rosidl_typesupport_c.dir/rosidl_typesupport_c/vesc_msgs/msg/vesc_state_stamped__type_support.cpp.o[0m
[14.356s] [35m[1mScanning dependencies of target vesc_msgs__rosidl_typesupport_introspection_c[0m
[14.417s] [ 36%] [32mBuilding CXX object CMakeFiles/vesc_msgs__rosidl_typesupport_c.dir/rosidl_typesupport_c/vesc_msgs/msg/vesc_imu__type_support.cpp.o[0m
[14.483s] [ 38%] [32mBuilding C object CMakeFiles/vesc_msgs__rosidl_typesupport_introspection_c.dir/rosidl_typesupport_introspection_c/vesc_msgs/msg/detail/vesc_state__type_support.c.o[0m
[14.643s] [ 40%] [32mBuilding CXX object CMakeFiles/vesc_msgs__rosidl_typesupport_c.dir/rosidl_typesupport_c/vesc_msgs/msg/vesc_imu_stamped__type_support.cpp.o[0m
[14.670s] [ 41%] [32mBuilding CXX object CMakeFiles/vesc_msgs__rosidl_typesupport_cpp.dir/rosidl_typesupport_cpp/vesc_msgs/msg/vesc_imu_stamped__type_support.cpp.o[0m
[14.705s] [ 43%] [32mBuilding C object CMakeFiles/vesc_msgs__rosidl_typesupport_introspection_c.dir/rosidl_typesupport_introspection_c/vesc_msgs/msg/detail/vesc_state_stamped__type_support.c.o[0m
[14.871s] [ 45%] [32m[1mLinking CXX shared library libvesc_msgs__rosidl_typesupport_c.so[0m
[14.953s] [ 47%] [32mBuilding C object CMakeFiles/vesc_msgs__rosidl_typesupport_introspection_c.dir/rosidl_typesupport_introspection_c/vesc_msgs/msg/detail/vesc_imu__type_support.c.o[0m
[15.157s] [ 49%] [32mBuilding C object CMakeFiles/vesc_msgs__rosidl_typesupport_introspection_c.dir/rosidl_typesupport_introspection_c/vesc_msgs/msg/detail/vesc_imu_stamped__type_support.c.o[0m
[15.182s] [ 49%] Built target vesc_msgs__rosidl_typesupport_c
[15.249s] [ 50%] [32mBuilding CXX object CMakeFiles/vesc_msgs__rosidl_typesupport_introspection_cpp.dir/rosidl_typesupport_introspection_cpp/vesc_msgs/msg/detail/vesc_state_stamped__type_support.cpp.o[0m
[15.414s] [ 52%] [32m[1mLinking C shared library libvesc_msgs__rosidl_typesupport_introspection_c.so[0m
[15.415s] [ 54%] [32mBuilding CXX object CMakeFiles/vesc_msgs__rosidl_typesupport_introspection_cpp.dir/rosidl_typesupport_introspection_cpp/vesc_msgs/msg/detail/vesc_imu__type_support.cpp.o[0m
[15.642s] [ 54%] Built target vesc_msgs__rosidl_typesupport_introspection_c
[15.673s] [ 56%] [32mBuilding CXX object CMakeFiles/vesc_msgs__rosidl_typesupport_fastrtps_cpp.dir/rosidl_typesupport_fastrtps_cpp/vesc_msgs/msg/detail/dds_fastrtps/vesc_state_stamped__type_support.cpp.o[0m
[15.698s] [ 58%] [32mBuilding CXX object CMakeFiles/vesc_msgs__rosidl_typesupport_fastrtps_cpp.dir/rosidl_typesupport_fastrtps_cpp/vesc_msgs/msg/detail/dds_fastrtps/vesc_imu__type_support.cpp.o[0m
[16.273s] [ 60%] [32mBuilding CXX object CMakeFiles/vesc_msgs__rosidl_typesupport_fastrtps_cpp.dir/rosidl_typesupport_fastrtps_cpp/vesc_msgs/msg/detail/dds_fastrtps/vesc_imu_stamped__type_support.cpp.o[0m
[16.550s] [ 61%] [32m[1mLinking CXX shared library libvesc_msgs__rosidl_typesupport_cpp.so[0m
[16.830s] [ 61%] Built target vesc_msgs__rosidl_typesupport_cpp
[16.910s] [ 63%] [32mBuilding CXX object CMakeFiles/vesc_msgs__rosidl_typesupport_introspection_cpp.dir/rosidl_typesupport_introspection_cpp/vesc_msgs/msg/detail/vesc_imu_stamped__type_support.cpp.o[0m
[18.247s] [ 65%] [32m[1mLinking CXX shared library libvesc_msgs__rosidl_typesupport_introspection_cpp.so[0m
[18.422s] [ 67%] [32m[1mLinking CXX shared library libvesc_msgs__rosidl_typesupport_fastrtps_cpp.so[0m
[18.614s] [ 67%] Built target vesc_msgs__rosidl_typesupport_introspection_cpp
[18.869s] [ 67%] Built target vesc_msgs__rosidl_typesupport_fastrtps_cpp
[18.899s] [ 69%] [34m[1mGenerating C type support for eProsima Fast-RTPS[0m
[20.228s] [35m[1mScanning dependencies of target vesc_msgs__rosidl_typesupport_fastrtps_c[0m
[20.283s] [ 70%] [32mBuilding CXX object CMakeFiles/vesc_msgs__rosidl_typesupport_fastrtps_c.dir/rosidl_typesupport_fastrtps_c/vesc_msgs/msg/detail/vesc_state__type_support_c.cpp.o[0m
[20.300s] [ 72%] [32mBuilding CXX object CMakeFiles/vesc_msgs__rosidl_typesupport_fastrtps_c.dir/rosidl_typesupport_fastrtps_c/vesc_msgs/msg/detail/vesc_state_stamped__type_support_c.cpp.o[0m
[20.320s] [ 74%] [32mBuilding CXX object CMakeFiles/vesc_msgs__rosidl_typesupport_fastrtps_c.dir/rosidl_typesupport_fastrtps_c/vesc_msgs/msg/detail/vesc_imu__type_support_c.cpp.o[0m
[20.327s] [ 76%] [32mBuilding CXX object CMakeFiles/vesc_msgs__rosidl_typesupport_fastrtps_c.dir/rosidl_typesupport_fastrtps_c/vesc_msgs/msg/detail/vesc_imu_stamped__type_support_c.cpp.o[0m
[21.488s] [ 78%] [32m[1mLinking CXX shared library libvesc_msgs__rosidl_typesupport_fastrtps_c.so[0m
[21.699s] [ 78%] Built target vesc_msgs__rosidl_typesupport_fastrtps_c
[21.729s] [35m[1mScanning dependencies of target vesc_msgs[0m
[21.766s] [ 78%] Built target vesc_msgs
[21.800s] [35m[1mScanning dependencies of target vesc_msgs__py[0m
[21.832s] [ 80%] [34m[1mGenerating Python code for ROS interfaces[0m
[24.187s] [ 80%] Built target vesc_msgs__py
[24.214s] [35m[1mScanning dependencies of target vesc_msgs__python[0m
[24.273s] [ 81%] [32mBuilding C object CMakeFiles/vesc_msgs__python.dir/rosidl_generator_py/vesc_msgs/msg/_vesc_state_stamped_s.c.o[0m
[24.279s] [ 83%] [32mBuilding C object CMakeFiles/vesc_msgs__python.dir/rosidl_generator_py/vesc_msgs/msg/_vesc_state_s.c.o[0m
[24.291s] [ 85%] [32mBuilding C object CMakeFiles/vesc_msgs__python.dir/rosidl_generator_py/vesc_msgs/msg/_vesc_imu_s.c.o[0m
[24.295s] [ 87%] [32mBuilding C object CMakeFiles/vesc_msgs__python.dir/rosidl_generator_py/vesc_msgs/msg/_vesc_imu_stamped_s.c.o[0m
[24.615s] [ 89%] [32m[1mLinking C shared library rosidl_generator_py/vesc_msgs/libvesc_msgs__python.so[0m
[24.717s] [ 89%] Built target vesc_msgs__python
[24.743s] [35m[1mScanning dependencies of target vesc_msgs__rosidl_typesupport_introspection_c__pyext[0m
[24.751s] [35m[1mScanning dependencies of target vesc_msgs__rosidl_typesupport_c__pyext[0m
[24.761s] [35m[1mScanning dependencies of target vesc_msgs__rosidl_typesupport_fastrtps_c__pyext[0m
[24.814s] [ 90%] [32mBuilding C object CMakeFiles/vesc_msgs__rosidl_typesupport_introspection_c__pyext.dir/rosidl_generator_py/vesc_msgs/_vesc_msgs_s.ep.rosidl_typesupport_introspection_c.c.o[0m
[24.825s] [ 92%] [32mBuilding C object CMakeFiles/vesc_msgs__rosidl_typesupport_c__pyext.dir/rosidl_generator_py/vesc_msgs/_vesc_msgs_s.ep.rosidl_typesupport_c.c.o[0m
[24.832s] [ 94%] [32mBuilding C object CMakeFiles/vesc_msgs__rosidl_typesupport_fastrtps_c__pyext.dir/rosidl_generator_py/vesc_msgs/_vesc_msgs_s.ep.rosidl_typesupport_fastrtps_c.c.o[0m
[25.057s] [ 96%] [32m[1mLinking C shared library rosidl_generator_py/vesc_msgs/vesc_msgs_s__rosidl_typesupport_c.cpython-38-aarch64-linux-gnu.so[0m
[25.079s] [ 98%] [32m[1mLinking C shared library rosidl_generator_py/vesc_msgs/vesc_msgs_s__rosidl_typesupport_introspection_c.cpython-38-aarch64-linux-gnu.so[0m
[25.105s] [100%] [32m[1mLinking CXX shared library rosidl_generator_py/vesc_msgs/vesc_msgs_s__rosidl_typesupport_fastrtps_c.cpython-38-aarch64-linux-gnu.so[0m
[25.193s] [100%] Built target vesc_msgs__rosidl_typesupport_c__pyext
[25.225s] [100%] Built target vesc_msgs__rosidl_typesupport_introspection_c__pyext
[25.304s] [100%] Built target vesc_msgs__rosidl_typesupport_fastrtps_c__pyext
[25.348s] Invoked command in '/home/can-02/Desktop/f1tenth_ws/build/vesc_msgs' returned '0': CMAKE_PREFIX_PATH=${CMAKE_PREFIX_PATH}:/home/can-02/Desktop/f1tenth_ws/install/f1tenth_stack:/home/can-02/Desktop/f1tenth_ws/install/joy_teleop:/home/can-02/Desktop/f1tenth_ws/install/particle_filter:/home/can-02/Desktop/f1tenth_ws/install/mouse_teleop:/home/can-02/Desktop/f1tenth_ws/install/key_teleop:/home/can-02/Desktop/f1tenth_ws/install/f1tenth_gym_ros:/home/can-02/Desktop/f1tenth_ws/install/adp_controller:/opt/ros/galactic /usr/bin/cmake --build /home/can-02/Desktop/f1tenth_ws/build/vesc_msgs -- -j6 -l6
[25.351s] Invoking command in '/home/can-02/Desktop/f1tenth_ws/build/vesc_msgs': CMAKE_PREFIX_PATH=${CMAKE_PREFIX_PATH}:/home/can-02/Desktop/f1tenth_ws/install/f1tenth_stack:/home/can-02/Desktop/f1tenth_ws/install/joy_teleop:/home/can-02/Desktop/f1tenth_ws/install/particle_filter:/home/can-02/Desktop/f1tenth_ws/install/mouse_teleop:/home/can-02/Desktop/f1tenth_ws/install/key_teleop:/home/can-02/Desktop/f1tenth_ws/install/f1tenth_gym_ros:/home/can-02/Desktop/f1tenth_ws/install/adp_controller:/opt/ros/galactic /usr/bin/cmake --install /home/can-02/Desktop/f1tenth_ws/build/vesc_msgs
[25.372s] -- Install configuration: ""
[25.373s] -- Installing: /home/can-02/Desktop/f1tenth_ws/install/vesc_msgs/share/ament_index/resource_index/rosidl_interfaces/vesc_msgs
[25.373s] -- Installing: /home/can-02/Desktop/f1tenth_ws/install/vesc_msgs/include/vesc_msgs
[25.373s] -- Installing: /home/can-02/Desktop/f1tenth_ws/install/vesc_msgs/include/vesc_msgs/msg
[25.374s] -- Installing: /home/can-02/Desktop/f1tenth_ws/install/vesc_msgs/include/vesc_msgs/msg/vesc_state.h
[25.375s] -- Installing: /home/can-02/Desktop/f1tenth_ws/install/vesc_msgs/include/vesc_msgs/msg/vesc_imu.h
[25.375s] -- Installing: /home/can-02/Desktop/f1tenth_ws/install/vesc_msgs/include/vesc_msgs/msg/vesc_state_stamped.h
[25.375s] -- Installing: /home/can-02/Desktop/f1tenth_ws/install/vesc_msgs/include/vesc_msgs/msg/detail
[25.375s] -- Installing: /home/can-02/Desktop/f1tenth_ws/install/vesc_msgs/include/vesc_msgs/msg/detail/vesc_imu__functions.h
[25.375s] -- Installing: /home/can-02/Desktop/f1tenth_ws/install/vesc_msgs/include/vesc_msgs/msg/detail/vesc_imu_stamped__struct.h
[25.375s] -- Installing: /home/can-02/Desktop/f1tenth_ws/install/vesc_msgs/include/vesc_msgs/msg/detail/vesc_imu_stamped__functions.c
[25.376s] -- Installing: /home/can-02/Desktop/f1tenth_ws/install/vesc_msgs/include/vesc_msgs/msg/detail/vesc_state_stamped__type_support.h
[25.376s] -- Installing: /home/can-02/Desktop/f1tenth_ws/install/vesc_msgs/include/vesc_msgs/msg/detail/vesc_imu_stamped__type_support.h
[25.376s] -- Installing: /home/can-02/Desktop/f1tenth_ws/install/vesc_msgs/include/vesc_msgs/msg/detail/vesc_state__functions.h
[25.376s] -- Installing: /home/can-02/Desktop/f1tenth_ws/install/vesc_msgs/include/vesc_msgs/msg/detail/vesc_state_stamped__struct.h
[25.376s] -- Installing: /home/can-02/Desktop/f1tenth_ws/install/vesc_msgs/include/vesc_msgs/msg/detail/vesc_imu__functions.c
[25.377s] -- Installing: /home/can-02/Desktop/f1tenth_ws/install/vesc_msgs/include/vesc_msgs/msg/detail/vesc_imu__struct.h
[25.377s] -- Installing: /home/can-02/Desktop/f1tenth_ws/install/vesc_msgs/include/vesc_msgs/msg/detail/vesc_state__functions.c
[25.377s] -- Installing: /home/can-02/Desktop/f1tenth_ws/install/vesc_msgs/include/vesc_msgs/msg/detail/vesc_state_stamped__functions.c
[25.377s] -- Installing: /home/can-02/Desktop/f1tenth_ws/install/vesc_msgs/include/vesc_msgs/msg/detail/vesc_imu_stamped__functions.h
[25.377s] -- Installing: /home/can-02/Desktop/f1tenth_ws/install/vesc_msgs/include/vesc_msgs/msg/detail/vesc_imu__type_support.h
[25.378s] -- Installing: /home/can-02/Desktop/f1tenth_ws/install/vesc_msgs/include/vesc_msgs/msg/detail/vesc_state__struct.h
[25.378s] -- Installing: /home/can-02/Desktop/f1tenth_ws/install/vesc_msgs/include/vesc_msgs/msg/detail/vesc_state__type_support.h
[25.379s] -- Installing: /home/can-02/Desktop/f1tenth_ws/install/vesc_msgs/include/vesc_msgs/msg/detail/vesc_state_stamped__functions.h
[25.379s] -- Installing: /home/can-02/Desktop/f1tenth_ws/install/vesc_msgs/include/vesc_msgs/msg/vesc_imu_stamped.h
[25.379s] -- Installing: /home/can-02/Desktop/f1tenth_ws/install/vesc_msgs/include/vesc_msgs/msg/rosidl_generator_c__visibility_control.h
[25.380s] -- Installing: /home/can-02/Desktop/f1tenth_ws/install/vesc_msgs/share/vesc_msgs/environment/library_path.sh
[25.380s] -- Installing: /home/can-02/Desktop/f1tenth_ws/install/vesc_msgs/share/vesc_msgs/environment/library_path.dsv
[25.383s] -- Installing: /home/can-02/Desktop/f1tenth_ws/install/vesc_msgs/lib/libvesc_msgs__rosidl_generator_c.so
[25.384s] -- Set runtime path of "/home/can-02/Desktop/f1tenth_ws/install/vesc_msgs/lib/libvesc_msgs__rosidl_generator_c.so" to ""
[25.384s] -- Up-to-date: /home/can-02/Desktop/f1tenth_ws/install/vesc_msgs/include/vesc_msgs
[25.384s] -- Up-to-date: /home/can-02/Desktop/f1tenth_ws/install/vesc_msgs/include/vesc_msgs/msg
[25.385s] -- Up-to-date: /home/can-02/Desktop/f1tenth_ws/install/vesc_msgs/include/vesc_msgs/msg/detail
[25.385s] -- Installing: /home/can-02/Desktop/f1tenth_ws/install/vesc_msgs/include/vesc_msgs/msg/detail/vesc_state_stamped__rosidl_typesupport_fastrtps_c.h
[25.385s] -- Installing: /home/can-02/Desktop/f1tenth_ws/install/vesc_msgs/include/vesc_msgs/msg/detail/vesc_state__rosidl_typesupport_fastrtps_c.h
[25.385s] -- Installing: /home/can-02/Desktop/f1tenth_ws/install/vesc_msgs/include/vesc_msgs/msg/detail/vesc_imu__rosidl_typesupport_fastrtps_c.h
[25.385s] -- Installing: /home/can-02/Desktop/f1tenth_ws/install/vesc_msgs/include/vesc_msgs/msg/detail/vesc_imu_stamped__rosidl_typesupport_fastrtps_c.h
[25.386s] -- Installing: /home/can-02/Desktop/f1tenth_ws/install/vesc_msgs/include/vesc_msgs/msg/rosidl_typesupport_fastrtps_c__visibility_control.h
[25.386s] -- Installing: /home/can-02/Desktop/f1tenth_ws/install/vesc_msgs/lib/libvesc_msgs__rosidl_typesupport_fastrtps_c.so
[25.387s] -- Set runtime path of "/home/can-02/Desktop/f1tenth_ws/install/vesc_msgs/lib/libvesc_msgs__rosidl_typesupport_fastrtps_c.so" to ""
[25.387s] -- Up-to-date: /home/can-02/Desktop/f1tenth_ws/install/vesc_msgs/include/vesc_msgs
[25.388s] -- Up-to-date: /home/can-02/Desktop/f1tenth_ws/install/vesc_msgs/include/vesc_msgs/msg
[25.388s] -- Installing: /home/can-02/Desktop/f1tenth_ws/install/vesc_msgs/include/vesc_msgs/msg/rosidl_typesupport_fastrtps_cpp__visibility_control.h
[25.388s] -- Up-to-date: /home/can-02/Desktop/f1tenth_ws/install/vesc_msgs/include/vesc_msgs/msg/detail
[25.388s] -- Installing: /home/can-02/Desktop/f1tenth_ws/install/vesc_msgs/include/vesc_msgs/msg/detail/vesc_imu_stamped__rosidl_typesupport_fastrtps_cpp.hpp
[25.388s] -- Installing: /home/can-02/Desktop/f1tenth_ws/install/vesc_msgs/include/vesc_msgs/msg/detail/vesc_imu__rosidl_typesupport_fastrtps_cpp.hpp
[25.389s] -- Installing: /home/can-02/Desktop/f1tenth_ws/install/vesc_msgs/include/vesc_msgs/msg/detail/vesc_state__rosidl_typesupport_fastrtps_cpp.hpp
[25.389s] -- Installing: /home/can-02/Desktop/f1tenth_ws/install/vesc_msgs/include/vesc_msgs/msg/detail/dds_fastrtps
[25.389s] -- Installing: /home/can-02/Desktop/f1tenth_ws/install/vesc_msgs/include/vesc_msgs/msg/detail/vesc_state_stamped__rosidl_typesupport_fastrtps_cpp.hpp
[25.389s] -- Installing: /home/can-02/Desktop/f1tenth_ws/install/vesc_msgs/lib/libvesc_msgs__rosidl_typesupport_fastrtps_cpp.so
[25.391s] -- Set runtime path of "/home/can-02/Desktop/f1tenth_ws/install/vesc_msgs/lib/libvesc_msgs__rosidl_typesupport_fastrtps_cpp.so" to ""
[25.391s] -- Up-to-date: /home/can-02/Desktop/f1tenth_ws/install/vesc_msgs/include/vesc_msgs
[25.391s] -- Up-to-date: /home/can-02/Desktop/f1tenth_ws/install/vesc_msgs/include/vesc_msgs/msg
[25.391s] -- Installing: /home/can-02/Desktop/f1tenth_ws/install/vesc_msgs/include/vesc_msgs/msg/rosidl_typesupport_introspection_c__visibility_control.h
[25.391s] -- Up-to-date: /home/can-02/Desktop/f1tenth_ws/install/vesc_msgs/include/vesc_msgs/msg/detail
[25.392s] -- Installing: /home/can-02/Desktop/f1tenth_ws/install/vesc_msgs/include/vesc_msgs/msg/detail/vesc_state_stamped__type_support.c
[25.392s] -- Installing: /home/can-02/Desktop/f1tenth_ws/install/vesc_msgs/include/vesc_msgs/msg/detail/vesc_imu__type_support.c
[25.392s] -- Installing: /home/can-02/Desktop/f1tenth_ws/install/vesc_msgs/include/vesc_msgs/msg/detail/vesc_state_stamped__rosidl_typesupport_introspection_c.h
[25.392s] -- Installing: /home/can-02/Desktop/f1tenth_ws/install/vesc_msgs/include/vesc_msgs/msg/detail/vesc_state__rosidl_typesupport_introspection_c.h
[25.392s] -- Installing: /home/can-02/Desktop/f1tenth_ws/install/vesc_msgs/include/vesc_msgs/msg/detail/vesc_state__type_support.c
[25.392s] -- Installing: /home/can-02/Desktop/f1tenth_ws/install/vesc_msgs/include/vesc_msgs/msg/detail/vesc_imu_stamped__rosidl_typesupport_introspection_c.h
[25.393s] -- Installing: /home/can-02/Desktop/f1tenth_ws/install/vesc_msgs/include/vesc_msgs/msg/detail/vesc_imu_stamped__type_support.c
[25.395s] -- Installing: /home/can-02/Desktop/f1tenth_ws/install/vesc_msgs/include/vesc_msgs/msg/detail/vesc_imu__rosidl_typesupport_introspection_c.h
[25.395s] -- Installing: /home/can-02/Desktop/f1tenth_ws/install/vesc_msgs/lib/libvesc_msgs__rosidl_typesupport_introspection_c.so
[25.396s] -- Set runtime path of "/home/can-02/Desktop/f1tenth_ws/install/vesc_msgs/lib/libvesc_msgs__rosidl_typesupport_introspection_c.so" to ""
[25.396s] -- Installing: /home/can-02/Desktop/f1tenth_ws/install/vesc_msgs/lib/libvesc_msgs__rosidl_typesupport_c.so
[25.396s] -- Set runtime path of "/home/can-02/Desktop/f1tenth_ws/install/vesc_msgs/lib/libvesc_msgs__rosidl_typesupport_c.so" to ""
[25.396s] -- Up-to-date: /home/can-02/Desktop/f1tenth_ws/install/vesc_msgs/include/vesc_msgs
[25.396s] -- Up-to-date: /home/can-02/Desktop/f1tenth_ws/install/vesc_msgs/include/vesc_msgs/msg
[25.396s] -- Installing: /home/can-02/Desktop/f1tenth_ws/install/vesc_msgs/include/vesc_msgs/msg/vesc_state_stamped.hpp
[25.397s] -- Installing: /home/can-02/Desktop/f1tenth_ws/install/vesc_msgs/include/vesc_msgs/msg/vesc_imu_stamped.hpp
[25.397s] -- Installing: /home/can-02/Desktop/f1tenth_ws/install/vesc_msgs/include/vesc_msgs/msg/vesc_imu.hpp
[25.397s] -- Installing: /home/can-02/Desktop/f1tenth_ws/install/vesc_msgs/include/vesc_msgs/msg/vesc_state.hpp
[25.397s] -- Up-to-date: /home/can-02/Desktop/f1tenth_ws/install/vesc_msgs/include/vesc_msgs/msg/detail
[25.397s] -- Installing: /home/can-02/Desktop/f1tenth_ws/install/vesc_msgs/include/vesc_msgs/msg/detail/vesc_imu__builder.hpp
[25.398s] -- Installing: /home/can-02/Desktop/f1tenth_ws/install/vesc_msgs/include/vesc_msgs/msg/detail/vesc_state__builder.hpp
[25.398s] -- Installing: /home/can-02/Desktop/f1tenth_ws/install/vesc_msgs/include/vesc_msgs/msg/detail/vesc_imu_stamped__struct.hpp
[25.398s] -- Installing: /home/can-02/Desktop/f1tenth_ws/install/vesc_msgs/include/vesc_msgs/msg/detail/vesc_state_stamped__builder.hpp
[25.398s] -- Installing: /home/can-02/Desktop/f1tenth_ws/install/vesc_msgs/include/vesc_msgs/msg/detail/vesc_imu_stamped__builder.hpp
[25.398s] -- Installing: /home/can-02/Desktop/f1tenth_ws/install/vesc_msgs/include/vesc_msgs/msg/detail/vesc_state__struct.hpp
[25.399s] -- Installing: /home/can-02/Desktop/f1tenth_ws/install/vesc_msgs/include/vesc_msgs/msg/detail/vesc_state_stamped__traits.hpp
[25.399s] -- Installing: /home/can-02/Desktop/f1tenth_ws/install/vesc_msgs/include/vesc_msgs/msg/detail/vesc_imu_stamped__traits.hpp
[25.399s] -- Installing: /home/can-02/Desktop/f1tenth_ws/install/vesc_msgs/include/vesc_msgs/msg/detail/vesc_imu__struct.hpp
[25.399s] -- Installing: /home/can-02/Desktop/f1tenth_ws/install/vesc_msgs/include/vesc_msgs/msg/detail/vesc_state__traits.hpp
[25.400s] -- Installing: /home/can-02/Desktop/f1tenth_ws/install/vesc_msgs/include/vesc_msgs/msg/detail/vesc_imu__traits.hpp
[25.400s] -- Installing: /home/can-02/Desktop/f1tenth_ws/install/vesc_msgs/include/vesc_msgs/msg/detail/vesc_state_stamped__struct.hpp
[25.400s] -- Up-to-date: /home/can-02/Desktop/f1tenth_ws/install/vesc_msgs/include/vesc_msgs
[25.400s] -- Up-to-date: /home/can-02/Desktop/f1tenth_ws/install/vesc_msgs/include/vesc_msgs/msg
[25.400s] -- Up-to-date: /home/can-02/Desktop/f1tenth_ws/install/vesc_msgs/include/vesc_msgs/msg/detail
[25.401s] -- Installing: /home/can-02/Desktop/f1tenth_ws/install/vesc_msgs/include/vesc_msgs/msg/detail/vesc_state__type_support.cpp
[25.401s] -- Installing: /home/can-02/Desktop/f1tenth_ws/install/vesc_msgs/include/vesc_msgs/msg/detail/vesc_imu__type_support.cpp
[25.401s] -- Installing: /home/can-02/Desktop/f1tenth_ws/install/vesc_msgs/include/vesc_msgs/msg/detail/vesc_imu_stamped__type_support.cpp
[25.401s] -- Installing: /home/can-02/Desktop/f1tenth_ws/install/vesc_msgs/include/vesc_msgs/msg/detail/vesc_state_stamped__rosidl_typesupport_introspection_cpp.hpp
[25.402s] -- Installing: /home/can-02/Desktop/f1tenth_ws/install/vesc_msgs/include/vesc_msgs/msg/detail/vesc_imu_stamped__rosidl_typesupport_introspection_cpp.hpp
[25.402s] -- Installing: /home/can-02/Desktop/f1tenth_ws/install/vesc_msgs/include/vesc_msgs/msg/detail/vesc_imu__rosidl_typesupport_introspection_cpp.hpp
[25.402s] -- Installing: /home/can-02/Desktop/f1tenth_ws/install/vesc_msgs/include/vesc_msgs/msg/detail/vesc_state_stamped__type_support.cpp
[25.402s] -- Installing: /home/can-02/Desktop/f1tenth_ws/install/vesc_msgs/include/vesc_msgs/msg/detail/vesc_state__rosidl_typesupport_introspection_cpp.hpp
[25.402s] -- Installing: /home/can-02/Desktop/f1tenth_ws/install/vesc_msgs/lib/libvesc_msgs__rosidl_typesupport_introspection_cpp.so
[25.403s] -- Set runtime path of "/home/can-02/Desktop/f1tenth_ws/install/vesc_msgs/lib/libvesc_msgs__rosidl_typesupport_introspection_cpp.so" to ""
[25.403s] -- Installing: /home/can-02/Desktop/f1tenth_ws/install/vesc_msgs/lib/libvesc_msgs__rosidl_typesupport_cpp.so
[25.404s] -- Set runtime path of "/home/can-02/Desktop/f1tenth_ws/install/vesc_msgs/lib/libvesc_msgs__rosidl_typesupport_cpp.so" to ""
[25.405s] -- Installing: /home/can-02/Desktop/f1tenth_ws/install/vesc_msgs/share/vesc_msgs/environment/pythonpath.sh
[25.406s] -- Installing: /home/can-02/Desktop/f1tenth_ws/install/vesc_msgs/share/vesc_msgs/environment/pythonpath.dsv
[25.406s] -- Installing: /home/can-02/Desktop/f1tenth_ws/install/vesc_msgs/lib/python3.8/site-packages/vesc_msgs/__init__.py
[25.489s] Compiling '/home/can-02/Desktop/f1tenth_ws/install/vesc_msgs/lib/python3.8/site-packages/vesc_msgs/__init__.py'...
[25.502s] -- Installing: /home/can-02/Desktop/f1tenth_ws/install/vesc_msgs/lib/python3.8/site-packages/vesc_msgs/msg
[25.502s] -- Installing: /home/can-02/Desktop/f1tenth_ws/install/vesc_msgs/lib/python3.8/site-packages/vesc_msgs/msg/_vesc_state.py
[25.503s] -- Installing: /home/can-02/Desktop/f1tenth_ws/install/vesc_msgs/lib/python3.8/site-packages/vesc_msgs/msg/_vesc_imu_stamped_s.c
[25.503s] -- Installing: /home/can-02/Desktop/f1tenth_ws/install/vesc_msgs/lib/python3.8/site-packages/vesc_msgs/msg/_vesc_imu.py
[25.503s] -- Installing: /home/can-02/Desktop/f1tenth_ws/install/vesc_msgs/lib/python3.8/site-packages/vesc_msgs/msg/__init__.py
[25.504s] -- Installing: /home/can-02/Desktop/f1tenth_ws/install/vesc_msgs/lib/python3.8/site-packages/vesc_msgs/msg/_vesc_imu_stamped.py
[25.504s] -- Installing: /home/can-02/Desktop/f1tenth_ws/install/vesc_msgs/lib/python3.8/site-packages/vesc_msgs/msg/_vesc_state_stamped_s.c
[25.504s] -- Installing: /home/can-02/Desktop/f1tenth_ws/install/vesc_msgs/lib/python3.8/site-packages/vesc_msgs/msg/_vesc_imu_s.c
[25.504s] -- Installing: /home/can-02/Desktop/f1tenth_ws/install/vesc_msgs/lib/python3.8/site-packages/vesc_msgs/msg/_vesc_state_stamped.py
[25.505s] -- Installing: /home/can-02/Desktop/f1tenth_ws/install/vesc_msgs/lib/python3.8/site-packages/vesc_msgs/msg/_vesc_state_s.c
[25.505s] -- Installing: /home/can-02/Desktop/f1tenth_ws/install/vesc_msgs/lib/python3.8/site-packages/vesc_msgs/vesc_msgs_s__rosidl_typesupport_fastrtps_c.cpython-38-aarch64-linux-gnu.so
[25.507s] -- Set runtime path of "/home/can-02/Desktop/f1tenth_ws/install/vesc_msgs/lib/python3.8/site-packages/vesc_msgs/vesc_msgs_s__rosidl_typesupport_fastrtps_c.cpython-38-aarch64-linux-gnu.so" to ""
[25.507s] -- Installing: /home/can-02/Desktop/f1tenth_ws/install/vesc_msgs/lib/python3.8/site-packages/vesc_msgs/vesc_msgs_s__rosidl_typesupport_introspection_c.cpython-38-aarch64-linux-gnu.so
[25.508s] -- Set runtime path of "/home/can-02/Desktop/f1tenth_ws/install/vesc_msgs/lib/python3.8/site-packages/vesc_msgs/vesc_msgs_s__rosidl_typesupport_introspection_c.cpython-38-aarch64-linux-gnu.so" to ""
[25.508s] -- Installing: /home/can-02/Desktop/f1tenth_ws/install/vesc_msgs/lib/python3.8/site-packages/vesc_msgs/vesc_msgs_s__rosidl_typesupport_c.cpython-38-aarch64-linux-gnu.so
[25.509s] -- Set runtime path of "/home/can-02/Desktop/f1tenth_ws/install/vesc_msgs/lib/python3.8/site-packages/vesc_msgs/vesc_msgs_s__rosidl_typesupport_c.cpython-38-aarch64-linux-gnu.so" to ""
[25.509s] -- Installing: /home/can-02/Desktop/f1tenth_ws/install/vesc_msgs/lib/libvesc_msgs__python.so
[25.510s] -- Set runtime path of "/home/can-02/Desktop/f1tenth_ws/install/vesc_msgs/lib/libvesc_msgs__python.so" to ""
[25.511s] -- Installing: /home/can-02/Desktop/f1tenth_ws/install/vesc_msgs/share/vesc_msgs/msg/VescState.idl
[25.511s] -- Installing: /home/can-02/Desktop/f1tenth_ws/install/vesc_msgs/share/vesc_msgs/msg/VescStateStamped.idl
[25.511s] -- Installing: /home/can-02/Desktop/f1tenth_ws/install/vesc_msgs/share/vesc_msgs/msg/VescImu.idl
[25.512s] -- Installing: /home/can-02/Desktop/f1tenth_ws/install/vesc_msgs/share/vesc_msgs/msg/VescImuStamped.idl
[25.512s] -- Installing: /home/can-02/Desktop/f1tenth_ws/install/vesc_msgs/share/vesc_msgs/msg/VescState.msg
[25.512s] -- Installing: /home/can-02/Desktop/f1tenth_ws/install/vesc_msgs/share/vesc_msgs/msg/VescStateStamped.msg
[25.512s] -- Installing: /home/can-02/Desktop/f1tenth_ws/install/vesc_msgs/share/vesc_msgs/msg/VescImu.msg
[25.513s] -- Installing: /home/can-02/Desktop/f1tenth_ws/install/vesc_msgs/share/vesc_msgs/msg/VescImuStamped.msg
[25.513s] -- Installing: /home/can-02/Desktop/f1tenth_ws/install/vesc_msgs/share/ament_index/resource_index/package_run_dependencies/vesc_msgs
[25.513s] -- Installing: /home/can-02/Desktop/f1tenth_ws/install/vesc_msgs/share/ament_index/resource_index/parent_prefix_path/vesc_msgs
[25.514s] -- Installing: /home/can-02/Desktop/f1tenth_ws/install/vesc_msgs/share/vesc_msgs/environment/ament_prefix_path.sh
[25.514s] -- Installing: /home/can-02/Desktop/f1tenth_ws/install/vesc_msgs/share/vesc_msgs/environment/ament_prefix_path.dsv
[25.514s] -- Installing: /home/can-02/Desktop/f1tenth_ws/install/vesc_msgs/share/vesc_msgs/environment/path.sh
[25.514s] -- Installing: /home/can-02/Desktop/f1tenth_ws/install/vesc_msgs/share/vesc_msgs/environment/path.dsv
[25.515s] -- Installing: /home/can-02/Desktop/f1tenth_ws/install/vesc_msgs/share/vesc_msgs/local_setup.bash
[25.521s] -- Installing: /home/can-02/Desktop/f1tenth_ws/install/vesc_msgs/share/vesc_msgs/local_setup.sh
[25.522s] -- Installing: /home/can-02/Desktop/f1tenth_ws/install/vesc_msgs/share/vesc_msgs/local_setup.zsh
[25.522s] -- Installing: /home/can-02/Desktop/f1tenth_ws/install/vesc_msgs/share/vesc_msgs/local_setup.dsv
[25.522s] -- Installing: /home/can-02/Desktop/f1tenth_ws/install/vesc_msgs/share/vesc_msgs/package.dsv
[25.523s] -- Installing: /home/can-02/Desktop/f1tenth_ws/install/vesc_msgs/share/ament_index/resource_index/packages/vesc_msgs
[25.523s] -- Installing: /home/can-02/Desktop/f1tenth_ws/install/vesc_msgs/share/vesc_msgs/cmake/vesc_msgs__rosidl_generator_cExport.cmake
[25.523s] -- Installing: /home/can-02/Desktop/f1tenth_ws/install/vesc_msgs/share/vesc_msgs/cmake/vesc_msgs__rosidl_generator_cExport-noconfig.cmake
[25.524s] -- Installing: /home/can-02/Desktop/f1tenth_ws/install/vesc_msgs/share/vesc_msgs/cmake/vesc_msgs__rosidl_typesupport_introspection_cExport.cmake
[25.525s] -- Installing: /home/can-02/Desktop/f1tenth_ws/install/vesc_msgs/share/vesc_msgs/cmake/vesc_msgs__rosidl_typesupport_introspection_cExport-noconfig.cmake
[25.525s] -- Installing: /home/can-02/Desktop/f1tenth_ws/install/vesc_msgs/share/vesc_msgs/cmake/vesc_msgs__rosidl_typesupport_cExport.cmake
[25.525s] -- Installing: /home/can-02/Desktop/f1tenth_ws/install/vesc_msgs/share/vesc_msgs/cmake/vesc_msgs__rosidl_typesupport_cExport-noconfig.cmake
[25.525s] -- Installing: /home/can-02/Desktop/f1tenth_ws/install/vesc_msgs/share/vesc_msgs/cmake/vesc_msgs__rosidl_generator_cppExport.cmake
[25.525s] -- Installing: /home/can-02/Desktop/f1tenth_ws/install/vesc_msgs/share/vesc_msgs/cmake/vesc_msgs__rosidl_typesupport_introspection_cppExport.cmake
[25.525s] -- Installing: /home/can-02/Desktop/f1tenth_ws/install/vesc_msgs/share/vesc_msgs/cmake/vesc_msgs__rosidl_typesupport_introspection_cppExport-noconfig.cmake
[25.526s] -- Installing: /home/can-02/Desktop/f1tenth_ws/install/vesc_msgs/share/vesc_msgs/cmake/vesc_msgs__rosidl_typesupport_cppExport.cmake
[25.526s] -- Installing: /home/can-02/Desktop/f1tenth_ws/install/vesc_msgs/share/vesc_msgs/cmake/vesc_msgs__rosidl_typesupport_cppExport-noconfig.cmake
[25.526s] -- Installing: /home/can-02/Desktop/f1tenth_ws/install/vesc_msgs/share/vesc_msgs/cmake/rosidl_cmake-extras.cmake
[25.526s] -- Installing: /home/can-02/Desktop/f1tenth_ws/install/vesc_msgs/share/vesc_msgs/cmake/ament_cmake_export_dependencies-extras.cmake
[25.526s] -- Installing: /home/can-02/Desktop/f1tenth_ws/install/vesc_msgs/share/vesc_msgs/cmake/ament_cmake_export_libraries-extras.cmake
[25.526s] -- Installing: /home/can-02/Desktop/f1tenth_ws/install/vesc_msgs/share/vesc_msgs/cmake/ament_cmake_export_targets-extras.cmake
[25.527s] -- Installing: /home/can-02/Desktop/f1tenth_ws/install/vesc_msgs/share/vesc_msgs/cmake/ament_cmake_export_include_directories-extras.cmake
[25.527s] -- Installing: /home/can-02/Desktop/f1tenth_ws/install/vesc_msgs/share/vesc_msgs/cmake/rosidl_cmake_export_typesupport_libraries-extras.cmake
[25.527s] -- Installing: /home/can-02/Desktop/f1tenth_ws/install/vesc_msgs/share/vesc_msgs/cmake/rosidl_cmake_export_typesupport_targets-extras.cmake
[25.527s] -- Installing: /home/can-02/Desktop/f1tenth_ws/install/vesc_msgs/share/vesc_msgs/cmake/vesc_msgsConfig.cmake
[25.527s] -- Installing: /home/can-02/Desktop/f1tenth_ws/install/vesc_msgs/share/vesc_msgs/cmake/vesc_msgsConfig-version.cmake
[25.527s] -- Installing: /home/can-02/Desktop/f1tenth_ws/install/vesc_msgs/share/vesc_msgs/package.xml
[25.531s] Invoked command in '/home/can-02/Desktop/f1tenth_ws/build/vesc_msgs' returned '0': CMAKE_PREFIX_PATH=${CMAKE_PREFIX_PATH}:/home/can-02/Desktop/f1tenth_ws/install/f1tenth_stack:/home/can-02/Desktop/f1tenth_ws/install/joy_teleop:/home/can-02/Desktop/f1tenth_ws/install/particle_filter:/home/can-02/Desktop/f1tenth_ws/install/mouse_teleop:/home/can-02/Desktop/f1tenth_ws/install/key_teleop:/home/can-02/Desktop/f1tenth_ws/install/f1tenth_gym_ros:/home/can-02/Desktop/f1tenth_ws/install/adp_controller:/opt/ros/galactic /usr/bin/cmake --install /home/can-02/Desktop/f1tenth_ws/build/vesc_msgs
