[0.137s] Invoking command in '/home/can-02/Desktop/f1tenth_ws/build/vesc_msgs': CMAKE_PREFIX_PATH=${CMAKE_PREFIX_PATH}:/home/can-02/Desktop/f1tenth_ws/install/f1tenth_stack:/home/can-02/Desktop/f1tenth_ws/install/joy_teleop:/home/can-02/Desktop/f1tenth_ws/install/particle_filter:/home/can-02/Desktop/f1tenth_ws/install/mouse_teleop:/home/can-02/Desktop/f1tenth_ws/install/key_teleop:/home/can-02/Desktop/f1tenth_ws/install/f1tenth_gym_ros:/home/can-02/Desktop/f1tenth_ws/install/adp_controller:/opt/ros/galactic /usr/bin/cmake --build /home/can-02/Desktop/f1tenth_ws/build/vesc_msgs -- -j6 -l6
[3.276s] [  1%] Built target vesc_msgs__cpp
[3.277s] [ 12%] Built target vesc_msgs__rosidl_generator_c
[3.278s] [ 23%] Built target vesc_msgs__rosidl_typesupport_introspection_cpp
[3.279s] [ 34%] Built target vesc_msgs__rosidl_typesupport_cpp
[3.279s] [ 45%] Built target vesc_msgs__rosidl_typesupport_fastrtps_cpp
[3.280s] [ 56%] Built target vesc_msgs__rosidl_typesupport_introspection_c
[3.280s] [ 67%] Built target vesc_msgs__rosidl_typesupport_c
[3.281s] [ 78%] Built target vesc_msgs__rosidl_typesupport_fastrtps_c
[3.282s] [ 78%] Built target vesc_msgs
[3.282s] [ 80%] Built target vesc_msgs__py
[3.282s] [ 89%] Built target vesc_msgs__python
[3.282s] [ 92%] Built target vesc_msgs__rosidl_typesupport_c__pyext
[3.283s] [ 96%] Built target vesc_msgs__rosidl_typesupport_fastrtps_c__pyext
[3.283s] [100%] Built target vesc_msgs__rosidl_typesupport_introspection_c__pyext
[3.291s] Invoked command in '/home/can-02/Desktop/f1tenth_ws/build/vesc_msgs' returned '0': CMAKE_PREFIX_PATH=${CMAKE_PREFIX_PATH}:/home/can-02/Desktop/f1tenth_ws/install/f1tenth_stack:/home/can-02/Desktop/f1tenth_ws/install/joy_teleop:/home/can-02/Desktop/f1tenth_ws/install/particle_filter:/home/can-02/Desktop/f1tenth_ws/install/mouse_teleop:/home/can-02/Desktop/f1tenth_ws/install/key_teleop:/home/can-02/Desktop/f1tenth_ws/install/f1tenth_gym_ros:/home/can-02/Desktop/f1tenth_ws/install/adp_controller:/opt/ros/galactic /usr/bin/cmake --build /home/can-02/Desktop/f1tenth_ws/build/vesc_msgs -- -j6 -l6
[3.315s] Invoking command in '/home/can-02/Desktop/f1tenth_ws/build/vesc_msgs': CMAKE_PREFIX_PATH=${CMAKE_PREFIX_PATH}:/home/can-02/Desktop/f1tenth_ws/install/f1tenth_stack:/home/can-02/Desktop/f1tenth_ws/install/joy_teleop:/home/can-02/Desktop/f1tenth_ws/install/particle_filter:/home/can-02/Desktop/f1tenth_ws/install/mouse_teleop:/home/can-02/Desktop/f1tenth_ws/install/key_teleop:/home/can-02/Desktop/f1tenth_ws/install/f1tenth_gym_ros:/home/can-02/Desktop/f1tenth_ws/install/adp_controller:/opt/ros/galactic /usr/bin/cmake --install /home/can-02/Desktop/f1tenth_ws/build/vesc_msgs
[3.343s] -- Install configuration: ""
[3.345s] -- Up-to-date: /home/can-02/Desktop/f1tenth_ws/install/vesc_msgs/share/ament_index/resource_index/rosidl_interfaces/vesc_msgs
[3.345s] -- Up-to-date: /home/can-02/Desktop/f1tenth_ws/install/vesc_msgs/include/vesc_msgs
[3.345s] -- Up-to-date: /home/can-02/Desktop/f1tenth_ws/install/vesc_msgs/include/vesc_msgs/msg
[3.345s] -- Up-to-date: /home/can-02/Desktop/f1tenth_ws/install/vesc_msgs/include/vesc_msgs/msg/vesc_state.h
[3.347s] -- Up-to-date: /home/can-02/Desktop/f1tenth_ws/install/vesc_msgs/include/vesc_msgs/msg/vesc_imu.h
[3.348s] -- Up-to-date: /home/can-02/Desktop/f1tenth_ws/install/vesc_msgs/include/vesc_msgs/msg/vesc_state_stamped.h
[3.349s] -- Up-to-date: /home/can-02/Desktop/f1tenth_ws/install/vesc_msgs/include/vesc_msgs/msg/detail
[3.350s] -- Up-to-date: /home/can-02/Desktop/f1tenth_ws/install/vesc_msgs/include/vesc_msgs/msg/detail/vesc_imu__functions.h
[3.351s] -- Up-to-date: /home/can-02/Desktop/f1tenth_ws/install/vesc_msgs/include/vesc_msgs/msg/detail/vesc_imu_stamped__struct.h
[3.352s] -- Up-to-date: /home/can-02/Desktop/f1tenth_ws/install/vesc_msgs/include/vesc_msgs/msg/detail/vesc_imu_stamped__functions.c
[3.359s] -- Up-to-date: /home/can-02/Desktop/f1tenth_ws/install/vesc_msgs/include/vesc_msgs/msg/detail/vesc_state_stamped__type_support.h
[3.359s] -- Up-to-date: /home/can-02/Desktop/f1tenth_ws/install/vesc_msgs/include/vesc_msgs/msg/detail/vesc_imu_stamped__type_support.h
[3.360s] -- Up-to-date: /home/can-02/Desktop/f1tenth_ws/install/vesc_msgs/include/vesc_msgs/msg/detail/vesc_state__functions.h
[3.360s] -- Up-to-date: /home/can-02/Desktop/f1tenth_ws/install/vesc_msgs/include/vesc_msgs/msg/detail/vesc_state_stamped__struct.h
[3.361s] -- Up-to-date: /home/can-02/Desktop/f1tenth_ws/install/vesc_msgs/include/vesc_msgs/msg/detail/vesc_imu__functions.c
[3.361s] -- Up-to-date: /home/can-02/Desktop/f1tenth_ws/install/vesc_msgs/include/vesc_msgs/msg/detail/vesc_imu__struct.h
[3.361s] -- Up-to-date: /home/can-02/Desktop/f1tenth_ws/install/vesc_msgs/include/vesc_msgs/msg/detail/vesc_state__functions.c
[3.361s] -- Up-to-date: /home/can-02/Desktop/f1tenth_ws/install/vesc_msgs/include/vesc_msgs/msg/detail/vesc_state_stamped__functions.c
[3.361s] -- Up-to-date: /home/can-02/Desktop/f1tenth_ws/install/vesc_msgs/include/vesc_msgs/msg/detail/vesc_imu_stamped__functions.h
[3.361s] -- Up-to-date: /home/can-02/Desktop/f1tenth_ws/install/vesc_msgs/include/vesc_msgs/msg/detail/vesc_imu__type_support.h
[3.362s] -- Up-to-date: /home/can-02/Desktop/f1tenth_ws/install/vesc_msgs/include/vesc_msgs/msg/detail/vesc_state__struct.h
[3.363s] -- Up-to-date: /home/can-02/Desktop/f1tenth_ws/install/vesc_msgs/include/vesc_msgs/msg/detail/vesc_state__type_support.h
[3.363s] -- Up-to-date: /home/can-02/Desktop/f1tenth_ws/install/vesc_msgs/include/vesc_msgs/msg/detail/vesc_state_stamped__functions.h
[3.363s] -- Up-to-date: /home/can-02/Desktop/f1tenth_ws/install/vesc_msgs/include/vesc_msgs/msg/vesc_imu_stamped.h
[3.363s] -- Up-to-date: /home/can-02/Desktop/f1tenth_ws/install/vesc_msgs/include/vesc_msgs/msg/rosidl_generator_c__visibility_control.h
[3.363s] -- Up-to-date: /home/can-02/Desktop/f1tenth_ws/install/vesc_msgs/share/vesc_msgs/environment/library_path.sh
[3.364s] -- Up-to-date: /home/can-02/Desktop/f1tenth_ws/install/vesc_msgs/share/vesc_msgs/environment/library_path.dsv
[3.364s] -- Up-to-date: /home/can-02/Desktop/f1tenth_ws/install/vesc_msgs/lib/libvesc_msgs__rosidl_generator_c.so
[3.365s] -- Up-to-date: /home/can-02/Desktop/f1tenth_ws/install/vesc_msgs/include/vesc_msgs
[3.365s] -- Up-to-date: /home/can-02/Desktop/f1tenth_ws/install/vesc_msgs/include/vesc_msgs/msg
[3.365s] -- Up-to-date: /home/can-02/Desktop/f1tenth_ws/install/vesc_msgs/include/vesc_msgs/msg/detail
[3.365s] -- Up-to-date: /home/can-02/Desktop/f1tenth_ws/install/vesc_msgs/include/vesc_msgs/msg/detail/vesc_state_stamped__rosidl_typesupport_fastrtps_c.h
[3.365s] -- Up-to-date: /home/can-02/Desktop/f1tenth_ws/install/vesc_msgs/include/vesc_msgs/msg/detail/vesc_state__rosidl_typesupport_fastrtps_c.h
[3.365s] -- Up-to-date: /home/can-02/Desktop/f1tenth_ws/install/vesc_msgs/include/vesc_msgs/msg/detail/vesc_imu__rosidl_typesupport_fastrtps_c.h
[3.366s] -- Up-to-date: /home/can-02/Desktop/f1tenth_ws/install/vesc_msgs/include/vesc_msgs/msg/detail/vesc_imu_stamped__rosidl_typesupport_fastrtps_c.h
[3.366s] -- Up-to-date: /home/can-02/Desktop/f1tenth_ws/install/vesc_msgs/include/vesc_msgs/msg/rosidl_typesupport_fastrtps_c__visibility_control.h
[3.366s] -- Up-to-date: /home/can-02/Desktop/f1tenth_ws/install/vesc_msgs/lib/libvesc_msgs__rosidl_typesupport_fastrtps_c.so
[3.367s] -- Up-to-date: /home/can-02/Desktop/f1tenth_ws/install/vesc_msgs/include/vesc_msgs
[3.367s] -- Up-to-date: /home/can-02/Desktop/f1tenth_ws/install/vesc_msgs/include/vesc_msgs/msg
[3.367s] -- Up-to-date: /home/can-02/Desktop/f1tenth_ws/install/vesc_msgs/include/vesc_msgs/msg/rosidl_typesupport_fastrtps_cpp__visibility_control.h
[3.367s] -- Up-to-date: /home/can-02/Desktop/f1tenth_ws/install/vesc_msgs/include/vesc_msgs/msg/detail
[3.368s] -- Up-to-date: /home/can-02/Desktop/f1tenth_ws/install/vesc_msgs/include/vesc_msgs/msg/detail/vesc_imu_stamped__rosidl_typesupport_fastrtps_cpp.hpp
[3.368s] -- Up-to-date: /home/can-02/Desktop/f1tenth_ws/install/vesc_msgs/include/vesc_msgs/msg/detail/vesc_imu__rosidl_typesupport_fastrtps_cpp.hpp
[3.368s] -- Up-to-date: /home/can-02/Desktop/f1tenth_ws/install/vesc_msgs/include/vesc_msgs/msg/detail/vesc_state__rosidl_typesupport_fastrtps_cpp.hpp
[3.368s] -- Up-to-date: /home/can-02/Desktop/f1tenth_ws/install/vesc_msgs/include/vesc_msgs/msg/detail/dds_fastrtps
[3.368s] -- Up-to-date: /home/can-02/Desktop/f1tenth_ws/install/vesc_msgs/include/vesc_msgs/msg/detail/vesc_state_stamped__rosidl_typesupport_fastrtps_cpp.hpp
[3.368s] -- Up-to-date: /home/can-02/Desktop/f1tenth_ws/install/vesc_msgs/lib/libvesc_msgs__rosidl_typesupport_fastrtps_cpp.so
[3.369s] -- Up-to-date: /home/can-02/Desktop/f1tenth_ws/install/vesc_msgs/include/vesc_msgs
[3.369s] -- Up-to-date: /home/can-02/Desktop/f1tenth_ws/install/vesc_msgs/include/vesc_msgs/msg
[3.369s] -- Up-to-date: /home/can-02/Desktop/f1tenth_ws/install/vesc_msgs/include/vesc_msgs/msg/rosidl_typesupport_introspection_c__visibility_control.h
[3.369s] -- Up-to-date: /home/can-02/Desktop/f1tenth_ws/install/vesc_msgs/include/vesc_msgs/msg/detail
[3.369s] -- Up-to-date: /home/can-02/Desktop/f1tenth_ws/install/vesc_msgs/include/vesc_msgs/msg/detail/vesc_state_stamped__type_support.c
[3.369s] -- Up-to-date: /home/can-02/Desktop/f1tenth_ws/install/vesc_msgs/include/vesc_msgs/msg/detail/vesc_imu__type_support.c
[3.370s] -- Up-to-date: /home/can-02/Desktop/f1tenth_ws/install/vesc_msgs/include/vesc_msgs/msg/detail/vesc_state_stamped__rosidl_typesupport_introspection_c.h
[3.370s] -- Up-to-date: /home/can-02/Desktop/f1tenth_ws/install/vesc_msgs/include/vesc_msgs/msg/detail/vesc_state__rosidl_typesupport_introspection_c.h
[3.370s] -- Up-to-date: /home/can-02/Desktop/f1tenth_ws/install/vesc_msgs/include/vesc_msgs/msg/detail/vesc_state__type_support.c
[3.370s] -- Up-to-date: /home/can-02/Desktop/f1tenth_ws/install/vesc_msgs/include/vesc_msgs/msg/detail/vesc_imu_stamped__rosidl_typesupport_introspection_c.h
[3.370s] -- Up-to-date: /home/can-02/Desktop/f1tenth_ws/install/vesc_msgs/include/vesc_msgs/msg/detail/vesc_imu_stamped__type_support.c
[3.370s] -- Up-to-date: /home/can-02/Desktop/f1tenth_ws/install/vesc_msgs/include/vesc_msgs/msg/detail/vesc_imu__rosidl_typesupport_introspection_c.h
[3.371s] -- Up-to-date: /home/can-02/Desktop/f1tenth_ws/install/vesc_msgs/lib/libvesc_msgs__rosidl_typesupport_introspection_c.so
[3.371s] -- Up-to-date: /home/can-02/Desktop/f1tenth_ws/install/vesc_msgs/lib/libvesc_msgs__rosidl_typesupport_c.so
[3.371s] -- Up-to-date: /home/can-02/Desktop/f1tenth_ws/install/vesc_msgs/include/vesc_msgs
[3.372s] -- Up-to-date: /home/can-02/Desktop/f1tenth_ws/install/vesc_msgs/include/vesc_msgs/msg
[3.374s] -- Up-to-date: /home/can-02/Desktop/f1tenth_ws/install/vesc_msgs/include/vesc_msgs/msg/vesc_state_stamped.hpp
[3.375s] -- Up-to-date: /home/can-02/Desktop/f1tenth_ws/install/vesc_msgs/include/vesc_msgs/msg/vesc_imu_stamped.hpp
[3.383s] -- Up-to-date: /home/can-02/Desktop/f1tenth_ws/install/vesc_msgs/include/vesc_msgs/msg/vesc_imu.hpp
[3.384s] -- Up-to-date: /home/can-02/Desktop/f1tenth_ws/install/vesc_msgs/include/vesc_msgs/msg/vesc_state.hpp
[3.384s] -- Up-to-date: /home/can-02/Desktop/f1tenth_ws/install/vesc_msgs/include/vesc_msgs/msg/detail
[3.384s] -- Up-to-date: /home/can-02/Desktop/f1tenth_ws/install/vesc_msgs/include/vesc_msgs/msg/detail/vesc_imu__builder.hpp
[3.385s] -- Up-to-date: /home/can-02/Desktop/f1tenth_ws/install/vesc_msgs/include/vesc_msgs/msg/detail/vesc_state__builder.hpp
[3.385s] -- Up-to-date: /home/can-02/Desktop/f1tenth_ws/install/vesc_msgs/include/vesc_msgs/msg/detail/vesc_imu_stamped__struct.hpp
[3.385s] -- Up-to-date: /home/can-02/Desktop/f1tenth_ws/install/vesc_msgs/include/vesc_msgs/msg/detail/vesc_state_stamped__builder.hpp
[3.385s] -- Up-to-date: /home/can-02/Desktop/f1tenth_ws/install/vesc_msgs/include/vesc_msgs/msg/detail/vesc_imu_stamped__builder.hpp
[3.385s] -- Up-to-date: /home/can-02/Desktop/f1tenth_ws/install/vesc_msgs/include/vesc_msgs/msg/detail/vesc_state__struct.hpp
[3.385s] -- Up-to-date: /home/can-02/Desktop/f1tenth_ws/install/vesc_msgs/include/vesc_msgs/msg/detail/vesc_state_stamped__traits.hpp
[3.385s] -- Up-to-date: /home/can-02/Desktop/f1tenth_ws/install/vesc_msgs/include/vesc_msgs/msg/detail/vesc_imu_stamped__traits.hpp
[3.386s] -- Up-to-date: /home/can-02/Desktop/f1tenth_ws/install/vesc_msgs/include/vesc_msgs/msg/detail/vesc_imu__struct.hpp
[3.386s] -- Up-to-date: /home/can-02/Desktop/f1tenth_ws/install/vesc_msgs/include/vesc_msgs/msg/detail/vesc_state__traits.hpp
[3.386s] -- Up-to-date: /home/can-02/Desktop/f1tenth_ws/install/vesc_msgs/include/vesc_msgs/msg/detail/vesc_imu__traits.hpp
[3.387s] -- Up-to-date: /home/can-02/Desktop/f1tenth_ws/install/vesc_msgs/include/vesc_msgs/msg/detail/vesc_state_stamped__struct.hpp
[3.387s] -- Up-to-date: /home/can-02/Desktop/f1tenth_ws/install/vesc_msgs/include/vesc_msgs
[3.387s] -- Up-to-date: /home/can-02/Desktop/f1tenth_ws/install/vesc_msgs/include/vesc_msgs/msg
[3.387s] -- Up-to-date: /home/can-02/Desktop/f1tenth_ws/install/vesc_msgs/include/vesc_msgs/msg/detail
[3.387s] -- Up-to-date: /home/can-02/Desktop/f1tenth_ws/install/vesc_msgs/include/vesc_msgs/msg/detail/vesc_state__type_support.cpp
[3.387s] -- Up-to-date: /home/can-02/Desktop/f1tenth_ws/install/vesc_msgs/include/vesc_msgs/msg/detail/vesc_imu__type_support.cpp
[3.388s] -- Up-to-date: /home/can-02/Desktop/f1tenth_ws/install/vesc_msgs/include/vesc_msgs/msg/detail/vesc_imu_stamped__type_support.cpp
[3.388s] -- Up-to-date: /home/can-02/Desktop/f1tenth_ws/install/vesc_msgs/include/vesc_msgs/msg/detail/vesc_state_stamped__rosidl_typesupport_introspection_cpp.hpp
[3.388s] -- Up-to-date: /home/can-02/Desktop/f1tenth_ws/install/vesc_msgs/include/vesc_msgs/msg/detail/vesc_imu_stamped__rosidl_typesupport_introspection_cpp.hpp
[3.388s] -- Up-to-date: /home/can-02/Desktop/f1tenth_ws/install/vesc_msgs/include/vesc_msgs/msg/detail/vesc_imu__rosidl_typesupport_introspection_cpp.hpp
[3.388s] -- Up-to-date: /home/can-02/Desktop/f1tenth_ws/install/vesc_msgs/include/vesc_msgs/msg/detail/vesc_state_stamped__type_support.cpp
[3.388s] -- Up-to-date: /home/can-02/Desktop/f1tenth_ws/install/vesc_msgs/include/vesc_msgs/msg/detail/vesc_state__rosidl_typesupport_introspection_cpp.hpp
[3.389s] -- Up-to-date: /home/can-02/Desktop/f1tenth_ws/install/vesc_msgs/lib/libvesc_msgs__rosidl_typesupport_introspection_cpp.so
[3.390s] -- Up-to-date: /home/can-02/Desktop/f1tenth_ws/install/vesc_msgs/lib/libvesc_msgs__rosidl_typesupport_cpp.so
[3.390s] -- Up-to-date: /home/can-02/Desktop/f1tenth_ws/install/vesc_msgs/share/vesc_msgs/environment/pythonpath.sh
[3.390s] -- Up-to-date: /home/can-02/Desktop/f1tenth_ws/install/vesc_msgs/share/vesc_msgs/environment/pythonpath.dsv
[3.390s] -- Up-to-date: /home/can-02/Desktop/f1tenth_ws/install/vesc_msgs/lib/python3.8/site-packages/vesc_msgs/__init__.py
[3.464s] -- Up-to-date: /home/can-02/Desktop/f1tenth_ws/install/vesc_msgs/lib/python3.8/site-packages/vesc_msgs/msg
[3.465s] -- Up-to-date: /home/can-02/Desktop/f1tenth_ws/install/vesc_msgs/lib/python3.8/site-packages/vesc_msgs/msg/_vesc_state.py
[3.465s] -- Up-to-date: /home/can-02/Desktop/f1tenth_ws/install/vesc_msgs/lib/python3.8/site-packages/vesc_msgs/msg/_vesc_imu_stamped_s.c
[3.466s] -- Up-to-date: /home/can-02/Desktop/f1tenth_ws/install/vesc_msgs/lib/python3.8/site-packages/vesc_msgs/msg/_vesc_imu.py
[3.468s] -- Up-to-date: /home/can-02/Desktop/f1tenth_ws/install/vesc_msgs/lib/python3.8/site-packages/vesc_msgs/msg/__init__.py
[3.469s] -- Up-to-date: /home/can-02/Desktop/f1tenth_ws/install/vesc_msgs/lib/python3.8/site-packages/vesc_msgs/msg/_vesc_imu_stamped.py
[3.469s] -- Up-to-date: /home/can-02/Desktop/f1tenth_ws/install/vesc_msgs/lib/python3.8/site-packages/vesc_msgs/msg/_vesc_state_stamped_s.c
[3.471s] -- Up-to-date: /home/can-02/Desktop/f1tenth_ws/install/vesc_msgs/lib/python3.8/site-packages/vesc_msgs/msg/_vesc_imu_s.c
[3.471s] -- Up-to-date: /home/can-02/Desktop/f1tenth_ws/install/vesc_msgs/lib/python3.8/site-packages/vesc_msgs/msg/_vesc_state_stamped.py
[3.472s] -- Up-to-date: /home/can-02/Desktop/f1tenth_ws/install/vesc_msgs/lib/python3.8/site-packages/vesc_msgs/msg/_vesc_state_s.c
[3.476s] -- Up-to-date: /home/can-02/Desktop/f1tenth_ws/install/vesc_msgs/lib/python3.8/site-packages/vesc_msgs/vesc_msgs_s__rosidl_typesupport_fastrtps_c.cpython-38-aarch64-linux-gnu.so
[3.476s] -- Up-to-date: /home/can-02/Desktop/f1tenth_ws/install/vesc_msgs/lib/python3.8/site-packages/vesc_msgs/vesc_msgs_s__rosidl_typesupport_introspection_c.cpython-38-aarch64-linux-gnu.so
[3.476s] -- Up-to-date: /home/can-02/Desktop/f1tenth_ws/install/vesc_msgs/lib/python3.8/site-packages/vesc_msgs/vesc_msgs_s__rosidl_typesupport_c.cpython-38-aarch64-linux-gnu.so
[3.477s] -- Up-to-date: /home/can-02/Desktop/f1tenth_ws/install/vesc_msgs/lib/libvesc_msgs__python.so
[3.477s] -- Up-to-date: /home/can-02/Desktop/f1tenth_ws/install/vesc_msgs/share/vesc_msgs/msg/VescState.idl
[3.477s] -- Up-to-date: /home/can-02/Desktop/f1tenth_ws/install/vesc_msgs/share/vesc_msgs/msg/VescStateStamped.idl
[3.477s] -- Up-to-date: /home/can-02/Desktop/f1tenth_ws/install/vesc_msgs/share/vesc_msgs/msg/VescImu.idl
[3.477s] -- Up-to-date: /home/can-02/Desktop/f1tenth_ws/install/vesc_msgs/share/vesc_msgs/msg/VescImuStamped.idl
[3.478s] -- Up-to-date: /home/can-02/Desktop/f1tenth_ws/install/vesc_msgs/share/vesc_msgs/msg/VescState.msg
[3.478s] -- Up-to-date: /home/can-02/Desktop/f1tenth_ws/install/vesc_msgs/share/vesc_msgs/msg/VescStateStamped.msg
[3.478s] -- Up-to-date: /home/can-02/Desktop/f1tenth_ws/install/vesc_msgs/share/vesc_msgs/msg/VescImu.msg
[3.478s] -- Up-to-date: /home/can-02/Desktop/f1tenth_ws/install/vesc_msgs/share/vesc_msgs/msg/VescImuStamped.msg
[3.478s] -- Up-to-date: /home/can-02/Desktop/f1tenth_ws/install/vesc_msgs/share/ament_index/resource_index/package_run_dependencies/vesc_msgs
[3.478s] -- Up-to-date: /home/can-02/Desktop/f1tenth_ws/install/vesc_msgs/share/ament_index/resource_index/parent_prefix_path/vesc_msgs
[3.479s] -- Up-to-date: /home/can-02/Desktop/f1tenth_ws/install/vesc_msgs/share/vesc_msgs/environment/ament_prefix_path.sh
[3.479s] -- Up-to-date: /home/can-02/Desktop/f1tenth_ws/install/vesc_msgs/share/vesc_msgs/environment/ament_prefix_path.dsv
[3.480s] -- Up-to-date: /home/can-02/Desktop/f1tenth_ws/install/vesc_msgs/share/vesc_msgs/environment/path.sh
[3.483s] -- Up-to-date: /home/can-02/Desktop/f1tenth_ws/install/vesc_msgs/share/vesc_msgs/environment/path.dsv
[3.483s] -- Up-to-date: /home/can-02/Desktop/f1tenth_ws/install/vesc_msgs/share/vesc_msgs/local_setup.bash
[3.484s] -- Up-to-date: /home/can-02/Desktop/f1tenth_ws/install/vesc_msgs/share/vesc_msgs/local_setup.sh
[3.485s] -- Up-to-date: /home/can-02/Desktop/f1tenth_ws/install/vesc_msgs/share/vesc_msgs/local_setup.zsh
[3.485s] -- Up-to-date: /home/can-02/Desktop/f1tenth_ws/install/vesc_msgs/share/vesc_msgs/local_setup.dsv
[3.486s] -- Installing: /home/can-02/Desktop/f1tenth_ws/install/vesc_msgs/share/vesc_msgs/package.dsv
[3.492s] -- Up-to-date: /home/can-02/Desktop/f1tenth_ws/install/vesc_msgs/share/ament_index/resource_index/packages/vesc_msgs
[3.493s] -- Up-to-date: /home/can-02/Desktop/f1tenth_ws/install/vesc_msgs/share/vesc_msgs/cmake/vesc_msgs__rosidl_generator_cExport.cmake
[3.493s] -- Up-to-date: /home/can-02/Desktop/f1tenth_ws/install/vesc_msgs/share/vesc_msgs/cmake/vesc_msgs__rosidl_generator_cExport-noconfig.cmake
[3.493s] -- Up-to-date: /home/can-02/Desktop/f1tenth_ws/install/vesc_msgs/share/vesc_msgs/cmake/vesc_msgs__rosidl_typesupport_introspection_cExport.cmake
[3.493s] -- Up-to-date: /home/can-02/Desktop/f1tenth_ws/install/vesc_msgs/share/vesc_msgs/cmake/vesc_msgs__rosidl_typesupport_introspection_cExport-noconfig.cmake
[3.494s] -- Up-to-date: /home/can-02/Desktop/f1tenth_ws/install/vesc_msgs/share/vesc_msgs/cmake/vesc_msgs__rosidl_typesupport_cExport.cmake
[3.494s] -- Up-to-date: /home/can-02/Desktop/f1tenth_ws/install/vesc_msgs/share/vesc_msgs/cmake/vesc_msgs__rosidl_typesupport_cExport-noconfig.cmake
[3.494s] -- Up-to-date: /home/can-02/Desktop/f1tenth_ws/install/vesc_msgs/share/vesc_msgs/cmake/vesc_msgs__rosidl_generator_cppExport.cmake
[3.495s] -- Up-to-date: /home/can-02/Desktop/f1tenth_ws/install/vesc_msgs/share/vesc_msgs/cmake/vesc_msgs__rosidl_typesupport_introspection_cppExport.cmake
[3.500s] -- Up-to-date: /home/can-02/Desktop/f1tenth_ws/install/vesc_msgs/share/vesc_msgs/cmake/vesc_msgs__rosidl_typesupport_introspection_cppExport-noconfig.cmake
[3.504s] -- Up-to-date: /home/can-02/Desktop/f1tenth_ws/install/vesc_msgs/share/vesc_msgs/cmake/vesc_msgs__rosidl_typesupport_cppExport.cmake
[3.504s] -- Up-to-date: /home/can-02/Desktop/f1tenth_ws/install/vesc_msgs/share/vesc_msgs/cmake/vesc_msgs__rosidl_typesupport_cppExport-noconfig.cmake
[3.506s] -- Up-to-date: /home/can-02/Desktop/f1tenth_ws/install/vesc_msgs/share/vesc_msgs/cmake/rosidl_cmake-extras.cmake
[3.507s] -- Up-to-date: /home/can-02/Desktop/f1tenth_ws/install/vesc_msgs/share/vesc_msgs/cmake/ament_cmake_export_dependencies-extras.cmake
[3.508s] -- Up-to-date: /home/can-02/Desktop/f1tenth_ws/install/vesc_msgs/share/vesc_msgs/cmake/ament_cmake_export_libraries-extras.cmake
[3.509s] -- Up-to-date: /home/can-02/Desktop/f1tenth_ws/install/vesc_msgs/share/vesc_msgs/cmake/ament_cmake_export_targets-extras.cmake
[3.510s] -- Up-to-date: /home/can-02/Desktop/f1tenth_ws/install/vesc_msgs/share/vesc_msgs/cmake/ament_cmake_export_include_directories-extras.cmake
[3.510s] -- Up-to-date: /home/can-02/Desktop/f1tenth_ws/install/vesc_msgs/share/vesc_msgs/cmake/rosidl_cmake_export_typesupport_libraries-extras.cmake
[3.511s] -- Up-to-date: /home/can-02/Desktop/f1tenth_ws/install/vesc_msgs/share/vesc_msgs/cmake/rosidl_cmake_export_typesupport_targets-extras.cmake
[3.511s] -- Up-to-date: /home/can-02/Desktop/f1tenth_ws/install/vesc_msgs/share/vesc_msgs/cmake/vesc_msgsConfig.cmake
[3.512s] -- Up-to-date: /home/can-02/Desktop/f1tenth_ws/install/vesc_msgs/share/vesc_msgs/cmake/vesc_msgsConfig-version.cmake
[3.513s] -- Up-to-date: /home/can-02/Desktop/f1tenth_ws/install/vesc_msgs/share/vesc_msgs/package.xml
[3.552s] Invoked command in '/home/can-02/Desktop/f1tenth_ws/build/vesc_msgs' returned '0': CMAKE_PREFIX_PATH=${CMAKE_PREFIX_PATH}:/home/can-02/Desktop/f1tenth_ws/install/f1tenth_stack:/home/can-02/Desktop/f1tenth_ws/install/joy_teleop:/home/can-02/Desktop/f1tenth_ws/install/particle_filter:/home/can-02/Desktop/f1tenth_ws/install/mouse_teleop:/home/can-02/Desktop/f1tenth_ws/install/key_teleop:/home/can-02/Desktop/f1tenth_ws/install/f1tenth_gym_ros:/home/can-02/Desktop/f1tenth_ws/install/adp_controller:/opt/ros/galactic /usr/bin/cmake --install /home/can-02/Desktop/f1tenth_ws/build/vesc_msgs
