[0.119s] Invoking command in '/home/can-02/Desktop/f1tenth_ws/build/teleop_tools_msgs': CMAKE_PREFIX_PATH=${CMAKE_PREFIX_PATH}:/home/can-02/Desktop/f1tenth_ws/install/f1tenth_stack:/home/can-02/Desktop/f1tenth_ws/install/joy_teleop:/home/can-02/Desktop/f1tenth_ws/install/particle_filter:/home/can-02/Desktop/f1tenth_ws/install/mouse_teleop:/home/can-02/Desktop/f1tenth_ws/install/key_teleop:/home/can-02/Desktop/f1tenth_ws/install/f1tenth_gym_ros:/home/can-02/Desktop/f1tenth_ws/install/adp_controller:/opt/ros/galactic /usr/bin/cmake /home/can-02/Desktop/f1tenth_ws/src/f1tenth_system/teleop_tools/teleop_tools_msgs -DCMAKE_INSTALL_PREFIX=/home/can-02/Desktop/f1tenth_ws/install/teleop_tools_msgs
[3.572s] -- The C compiler identification is GNU 9.4.0
[3.573s] -- The CXX compiler identification is GNU 9.4.0
[3.573s] -- Check for working C compiler: /usr/bin/cc
[3.573s] -- Check for working C compiler: /usr/bin/cc -- works
[3.573s] -- Detecting C compiler ABI info
[3.574s] -- Detecting C compiler ABI info - done
[3.574s] -- Detecting C compile features
[3.574s] -- Detecting C compile features - done
[3.574s] -- Check for working CXX compiler: /usr/bin/c++
[3.574s] -- Check for working CXX compiler: /usr/bin/c++ -- works
[3.574s] -- Detecting CXX compiler ABI info
[3.575s] -- Detecting CXX compiler ABI info - done
[3.575s] -- Detecting CXX compile features
[3.575s] -- Detecting CXX compile features - done
[3.575s] -- Found ament_cmake: 1.1.6 (/opt/ros/galactic/share/ament_cmake/cmake)
[3.575s] -- Found PythonInterp: /usr/bin/python3 (found suitable version "3.8.10", minimum required is "3") 
[3.575s] -- Using PYTHON_EXECUTABLE: /usr/bin/python3
[3.576s] -- Found rosidl_default_generators: 1.1.1 (/opt/ros/galactic/share/rosidl_default_generators/cmake)
[3.576s] -- Using all available rosidl_typesupport_c: rosidl_typesupport_fastrtps_c;rosidl_typesupport_introspection_c
[3.576s] -- Found rosidl_adapter: 2.2.3 (/opt/ros/galactic/share/rosidl_adapter/cmake)
[3.576s] -- Found OpenSSL: /usr/lib/aarch64-linux-gnu/libcrypto.so (found version "1.1.1f")  
[3.576s] -- Found FastRTPS: /opt/ros/galactic/include  
[3.576s] -- Using all available rosidl_typesupport_cpp: rosidl_typesupport_fastrtps_cpp;rosidl_typesupport_introspection_cpp
[3.576s] -- Found ament_lint_auto: 0.10.7 (/opt/ros/galactic/share/ament_lint_auto/cmake)
[3.577s] -- Found PythonInterp: /usr/bin/python3 (found version "3.8.10") 
[3.577s] -- Found ament_cmake_ros: 0.9.2 (/opt/ros/galactic/share/ament_cmake_ros/cmake)
[3.577s] -- Using all available rosidl_typesupport_c: rosidl_typesupport_fastrtps_c;rosidl_typesupport_introspection_c
[3.577s] -- Using all available rosidl_typesupport_cpp: rosidl_typesupport_fastrtps_cpp;rosidl_typesupport_introspection_cpp
[3.577s] -- Found PythonInterp: /usr/bin/python3 (found suitable version "3.8.10", minimum required is "3.5") 
[3.577s] -- Found python_cmake_module: 0.8.1 (/opt/ros/galactic/share/python_cmake_module/cmake)
[3.578s] -- Found PythonLibs: /usr/lib/aarch64-linux-gnu/libpython3.8.so (found suitable version "3.8.10", minimum required is "3.5") 
[3.578s] -- Using PYTHON_EXECUTABLE: /usr/bin/python3
[3.578s] -- Using PYTHON_INCLUDE_DIRS: /usr/include/python3.8
[3.578s] -- Using PYTHON_LIBRARIES: /usr/lib/aarch64-linux-gnu/libpython3.8.so
[3.578s] -- Found PythonExtra: .so  
[4.706s] -- Added test 'copyright' to check source files copyright and LICENSE
[4.713s] -- Added test 'lint_cmake' to check CMake code style
[4.724s] -- Added test 'xmllint' to check XML markup files
[4.740s] -- Configuring done
[4.867s] -- Generating done
[4.917s] -- Build files have been written to: /home/can-02/Desktop/f1tenth_ws/build/teleop_tools_msgs
[4.963s] Invoked command in '/home/can-02/Desktop/f1tenth_ws/build/teleop_tools_msgs' returned '0': CMAKE_PREFIX_PATH=${CMAKE_PREFIX_PATH}:/home/can-02/Desktop/f1tenth_ws/install/f1tenth_stack:/home/can-02/Desktop/f1tenth_ws/install/joy_teleop:/home/can-02/Desktop/f1tenth_ws/install/particle_filter:/home/can-02/Desktop/f1tenth_ws/install/mouse_teleop:/home/can-02/Desktop/f1tenth_ws/install/key_teleop:/home/can-02/Desktop/f1tenth_ws/install/f1tenth_gym_ros:/home/can-02/Desktop/f1tenth_ws/install/adp_controller:/opt/ros/galactic /usr/bin/cmake /home/can-02/Desktop/f1tenth_ws/src/f1tenth_system/teleop_tools/teleop_tools_msgs -DCMAKE_INSTALL_PREFIX=/home/can-02/Desktop/f1tenth_ws/install/teleop_tools_msgs
[4.965s] Invoking command in '/home/can-02/Desktop/f1tenth_ws/build/teleop_tools_msgs': CMAKE_PREFIX_PATH=${CMAKE_PREFIX_PATH}:/home/can-02/Desktop/f1tenth_ws/install/f1tenth_stack:/home/can-02/Desktop/f1tenth_ws/install/joy_teleop:/home/can-02/Desktop/f1tenth_ws/install/particle_filter:/home/can-02/Desktop/f1tenth_ws/install/mouse_teleop:/home/can-02/Desktop/f1tenth_ws/install/key_teleop:/home/can-02/Desktop/f1tenth_ws/install/f1tenth_gym_ros:/home/can-02/Desktop/f1tenth_ws/install/adp_controller:/opt/ros/galactic /usr/bin/cmake --build /home/can-02/Desktop/f1tenth_ws/build/teleop_tools_msgs -- -j6 -l6
[5.167s] [35m[1mScanning dependencies of target teleop_tools_msgs__cpp[0m
[5.181s] [  3%] [34m[1mGenerating C code for ROS interfaces[0m
[5.267s] [  6%] [34m[1mGenerating C++ code for ROS interfaces[0m
[6.998s] [35m[1mScanning dependencies of target teleop_tools_msgs__rosidl_generator_c[0m
[7.077s] [  9%] [32mBuilding C object CMakeFiles/teleop_tools_msgs__rosidl_generator_c.dir/rosidl_generator_c/teleop_tools_msgs/action/detail/increment__functions.c.o[0m
[7.403s] [  9%] Built target teleop_tools_msgs__cpp
[7.486s] [ 12%] [34m[1mGenerating C++ introspection for ROS interfaces[0m
[7.518s] [ 16%] [34m[1mGenerating C++ type support dispatch for ROS interfaces[0m
[7.524s] [ 19%] [34m[1mGenerating C++ type support for eProsima Fast-RTPS[0m
[7.721s] [ 22%] [32m[1mLinking C shared library libteleop_tools_msgs__rosidl_generator_c.so[0m
[7.925s] [ 22%] Built target teleop_tools_msgs__rosidl_generator_c
[7.989s] [ 25%] [34m[1mGenerating C introspection for ROS interfaces[0m
[8.036s] [ 29%] [34m[1mGenerating C type support dispatch for ROS interfaces[0m
[9.044s] [35m[1mScanning dependencies of target teleop_tools_msgs__rosidl_typesupport_cpp[0m
[9.129s] [ 32%] [32mBuilding CXX object CMakeFiles/teleop_tools_msgs__rosidl_typesupport_cpp.dir/rosidl_typesupport_cpp/teleop_tools_msgs/action/increment__type_support.cpp.o[0m
[9.145s] [35m[1mScanning dependencies of target teleop_tools_msgs__rosidl_typesupport_introspection_cpp[0m
[9.250s] [ 35%] [32mBuilding CXX object CMakeFiles/teleop_tools_msgs__rosidl_typesupport_introspection_cpp.dir/rosidl_typesupport_introspection_cpp/teleop_tools_msgs/action/detail/increment__type_support.cpp.o[0m
[9.535s] [35m[1mScanning dependencies of target teleop_tools_msgs__rosidl_typesupport_c[0m
[9.646s] [35m[1mScanning dependencies of target teleop_tools_msgs__rosidl_typesupport_fastrtps_cpp[0m
[9.653s] [ 38%] [32mBuilding CXX object CMakeFiles/teleop_tools_msgs__rosidl_typesupport_c.dir/rosidl_typesupport_c/teleop_tools_msgs/action/increment__type_support.cpp.o[0m
[9.762s] [ 41%] [32mBuilding CXX object CMakeFiles/teleop_tools_msgs__rosidl_typesupport_fastrtps_cpp.dir/rosidl_typesupport_fastrtps_cpp/teleop_tools_msgs/action/detail/dds_fastrtps/increment__type_support.cpp.o[0m
[9.847s] [35m[1mScanning dependencies of target teleop_tools_msgs__rosidl_typesupport_introspection_c[0m
[9.965s] [ 45%] [32mBuilding C object CMakeFiles/teleop_tools_msgs__rosidl_typesupport_introspection_c.dir/rosidl_typesupport_introspection_c/teleop_tools_msgs/action/detail/increment__type_support.c.o[0m
[10.049s] [ 48%] [32m[1mLinking CXX shared library libteleop_tools_msgs__rosidl_typesupport_c.so[0m
[10.311s] [ 51%] [32m[1mLinking C shared library libteleop_tools_msgs__rosidl_typesupport_introspection_c.so[0m
[10.342s] [ 51%] Built target teleop_tools_msgs__rosidl_typesupport_c
[10.549s] [ 51%] Built target teleop_tools_msgs__rosidl_typesupport_introspection_c
[11.697s] [ 54%] [32m[1mLinking CXX shared library libteleop_tools_msgs__rosidl_typesupport_cpp.so[0m
[11.954s] [ 54%] Built target teleop_tools_msgs__rosidl_typesupport_cpp
[12.882s] [ 58%] [32m[1mLinking CXX shared library libteleop_tools_msgs__rosidl_typesupport_introspection_cpp.so[0m
[13.370s] [ 58%] Built target teleop_tools_msgs__rosidl_typesupport_introspection_cpp
[13.534s] [ 61%] [32m[1mLinking CXX shared library libteleop_tools_msgs__rosidl_typesupport_fastrtps_cpp.so[0m
[14.071s] [ 61%] Built target teleop_tools_msgs__rosidl_typesupport_fastrtps_cpp
[14.187s] [ 64%] [34m[1mGenerating C type support for eProsima Fast-RTPS[0m
[15.963s] [35m[1mScanning dependencies of target teleop_tools_msgs__rosidl_typesupport_fastrtps_c[0m
[16.080s] [ 67%] [32mBuilding CXX object CMakeFiles/teleop_tools_msgs__rosidl_typesupport_fastrtps_c.dir/rosidl_typesupport_fastrtps_c/teleop_tools_msgs/action/detail/increment__type_support_c.cpp.o[0m
[18.152s] [ 70%] [32m[1mLinking CXX shared library libteleop_tools_msgs__rosidl_typesupport_fastrtps_c.so[0m
[18.567s] [ 70%] Built target teleop_tools_msgs__rosidl_typesupport_fastrtps_c
[18.618s] [35m[1mScanning dependencies of target teleop_tools_msgs[0m
[18.694s] [ 70%] Built target teleop_tools_msgs
[18.790s] [35m[1mScanning dependencies of target teleop_tools_msgs__py[0m
[18.871s] [ 74%] [34m[1mGenerating Python code for ROS interfaces[0m
[21.153s] [ 74%] Built target teleop_tools_msgs__py
[21.246s] [35m[1mScanning dependencies of target teleop_tools_msgs__python[0m
[21.330s] [ 77%] [32mBuilding C object CMakeFiles/teleop_tools_msgs__python.dir/rosidl_generator_py/teleop_tools_msgs/action/_increment_s.c.o[0m
[21.709s] [ 80%] [32m[1mLinking C shared library rosidl_generator_py/teleop_tools_msgs/libteleop_tools_msgs__python.so[0m
[21.818s] [ 80%] Built target teleop_tools_msgs__python
[21.845s] [35m[1mScanning dependencies of target teleop_tools_msgs__rosidl_typesupport_c__pyext[0m
[21.862s] [35m[1mScanning dependencies of target teleop_tools_msgs__rosidl_typesupport_introspection_c__pyext[0m
[21.886s] [ 83%] [32mBuilding C object CMakeFiles/teleop_tools_msgs__rosidl_typesupport_c__pyext.dir/rosidl_generator_py/teleop_tools_msgs/_teleop_tools_msgs_s.ep.rosidl_typesupport_c.c.o[0m
[21.888s] [35m[1mScanning dependencies of target teleop_tools_msgs__rosidl_typesupport_fastrtps_c__pyext[0m
[21.920s] [ 87%] [32mBuilding C object CMakeFiles/teleop_tools_msgs__rosidl_typesupport_introspection_c__pyext.dir/rosidl_generator_py/teleop_tools_msgs/_teleop_tools_msgs_s.ep.rosidl_typesupport_introspection_c.c.o[0m
[21.949s] [ 90%] [32mBuilding C object CMakeFiles/teleop_tools_msgs__rosidl_typesupport_fastrtps_c__pyext.dir/rosidl_generator_py/teleop_tools_msgs/_teleop_tools_msgs_s.ep.rosidl_typesupport_fastrtps_c.c.o[0m
[22.196s] [ 93%] [32m[1mLinking C shared library rosidl_generator_py/teleop_tools_msgs/teleop_tools_msgs_s__rosidl_typesupport_introspection_c.cpython-38-aarch64-linux-gnu.so[0m
[22.202s] [ 96%] [32m[1mLinking C shared library rosidl_generator_py/teleop_tools_msgs/teleop_tools_msgs_s__rosidl_typesupport_c.cpython-38-aarch64-linux-gnu.so[0m
[22.247s] [100%] [32m[1mLinking CXX shared library rosidl_generator_py/teleop_tools_msgs/teleop_tools_msgs_s__rosidl_typesupport_fastrtps_c.cpython-38-aarch64-linux-gnu.so[0m
[22.319s] [100%] Built target teleop_tools_msgs__rosidl_typesupport_c__pyext
[22.350s] [100%] Built target teleop_tools_msgs__rosidl_typesupport_introspection_c__pyext
[22.413s] [100%] Built target teleop_tools_msgs__rosidl_typesupport_fastrtps_c__pyext
[22.445s] Invoked command in '/home/can-02/Desktop/f1tenth_ws/build/teleop_tools_msgs' returned '0': CMAKE_PREFIX_PATH=${CMAKE_PREFIX_PATH}:/home/can-02/Desktop/f1tenth_ws/install/f1tenth_stack:/home/can-02/Desktop/f1tenth_ws/install/joy_teleop:/home/can-02/Desktop/f1tenth_ws/install/particle_filter:/home/can-02/Desktop/f1tenth_ws/install/mouse_teleop:/home/can-02/Desktop/f1tenth_ws/install/key_teleop:/home/can-02/Desktop/f1tenth_ws/install/f1tenth_gym_ros:/home/can-02/Desktop/f1tenth_ws/install/adp_controller:/opt/ros/galactic /usr/bin/cmake --build /home/can-02/Desktop/f1tenth_ws/build/teleop_tools_msgs -- -j6 -l6
[22.493s] Invoking command in '/home/can-02/Desktop/f1tenth_ws/build/teleop_tools_msgs': CMAKE_PREFIX_PATH=${CMAKE_PREFIX_PATH}:/home/can-02/Desktop/f1tenth_ws/install/f1tenth_stack:/home/can-02/Desktop/f1tenth_ws/install/joy_teleop:/home/can-02/Desktop/f1tenth_ws/install/particle_filter:/home/can-02/Desktop/f1tenth_ws/install/mouse_teleop:/home/can-02/Desktop/f1tenth_ws/install/key_teleop:/home/can-02/Desktop/f1tenth_ws/install/f1tenth_gym_ros:/home/can-02/Desktop/f1tenth_ws/install/adp_controller:/opt/ros/galactic /usr/bin/cmake --install /home/can-02/Desktop/f1tenth_ws/build/teleop_tools_msgs
[22.511s] -- Install configuration: ""
[22.512s] -- Installing: /home/can-02/Desktop/f1tenth_ws/install/teleop_tools_msgs/share/ament_index/resource_index/rosidl_interfaces/teleop_tools_msgs
[22.512s] -- Installing: /home/can-02/Desktop/f1tenth_ws/install/teleop_tools_msgs/include/teleop_tools_msgs
[22.512s] -- Installing: /home/can-02/Desktop/f1tenth_ws/install/teleop_tools_msgs/include/teleop_tools_msgs/action
[22.512s] -- Installing: /home/can-02/Desktop/f1tenth_ws/install/teleop_tools_msgs/include/teleop_tools_msgs/action/increment.h
[22.513s] -- Installing: /home/can-02/Desktop/f1tenth_ws/install/teleop_tools_msgs/include/teleop_tools_msgs/action/detail
[22.513s] -- Installing: /home/can-02/Desktop/f1tenth_ws/install/teleop_tools_msgs/include/teleop_tools_msgs/action/detail/increment__functions.h
[22.513s] -- Installing: /home/can-02/Desktop/f1tenth_ws/install/teleop_tools_msgs/include/teleop_tools_msgs/action/detail/increment__struct.h
[22.513s] -- Installing: /home/can-02/Desktop/f1tenth_ws/install/teleop_tools_msgs/include/teleop_tools_msgs/action/detail/increment__type_support.h
[22.514s] -- Installing: /home/can-02/Desktop/f1tenth_ws/install/teleop_tools_msgs/include/teleop_tools_msgs/action/detail/increment__functions.c
[22.514s] -- Installing: /home/can-02/Desktop/f1tenth_ws/install/teleop_tools_msgs/include/teleop_tools_msgs/msg
[22.515s] -- Installing: /home/can-02/Desktop/f1tenth_ws/install/teleop_tools_msgs/include/teleop_tools_msgs/msg/rosidl_generator_c__visibility_control.h
[22.515s] -- Installing: /home/can-02/Desktop/f1tenth_ws/install/teleop_tools_msgs/share/teleop_tools_msgs/environment/library_path.sh
[22.515s] -- Installing: /home/can-02/Desktop/f1tenth_ws/install/teleop_tools_msgs/share/teleop_tools_msgs/environment/library_path.dsv
[22.519s] -- Installing: /home/can-02/Desktop/f1tenth_ws/install/teleop_tools_msgs/lib/libteleop_tools_msgs__rosidl_generator_c.so
[22.520s] -- Set runtime path of "/home/can-02/Desktop/f1tenth_ws/install/teleop_tools_msgs/lib/libteleop_tools_msgs__rosidl_generator_c.so" to ""
[22.520s] -- Up-to-date: /home/can-02/Desktop/f1tenth_ws/install/teleop_tools_msgs/include/teleop_tools_msgs
[22.522s] -- Up-to-date: /home/can-02/Desktop/f1tenth_ws/install/teleop_tools_msgs/include/teleop_tools_msgs/action
[22.522s] -- Up-to-date: /home/can-02/Desktop/f1tenth_ws/install/teleop_tools_msgs/include/teleop_tools_msgs/action/detail
[22.522s] -- Installing: /home/can-02/Desktop/f1tenth_ws/install/teleop_tools_msgs/include/teleop_tools_msgs/action/detail/increment__rosidl_typesupport_fastrtps_c.h
[22.523s] -- Up-to-date: /home/can-02/Desktop/f1tenth_ws/install/teleop_tools_msgs/include/teleop_tools_msgs/msg
[22.523s] -- Installing: /home/can-02/Desktop/f1tenth_ws/install/teleop_tools_msgs/include/teleop_tools_msgs/msg/rosidl_typesupport_fastrtps_c__visibility_control.h
[22.523s] -- Installing: /home/can-02/Desktop/f1tenth_ws/install/teleop_tools_msgs/lib/libteleop_tools_msgs__rosidl_typesupport_fastrtps_c.so
[22.523s] -- Set runtime path of "/home/can-02/Desktop/f1tenth_ws/install/teleop_tools_msgs/lib/libteleop_tools_msgs__rosidl_typesupport_fastrtps_c.so" to ""
[22.523s] -- Up-to-date: /home/can-02/Desktop/f1tenth_ws/install/teleop_tools_msgs/include/teleop_tools_msgs
[22.523s] -- Up-to-date: /home/can-02/Desktop/f1tenth_ws/install/teleop_tools_msgs/include/teleop_tools_msgs/action
[22.524s] -- Up-to-date: /home/can-02/Desktop/f1tenth_ws/install/teleop_tools_msgs/include/teleop_tools_msgs/action/detail
[22.524s] -- Installing: /home/can-02/Desktop/f1tenth_ws/install/teleop_tools_msgs/include/teleop_tools_msgs/action/detail/increment__rosidl_typesupport_fastrtps_cpp.hpp
[22.524s] -- Installing: /home/can-02/Desktop/f1tenth_ws/install/teleop_tools_msgs/include/teleop_tools_msgs/action/detail/dds_fastrtps
[22.524s] -- Up-to-date: /home/can-02/Desktop/f1tenth_ws/install/teleop_tools_msgs/include/teleop_tools_msgs/msg
[22.525s] -- Installing: /home/can-02/Desktop/f1tenth_ws/install/teleop_tools_msgs/include/teleop_tools_msgs/msg/rosidl_typesupport_fastrtps_cpp__visibility_control.h
[22.525s] -- Installing: /home/can-02/Desktop/f1tenth_ws/install/teleop_tools_msgs/lib/libteleop_tools_msgs__rosidl_typesupport_fastrtps_cpp.so
[22.525s] -- Set runtime path of "/home/can-02/Desktop/f1tenth_ws/install/teleop_tools_msgs/lib/libteleop_tools_msgs__rosidl_typesupport_fastrtps_cpp.so" to ""
[22.525s] -- Up-to-date: /home/can-02/Desktop/f1tenth_ws/install/teleop_tools_msgs/include/teleop_tools_msgs
[22.526s] -- Up-to-date: /home/can-02/Desktop/f1tenth_ws/install/teleop_tools_msgs/include/teleop_tools_msgs/action
[22.526s] -- Up-to-date: /home/can-02/Desktop/f1tenth_ws/install/teleop_tools_msgs/include/teleop_tools_msgs/action/detail
[22.526s] -- Installing: /home/can-02/Desktop/f1tenth_ws/install/teleop_tools_msgs/include/teleop_tools_msgs/action/detail/increment__rosidl_typesupport_introspection_c.h
[22.526s] -- Installing: /home/can-02/Desktop/f1tenth_ws/install/teleop_tools_msgs/include/teleop_tools_msgs/action/detail/increment__type_support.c
[22.526s] -- Up-to-date: /home/can-02/Desktop/f1tenth_ws/install/teleop_tools_msgs/include/teleop_tools_msgs/msg
[22.527s] -- Installing: /home/can-02/Desktop/f1tenth_ws/install/teleop_tools_msgs/include/teleop_tools_msgs/msg/rosidl_typesupport_introspection_c__visibility_control.h
[22.527s] -- Installing: /home/can-02/Desktop/f1tenth_ws/install/teleop_tools_msgs/lib/libteleop_tools_msgs__rosidl_typesupport_introspection_c.so
[22.527s] -- Set runtime path of "/home/can-02/Desktop/f1tenth_ws/install/teleop_tools_msgs/lib/libteleop_tools_msgs__rosidl_typesupport_introspection_c.so" to ""
[22.527s] -- Installing: /home/can-02/Desktop/f1tenth_ws/install/teleop_tools_msgs/lib/libteleop_tools_msgs__rosidl_typesupport_c.so
[22.527s] -- Set runtime path of "/home/can-02/Desktop/f1tenth_ws/install/teleop_tools_msgs/lib/libteleop_tools_msgs__rosidl_typesupport_c.so" to ""
[22.528s] -- Up-to-date: /home/can-02/Desktop/f1tenth_ws/install/teleop_tools_msgs/include/teleop_tools_msgs
[22.528s] -- Up-to-date: /home/can-02/Desktop/f1tenth_ws/install/teleop_tools_msgs/include/teleop_tools_msgs/action
[22.528s] -- Installing: /home/can-02/Desktop/f1tenth_ws/install/teleop_tools_msgs/include/teleop_tools_msgs/action/increment.hpp
[22.528s] -- Up-to-date: /home/can-02/Desktop/f1tenth_ws/install/teleop_tools_msgs/include/teleop_tools_msgs/action/detail
[22.529s] -- Installing: /home/can-02/Desktop/f1tenth_ws/install/teleop_tools_msgs/include/teleop_tools_msgs/action/detail/increment__traits.hpp
[22.529s] -- Installing: /home/can-02/Desktop/f1tenth_ws/install/teleop_tools_msgs/include/teleop_tools_msgs/action/detail/increment__struct.hpp
[22.529s] -- Installing: /home/can-02/Desktop/f1tenth_ws/install/teleop_tools_msgs/include/teleop_tools_msgs/action/detail/increment__builder.hpp
[22.529s] -- Up-to-date: /home/can-02/Desktop/f1tenth_ws/install/teleop_tools_msgs/include/teleop_tools_msgs
[22.529s] -- Up-to-date: /home/can-02/Desktop/f1tenth_ws/install/teleop_tools_msgs/include/teleop_tools_msgs/action
[22.530s] -- Up-to-date: /home/can-02/Desktop/f1tenth_ws/install/teleop_tools_msgs/include/teleop_tools_msgs/action/detail
[22.530s] -- Installing: /home/can-02/Desktop/f1tenth_ws/install/teleop_tools_msgs/include/teleop_tools_msgs/action/detail/increment__rosidl_typesupport_introspection_cpp.hpp
[22.530s] -- Installing: /home/can-02/Desktop/f1tenth_ws/install/teleop_tools_msgs/include/teleop_tools_msgs/action/detail/increment__type_support.cpp
[22.530s] -- Installing: /home/can-02/Desktop/f1tenth_ws/install/teleop_tools_msgs/lib/libteleop_tools_msgs__rosidl_typesupport_introspection_cpp.so
[22.531s] -- Set runtime path of "/home/can-02/Desktop/f1tenth_ws/install/teleop_tools_msgs/lib/libteleop_tools_msgs__rosidl_typesupport_introspection_cpp.so" to ""
[22.531s] -- Installing: /home/can-02/Desktop/f1tenth_ws/install/teleop_tools_msgs/lib/libteleop_tools_msgs__rosidl_typesupport_cpp.so
[22.532s] -- Set runtime path of "/home/can-02/Desktop/f1tenth_ws/install/teleop_tools_msgs/lib/libteleop_tools_msgs__rosidl_typesupport_cpp.so" to ""
[22.532s] -- Installing: /home/can-02/Desktop/f1tenth_ws/install/teleop_tools_msgs/share/teleop_tools_msgs/environment/pythonpath.sh
[22.532s] -- Installing: /home/can-02/Desktop/f1tenth_ws/install/teleop_tools_msgs/share/teleop_tools_msgs/environment/pythonpath.dsv
[22.533s] -- Installing: /home/can-02/Desktop/f1tenth_ws/install/teleop_tools_msgs/lib/python3.8/site-packages/teleop_tools_msgs/__init__.py
[22.613s] Compiling '/home/can-02/Desktop/f1tenth_ws/install/teleop_tools_msgs/lib/python3.8/site-packages/teleop_tools_msgs/__init__.py'...
[22.625s] -- Installing: /home/can-02/Desktop/f1tenth_ws/install/teleop_tools_msgs/lib/python3.8/site-packages/teleop_tools_msgs/action
[22.625s] -- Installing: /home/can-02/Desktop/f1tenth_ws/install/teleop_tools_msgs/lib/python3.8/site-packages/teleop_tools_msgs/action/_increment.py
[22.626s] -- Installing: /home/can-02/Desktop/f1tenth_ws/install/teleop_tools_msgs/lib/python3.8/site-packages/teleop_tools_msgs/action/_increment_s.c
[22.626s] -- Installing: /home/can-02/Desktop/f1tenth_ws/install/teleop_tools_msgs/lib/python3.8/site-packages/teleop_tools_msgs/action/__init__.py
[22.626s] -- Installing: /home/can-02/Desktop/f1tenth_ws/install/teleop_tools_msgs/lib/python3.8/site-packages/teleop_tools_msgs/teleop_tools_msgs_s__rosidl_typesupport_fastrtps_c.cpython-38-aarch64-linux-gnu.so
[22.628s] -- Set runtime path of "/home/can-02/Desktop/f1tenth_ws/install/teleop_tools_msgs/lib/python3.8/site-packages/teleop_tools_msgs/teleop_tools_msgs_s__rosidl_typesupport_fastrtps_c.cpython-38-aarch64-linux-gnu.so" to ""
[22.628s] -- Installing: /home/can-02/Desktop/f1tenth_ws/install/teleop_tools_msgs/lib/python3.8/site-packages/teleop_tools_msgs/teleop_tools_msgs_s__rosidl_typesupport_introspection_c.cpython-38-aarch64-linux-gnu.so
[22.629s] -- Set runtime path of "/home/can-02/Desktop/f1tenth_ws/install/teleop_tools_msgs/lib/python3.8/site-packages/teleop_tools_msgs/teleop_tools_msgs_s__rosidl_typesupport_introspection_c.cpython-38-aarch64-linux-gnu.so" to ""
[22.630s] -- Installing: /home/can-02/Desktop/f1tenth_ws/install/teleop_tools_msgs/lib/python3.8/site-packages/teleop_tools_msgs/teleop_tools_msgs_s__rosidl_typesupport_c.cpython-38-aarch64-linux-gnu.so
[22.631s] -- Set runtime path of "/home/can-02/Desktop/f1tenth_ws/install/teleop_tools_msgs/lib/python3.8/site-packages/teleop_tools_msgs/teleop_tools_msgs_s__rosidl_typesupport_c.cpython-38-aarch64-linux-gnu.so" to ""
[22.631s] -- Installing: /home/can-02/Desktop/f1tenth_ws/install/teleop_tools_msgs/lib/libteleop_tools_msgs__python.so
[22.632s] -- Set runtime path of "/home/can-02/Desktop/f1tenth_ws/install/teleop_tools_msgs/lib/libteleop_tools_msgs__python.so" to ""
[22.632s] -- Installing: /home/can-02/Desktop/f1tenth_ws/install/teleop_tools_msgs/share/teleop_tools_msgs/action/Increment.idl
[22.632s] -- Installing: /home/can-02/Desktop/f1tenth_ws/install/teleop_tools_msgs/share/teleop_tools_msgs/action/Increment.action
[22.633s] -- Installing: /home/can-02/Desktop/f1tenth_ws/install/teleop_tools_msgs/share/ament_index/resource_index/package_run_dependencies/teleop_tools_msgs
[22.633s] -- Installing: /home/can-02/Desktop/f1tenth_ws/install/teleop_tools_msgs/share/ament_index/resource_index/parent_prefix_path/teleop_tools_msgs
[22.634s] -- Installing: /home/can-02/Desktop/f1tenth_ws/install/teleop_tools_msgs/share/teleop_tools_msgs/environment/ament_prefix_path.sh
[22.634s] -- Installing: /home/can-02/Desktop/f1tenth_ws/install/teleop_tools_msgs/share/teleop_tools_msgs/environment/ament_prefix_path.dsv
[22.634s] -- Installing: /home/can-02/Desktop/f1tenth_ws/install/teleop_tools_msgs/share/teleop_tools_msgs/environment/path.sh
[22.635s] -- Installing: /home/can-02/Desktop/f1tenth_ws/install/teleop_tools_msgs/share/teleop_tools_msgs/environment/path.dsv
[22.635s] -- Installing: /home/can-02/Desktop/f1tenth_ws/install/teleop_tools_msgs/share/teleop_tools_msgs/local_setup.bash
[22.635s] -- Installing: /home/can-02/Desktop/f1tenth_ws/install/teleop_tools_msgs/share/teleop_tools_msgs/local_setup.sh
[22.636s] -- Installing: /home/can-02/Desktop/f1tenth_ws/install/teleop_tools_msgs/share/teleop_tools_msgs/local_setup.zsh
[22.636s] -- Installing: /home/can-02/Desktop/f1tenth_ws/install/teleop_tools_msgs/share/teleop_tools_msgs/local_setup.dsv
[22.638s] -- Installing: /home/can-02/Desktop/f1tenth_ws/install/teleop_tools_msgs/share/teleop_tools_msgs/package.dsv
[22.639s] -- Installing: /home/can-02/Desktop/f1tenth_ws/install/teleop_tools_msgs/share/ament_index/resource_index/packages/teleop_tools_msgs
[22.642s] -- Installing: /home/can-02/Desktop/f1tenth_ws/install/teleop_tools_msgs/share/teleop_tools_msgs/cmake/teleop_tools_msgs__rosidl_generator_cExport.cmake
[22.642s] -- Installing: /home/can-02/Desktop/f1tenth_ws/install/teleop_tools_msgs/share/teleop_tools_msgs/cmake/teleop_tools_msgs__rosidl_generator_cExport-noconfig.cmake
[22.642s] -- Installing: /home/can-02/Desktop/f1tenth_ws/install/teleop_tools_msgs/share/teleop_tools_msgs/cmake/teleop_tools_msgs__rosidl_typesupport_introspection_cExport.cmake
[22.642s] -- Installing: /home/can-02/Desktop/f1tenth_ws/install/teleop_tools_msgs/share/teleop_tools_msgs/cmake/teleop_tools_msgs__rosidl_typesupport_introspection_cExport-noconfig.cmake
[22.643s] -- Installing: /home/can-02/Desktop/f1tenth_ws/install/teleop_tools_msgs/share/teleop_tools_msgs/cmake/teleop_tools_msgs__rosidl_typesupport_cExport.cmake
[22.643s] -- Installing: /home/can-02/Desktop/f1tenth_ws/install/teleop_tools_msgs/share/teleop_tools_msgs/cmake/teleop_tools_msgs__rosidl_typesupport_cExport-noconfig.cmake
[22.643s] -- Installing: /home/can-02/Desktop/f1tenth_ws/install/teleop_tools_msgs/share/teleop_tools_msgs/cmake/teleop_tools_msgs__rosidl_generator_cppExport.cmake
[22.643s] -- Installing: /home/can-02/Desktop/f1tenth_ws/install/teleop_tools_msgs/share/teleop_tools_msgs/cmake/teleop_tools_msgs__rosidl_typesupport_introspection_cppExport.cmake
[22.643s] -- Installing: /home/can-02/Desktop/f1tenth_ws/install/teleop_tools_msgs/share/teleop_tools_msgs/cmake/teleop_tools_msgs__rosidl_typesupport_introspection_cppExport-noconfig.cmake
[22.643s] -- Installing: /home/can-02/Desktop/f1tenth_ws/install/teleop_tools_msgs/share/teleop_tools_msgs/cmake/teleop_tools_msgs__rosidl_typesupport_cppExport.cmake
[22.644s] -- Installing: /home/can-02/Desktop/f1tenth_ws/install/teleop_tools_msgs/share/teleop_tools_msgs/cmake/teleop_tools_msgs__rosidl_typesupport_cppExport-noconfig.cmake
[22.644s] -- Installing: /home/can-02/Desktop/f1tenth_ws/install/teleop_tools_msgs/share/teleop_tools_msgs/cmake/rosidl_cmake-extras.cmake
[22.644s] -- Installing: /home/can-02/Desktop/f1tenth_ws/install/teleop_tools_msgs/share/teleop_tools_msgs/cmake/ament_cmake_export_dependencies-extras.cmake
[22.644s] -- Installing: /home/can-02/Desktop/f1tenth_ws/install/teleop_tools_msgs/share/teleop_tools_msgs/cmake/ament_cmake_export_libraries-extras.cmake
[22.644s] -- Installing: /home/can-02/Desktop/f1tenth_ws/install/teleop_tools_msgs/share/teleop_tools_msgs/cmake/ament_cmake_export_targets-extras.cmake
[22.645s] -- Installing: /home/can-02/Desktop/f1tenth_ws/install/teleop_tools_msgs/share/teleop_tools_msgs/cmake/ament_cmake_export_include_directories-extras.cmake
[22.645s] -- Installing: /home/can-02/Desktop/f1tenth_ws/install/teleop_tools_msgs/share/teleop_tools_msgs/cmake/rosidl_cmake_export_typesupport_libraries-extras.cmake
[22.645s] -- Installing: /home/can-02/Desktop/f1tenth_ws/install/teleop_tools_msgs/share/teleop_tools_msgs/cmake/rosidl_cmake_export_typesupport_targets-extras.cmake
[22.646s] -- Installing: /home/can-02/Desktop/f1tenth_ws/install/teleop_tools_msgs/share/teleop_tools_msgs/cmake/teleop_tools_msgsConfig.cmake
[22.646s] -- Installing: /home/can-02/Desktop/f1tenth_ws/install/teleop_tools_msgs/share/teleop_tools_msgs/cmake/teleop_tools_msgsConfig-version.cmake
[22.646s] -- Installing: /home/can-02/Desktop/f1tenth_ws/install/teleop_tools_msgs/share/teleop_tools_msgs/package.xml
[22.653s] Invoked command in '/home/can-02/Desktop/f1tenth_ws/build/teleop_tools_msgs' returned '0': CMAKE_PREFIX_PATH=${CMAKE_PREFIX_PATH}:/home/can-02/Desktop/f1tenth_ws/install/f1tenth_stack:/home/can-02/Desktop/f1tenth_ws/install/joy_teleop:/home/can-02/Desktop/f1tenth_ws/install/particle_filter:/home/can-02/Desktop/f1tenth_ws/install/mouse_teleop:/home/can-02/Desktop/f1tenth_ws/install/key_teleop:/home/can-02/Desktop/f1tenth_ws/install/f1tenth_gym_ros:/home/can-02/Desktop/f1tenth_ws/install/adp_controller:/opt/ros/galactic /usr/bin/cmake --install /home/can-02/Desktop/f1tenth_ws/build/teleop_tools_msgs
