[6.661s] Invoking command in '/home/can-02/Desktop/f1tenth_ws/src/f1tenth_system/teleop_tools/mouse_teleop': PYTHONPATH=/home/can-02/Desktop/f1tenth_ws/build/mouse_teleop/prefix_override:/usr/lib/python3/dist-packages/colcon_core/task/python/colcon_distutils_commands:/home/can-02/Desktop/f1tenth_ws/install/mouse_teleop/lib/python3.8/site-packages:${PYTHONPATH} /usr/bin/python3 -W ignore:setup.py install is deprecated -W ignore:easy_install command is deprecated setup.py egg_info --egg-base ../../../../build/mouse_teleop build --build-base /home/can-02/Desktop/f1tenth_ws/build/mouse_teleop/build install --record /home/can-02/Desktop/f1tenth_ws/build/mouse_teleop/install.log --install-scripts $base/lib/mouse_teleop --single-version-externally-managed install_data
[7.895s] /home/can-02/.local/lib/python3.8/site-packages/setuptools/dist.py:771: UserWarning: Usage of dash-separated 'script-dir' will not be supported in future versions. Please use the underscore name 'script_dir' instead
[7.895s]   warnings.warn(
[8.240s] running egg_info
[8.314s] writing ../../../../build/mouse_teleop/mouse_teleop.egg-info/PKG-INFO
[8.315s] writing dependency_links to ../../../../build/mouse_teleop/mouse_teleop.egg-info/dependency_links.txt
[8.315s] writing entry points to ../../../../build/mouse_teleop/mouse_teleop.egg-info/entry_points.txt
[8.316s] writing requirements to ../../../../build/mouse_teleop/mouse_teleop.egg-info/requires.txt
[8.316s] writing top-level names to ../../../../build/mouse_teleop/mouse_teleop.egg-info/top_level.txt
[8.406s] reading manifest file '../../../../build/mouse_teleop/mouse_teleop.egg-info/SOURCES.txt'
[8.406s] adding license file 'LICENSE'
[8.406s] writing manifest file '../../../../build/mouse_teleop/mouse_teleop.egg-info/SOURCES.txt'
[8.407s] running build
[8.407s] running build_py
[8.409s] running install
[8.420s] running install_lib
[8.465s] running install_data
[8.466s] running install_egg_info
[8.510s] removing '/home/can-02/Desktop/f1tenth_ws/install/mouse_teleop/lib/python3.8/site-packages/mouse_teleop-0.3.0-py3.8.egg-info' (and everything under it)
[8.511s] Copying ../../../../build/mouse_teleop/mouse_teleop.egg-info to /home/can-02/Desktop/f1tenth_ws/install/mouse_teleop/lib/python3.8/site-packages/mouse_teleop-0.3.0-py3.8.egg-info
[8.515s] running install_scripts
[8.705s] Installing mouse_teleop script to /home/can-02/Desktop/f1tenth_ws/install/mouse_teleop/lib/mouse_teleop
[8.706s] writing list of installed files to '/home/can-02/Desktop/f1tenth_ws/build/mouse_teleop/install.log'
[8.861s] Invoked command in '/home/can-02/Desktop/f1tenth_ws/src/f1tenth_system/teleop_tools/mouse_teleop' returned '0': PYTHONPATH=/home/can-02/Desktop/f1tenth_ws/build/mouse_teleop/prefix_override:/usr/lib/python3/dist-packages/colcon_core/task/python/colcon_distutils_commands:/home/can-02/Desktop/f1tenth_ws/install/mouse_teleop/lib/python3.8/site-packages:${PYTHONPATH} /usr/bin/python3 -W ignore:setup.py install is deprecated -W ignore:easy_install command is deprecated setup.py egg_info --egg-base ../../../../build/mouse_teleop build --build-base /home/can-02/Desktop/f1tenth_ws/build/mouse_teleop/build install --record /home/can-02/Desktop/f1tenth_ws/build/mouse_teleop/install.log --install-scripts $base/lib/mouse_teleop --single-version-externally-managed install_data
