[7.534s] Invoking command in '/home/can-02/Desktop/f1tenth_ws/src/f1tenth_system/teleop_tools/mouse_teleop': PYTHONPATH=/home/can-02/Desktop/f1tenth_ws/build/mouse_teleop/prefix_override:/usr/lib/python3/dist-packages/colcon_core/task/python/colcon_distutils_commands:/home/can-02/Desktop/f1tenth_ws/install/mouse_teleop/lib/python3.8/site-packages:${PYTHONPATH} /usr/bin/python3 -W ignore:setup.py install is deprecated -W ignore:easy_install command is deprecated setup.py egg_info --egg-base ../../../../build/mouse_teleop build --build-base /home/can-02/Desktop/f1tenth_ws/build/mouse_teleop/build install --record /home/can-02/Desktop/f1tenth_ws/build/mouse_teleop/install.log --install-scripts $base/lib/mouse_teleop --single-version-externally-managed install_data
[9.064s] /home/can-02/.local/lib/python3.8/site-packages/setuptools/dist.py:771: UserWarning: Usage of dash-separated 'script-dir' will not be supported in future versions. Please use the underscore name 'script_dir' instead
[9.064s]   warnings.warn(
[9.442s] running egg_info
[9.444s] creating ../../../../build/mouse_teleop/mouse_teleop.egg-info
[9.486s] writing ../../../../build/mouse_teleop/mouse_teleop.egg-info/PKG-INFO
[9.487s] writing dependency_links to ../../../../build/mouse_teleop/mouse_teleop.egg-info/dependency_links.txt
[9.488s] writing entry points to ../../../../build/mouse_teleop/mouse_teleop.egg-info/entry_points.txt
[9.489s] writing requirements to ../../../../build/mouse_teleop/mouse_teleop.egg-info/requires.txt
[9.489s] writing top-level names to ../../../../build/mouse_teleop/mouse_teleop.egg-info/top_level.txt
[9.492s] writing manifest file '../../../../build/mouse_teleop/mouse_teleop.egg-info/SOURCES.txt'
[9.621s] reading manifest file '../../../../build/mouse_teleop/mouse_teleop.egg-info/SOURCES.txt'
[9.621s] adding license file 'LICENSE'
[9.623s] writing manifest file '../../../../build/mouse_teleop/mouse_teleop.egg-info/SOURCES.txt'
[9.624s] running build
[9.625s] running build_py
[9.626s] creating /home/can-02/Desktop/f1tenth_ws/build/mouse_teleop/build
[9.626s] creating /home/can-02/Desktop/f1tenth_ws/build/mouse_teleop/build/lib
[9.626s] creating /home/can-02/Desktop/f1tenth_ws/build/mouse_teleop/build/lib/mouse_teleop
[9.627s] copying mouse_teleop/mouse_teleop.py -> /home/can-02/Desktop/f1tenth_ws/build/mouse_teleop/build/lib/mouse_teleop
[9.627s] copying mouse_teleop/__init__.py -> /home/can-02/Desktop/f1tenth_ws/build/mouse_teleop/build/lib/mouse_teleop
[9.628s] running install
[9.643s] running install_lib
[9.691s] creating /home/can-02/Desktop/f1tenth_ws/install/mouse_teleop/lib/python3.8/site-packages/mouse_teleop
[9.692s] copying /home/can-02/Desktop/f1tenth_ws/build/mouse_teleop/build/lib/mouse_teleop/mouse_teleop.py -> /home/can-02/Desktop/f1tenth_ws/install/mouse_teleop/lib/python3.8/site-packages/mouse_teleop
[9.692s] copying /home/can-02/Desktop/f1tenth_ws/build/mouse_teleop/build/lib/mouse_teleop/__init__.py -> /home/can-02/Desktop/f1tenth_ws/install/mouse_teleop/lib/python3.8/site-packages/mouse_teleop
[9.694s] byte-compiling /home/can-02/Desktop/f1tenth_ws/install/mouse_teleop/lib/python3.8/site-packages/mouse_teleop/mouse_teleop.py to mouse_teleop.cpython-38.pyc
[9.698s] byte-compiling /home/can-02/Desktop/f1tenth_ws/install/mouse_teleop/lib/python3.8/site-packages/mouse_teleop/__init__.py to __init__.cpython-38.pyc
[9.699s] running install_data
[9.699s] copying package.xml -> /home/can-02/Desktop/f1tenth_ws/install/mouse_teleop/share/mouse_teleop
[9.700s] creating /home/can-02/Desktop/f1tenth_ws/install/mouse_teleop/share/mouse_teleop/config
[9.700s] copying config/mouse_teleop.yaml -> /home/can-02/Desktop/f1tenth_ws/install/mouse_teleop/share/mouse_teleop/config
[9.701s] creating /home/can-02/Desktop/f1tenth_ws/install/mouse_teleop/share/mouse_teleop/launch
[9.701s] copying launch/mouse_teleop.launch.py -> /home/can-02/Desktop/f1tenth_ws/install/mouse_teleop/share/mouse_teleop/launch
[9.701s] creating /home/can-02/Desktop/f1tenth_ws/install/mouse_teleop/share/ament_index
[9.702s] creating /home/can-02/Desktop/f1tenth_ws/install/mouse_teleop/share/ament_index/resource_index
[9.702s] creating /home/can-02/Desktop/f1tenth_ws/install/mouse_teleop/share/ament_index/resource_index/packages
[9.702s] copying resource/mouse_teleop -> /home/can-02/Desktop/f1tenth_ws/install/mouse_teleop/share/ament_index/resource_index/packages
[9.703s] running install_egg_info
[9.753s] Copying ../../../../build/mouse_teleop/mouse_teleop.egg-info to /home/can-02/Desktop/f1tenth_ws/install/mouse_teleop/lib/python3.8/site-packages/mouse_teleop-0.3.0-py3.8.egg-info
[9.757s] running install_scripts
[9.945s] Installing mouse_teleop script to /home/can-02/Desktop/f1tenth_ws/install/mouse_teleop/lib/mouse_teleop
[9.946s] writing list of installed files to '/home/can-02/Desktop/f1tenth_ws/build/mouse_teleop/install.log'
[10.109s] Invoked command in '/home/can-02/Desktop/f1tenth_ws/src/f1tenth_system/teleop_tools/mouse_teleop' returned '0': PYTHONPATH=/home/can-02/Desktop/f1tenth_ws/build/mouse_teleop/prefix_override:/usr/lib/python3/dist-packages/colcon_core/task/python/colcon_distutils_commands:/home/can-02/Desktop/f1tenth_ws/install/mouse_teleop/lib/python3.8/site-packages:${PYTHONPATH} /usr/bin/python3 -W ignore:setup.py install is deprecated -W ignore:easy_install command is deprecated setup.py egg_info --egg-base ../../../../build/mouse_teleop build --build-base /home/can-02/Desktop/f1tenth_ws/build/mouse_teleop/build install --record /home/can-02/Desktop/f1tenth_ws/build/mouse_teleop/install.log --install-scripts $base/lib/mouse_teleop --single-version-externally-managed install_data
