/home/can-02/Desktop/f1tenth_ws/install/adp_controller/lib/python3.8/site-packages/adp_controller/adp_raceline_control.py
/home/can-02/Desktop/f1tenth_ws/install/adp_controller/lib/python3.8/site-packages/adp_controller/__init__.py
/home/can-02/Desktop/f1tenth_ws/install/adp_controller/lib/python3.8/site-packages/adp_controller/frenet_error_node.py
/home/can-02/Desktop/f1tenth_ws/install/adp_controller/lib/python3.8/site-packages/adp_controller/__pycache__/adp_raceline_control.cpython-38.pyc
/home/can-02/Desktop/f1tenth_ws/install/adp_controller/lib/python3.8/site-packages/adp_controller/__pycache__/__init__.cpython-38.pyc
/home/can-02/Desktop/f1tenth_ws/install/adp_controller/lib/python3.8/site-packages/adp_controller/__pycache__/frenet_error_node.cpython-38.pyc
/home/can-02/Desktop/f1tenth_ws/install/adp_controller/share/adp_controller/package.xml
/home/can-02/Desktop/f1tenth_ws/install/adp_controller/share/adp_controller/launch/full_stack_launch.py
/home/can-02/Desktop/f1tenth_ws/install/adp_controller/share/adp_controller/scripts/utils/adp_gain_table.npy
/home/can-02/Desktop/f1tenth_ws/install/adp_controller/share/adp_controller/scripts/utils/vx_grid.npy
/home/can-02/Desktop/f1tenth_ws/install/adp_controller/share/adp_controller/scripts/utils/kappa_grid.npy
/home/can-02/Desktop/f1tenth_ws/install/adp_controller/lib/python3.8/site-packages/adp_controller-0.0.0-py3.8.egg-info/SOURCES.txt
/home/can-02/Desktop/f1tenth_ws/install/adp_controller/lib/python3.8/site-packages/adp_controller-0.0.0-py3.8.egg-info/zip-safe
/home/can-02/Desktop/f1tenth_ws/install/adp_controller/lib/python3.8/site-packages/adp_controller-0.0.0-py3.8.egg-info/top_level.txt
/home/can-02/Desktop/f1tenth_ws/install/adp_controller/lib/python3.8/site-packages/adp_controller-0.0.0-py3.8.egg-info/requires.txt
/home/can-02/Desktop/f1tenth_ws/install/adp_controller/lib/python3.8/site-packages/adp_controller-0.0.0-py3.8.egg-info/entry_points.txt
/home/can-02/Desktop/f1tenth_ws/install/adp_controller/lib/python3.8/site-packages/adp_controller-0.0.0-py3.8.egg-info/PKG-INFO
/home/can-02/Desktop/f1tenth_ws/install/adp_controller/lib/python3.8/site-packages/adp_controller-0.0.0-py3.8.egg-info/dependency_links.txt
/home/can-02/Desktop/f1tenth_ws/install/adp_controller/lib/adp_controller/adp_raceline_control
/home/can-02/Desktop/f1tenth_ws/install/adp_controller/lib/adp_controller/frenet_error_node
/home/can-02/Desktop/f1tenth_ws/install/adp_controller/lib/adp_controller/raceline_publisher
