[6.723s] Invoking command in '/home/can-02/Desktop/f1tenth_ws/src/adp_controller': PYTHONPATH=/home/can-02/Desktop/f1tenth_ws/build/adp_controller/prefix_override:/usr/lib/python3/dist-packages/colcon_core/task/python/colcon_distutils_commands:/home/can-02/Desktop/f1tenth_ws/install/adp_controller/lib/python3.8/site-packages:${PYTHONPATH} /usr/bin/python3 -W ignore:setup.py install is deprecated -W ignore:easy_install command is deprecated setup.py egg_info --egg-base ../../build/adp_controller build --build-base /home/can-02/Desktop/f1tenth_ws/build/adp_controller/build install --record /home/can-02/Desktop/f1tenth_ws/build/adp_controller/install.log --single-version-externally-managed install_data
[8.858s] running egg_info
[8.946s] writing ../../build/adp_controller/adp_controller.egg-info/PKG-INFO
[8.948s] writing dependency_links to ../../build/adp_controller/adp_controller.egg-info/dependency_links.txt
[8.950s] writing entry points to ../../build/adp_controller/adp_controller.egg-info/entry_points.txt
[8.951s] writing requirements to ../../build/adp_controller/adp_controller.egg-info/requires.txt
[8.952s] writing top-level names to ../../build/adp_controller/adp_controller.egg-info/top_level.txt
[9.045s] reading manifest file '../../build/adp_controller/adp_controller.egg-info/SOURCES.txt'
[9.053s] writing manifest file '../../build/adp_controller/adp_controller.egg-info/SOURCES.txt'
[9.055s] running build
[9.056s] running build_py
[9.057s] copying adp_controller/adp_raceline_control.py -> /home/can-02/Desktop/f1tenth_ws/build/adp_controller/build/lib/adp_controller
[9.059s] running install
[9.085s] running install_lib
[9.136s] copying /home/can-02/Desktop/f1tenth_ws/build/adp_controller/build/lib/adp_controller/adp_raceline_control.py -> /home/can-02/Desktop/f1tenth_ws/install/adp_controller/lib/python3.8/site-packages/adp_controller
[9.139s] byte-compiling /home/can-02/Desktop/f1tenth_ws/install/adp_controller/lib/python3.8/site-packages/adp_controller/adp_raceline_control.py to adp_raceline_control.cpython-38.pyc
[9.142s] running install_data
[9.143s] running install_egg_info
[9.200s] removing '/home/can-02/Desktop/f1tenth_ws/install/adp_controller/lib/python3.8/site-packages/adp_controller-0.0.0-py3.8.egg-info' (and everything under it)
[9.201s] Copying ../../build/adp_controller/adp_controller.egg-info to /home/can-02/Desktop/f1tenth_ws/install/adp_controller/lib/python3.8/site-packages/adp_controller-0.0.0-py3.8.egg-info
[9.205s] running install_scripts
[9.383s] Installing adp_raceline_control script to /home/can-02/Desktop/f1tenth_ws/install/adp_controller/lib/adp_controller
[9.384s] Installing frenet_error_node script to /home/can-02/Desktop/f1tenth_ws/install/adp_controller/lib/adp_controller
[9.384s] Installing raceline_publisher script to /home/can-02/Desktop/f1tenth_ws/install/adp_controller/lib/adp_controller
[9.384s] writing list of installed files to '/home/can-02/Desktop/f1tenth_ws/build/adp_controller/install.log'
[9.992s] Invoked command in '/home/can-02/Desktop/f1tenth_ws/src/adp_controller' returned '0': PYTHONPATH=/home/can-02/Desktop/f1tenth_ws/build/adp_controller/prefix_override:/usr/lib/python3/dist-packages/colcon_core/task/python/colcon_distutils_commands:/home/can-02/Desktop/f1tenth_ws/install/adp_controller/lib/python3.8/site-packages:${PYTHONPATH} /usr/bin/python3 -W ignore:setup.py install is deprecated -W ignore:easy_install command is deprecated setup.py egg_info --egg-base ../../build/adp_controller build --build-base /home/can-02/Desktop/f1tenth_ws/build/adp_controller/build install --record /home/can-02/Desktop/f1tenth_ws/build/adp_controller/install.log --single-version-externally-managed install_data
