[2.942s] Invoking command in '/home/can-02/Desktop/f1tenth_ws/src/adp_controller': PYTHONPATH=/home/can-02/Desktop/f1tenth_ws/build/adp_controller/prefix_override:/usr/lib/python3/dist-packages/colcon_core/task/python/colcon_distutils_commands:/home/can-02/Desktop/f1tenth_ws/install/adp_controller/lib/python3.8/site-packages:${PYTHONPATH} /usr/bin/python3 -W ignore:setup.py install is deprecated -W ignore:easy_install command is deprecated setup.py egg_info --egg-base ../../build/adp_controller build --build-base /home/can-02/Desktop/f1tenth_ws/build/adp_controller/build install --record /home/can-02/Desktop/f1tenth_ws/build/adp_controller/install.log --single-version-externally-managed install_data
[4.040s] running egg_info
[4.114s] writing ../../build/adp_controller/adp_controller.egg-info/PKG-INFO
[4.115s] writing dependency_links to ../../build/adp_controller/adp_controller.egg-info/dependency_links.txt
[4.115s] writing entry points to ../../build/adp_controller/adp_controller.egg-info/entry_points.txt
[4.116s] writing requirements to ../../build/adp_controller/adp_controller.egg-info/requires.txt
[4.116s] writing top-level names to ../../build/adp_controller/adp_controller.egg-info/top_level.txt
[4.203s] reading manifest file '../../build/adp_controller/adp_controller.egg-info/SOURCES.txt'
[4.206s] writing manifest file '../../build/adp_controller/adp_controller.egg-info/SOURCES.txt'
[4.206s] running build
[4.207s] running build_py
[4.207s] running install
[4.221s] running install_lib
[4.263s] running install_data
[4.264s] running install_egg_info
[4.308s] removing '/home/can-02/Desktop/f1tenth_ws/install/adp_controller/lib/python3.8/site-packages/adp_controller-0.0.0-py3.8.egg-info' (and everything under it)
[4.312s] Copying ../../build/adp_controller/adp_controller.egg-info to /home/can-02/Desktop/f1tenth_ws/install/adp_controller/lib/python3.8/site-packages/adp_controller-0.0.0-py3.8.egg-info
[4.313s] running install_scripts
[4.475s] Installing adp_raceline_control script to /home/can-02/Desktop/f1tenth_ws/install/adp_controller/lib/adp_controller
[4.476s] Installing frenet_error_node script to /home/can-02/Desktop/f1tenth_ws/install/adp_controller/lib/adp_controller
[4.476s] Installing raceline_publisher script to /home/can-02/Desktop/f1tenth_ws/install/adp_controller/lib/adp_controller
[4.477s] writing list of installed files to '/home/can-02/Desktop/f1tenth_ws/build/adp_controller/install.log'
[4.619s] Invoked command in '/home/can-02/Desktop/f1tenth_ws/src/adp_controller' returned '0': PYTHONPATH=/home/can-02/Desktop/f1tenth_ws/build/adp_controller/prefix_override:/usr/lib/python3/dist-packages/colcon_core/task/python/colcon_distutils_commands:/home/can-02/Desktop/f1tenth_ws/install/adp_controller/lib/python3.8/site-packages:${PYTHONPATH} /usr/bin/python3 -W ignore:setup.py install is deprecated -W ignore:easy_install command is deprecated setup.py egg_info --egg-base ../../build/adp_controller build --build-base /home/can-02/Desktop/f1tenth_ws/build/adp_controller/build install --record /home/can-02/Desktop/f1tenth_ws/build/adp_controller/install.log --single-version-externally-managed install_data
