[01m[K/home/can-02/Desktop/f1tenth_ws/src/f1tenth_system/vesc/vesc_ackermann/src/ackermann_to_vesc.cpp:[m[K In constructor ‘[01m[Kvesc_ackermann::AckermannToVesc::AckermannToVesc(const rclcpp::NodeOptions&)[m[K’:
[01m[K/home/can-02/Desktop/f1tenth_ws/src/f1tenth_system/vesc/vesc_ackermann/src/ackermann_to_vesc.cpp:51:63:[m[K [01;35m[Kwarning: [m[K‘[01m[Kconst rclcpp::ParameterValue& rclcpp::Node::declare_parameter(const string&)[m[K’ is deprecated: declare_parameter() with only a name is deprecated and will be deleted in the future.\nIf you want to declare a parameter that won't change type without a default value use:\n`node->declare_parameter<ParameterT>(name)`, where e.g. ParameterT=int64_t.\n\nIf you want to declare a parameter that can dynamically change type use:\n```\nrcl_interfaces::msg::ParameterDescriptor descriptor;\ndescriptor.dynamic_typing = true;\nnode->declare_parameter(name, rclcpp::ParameterValue{}, descriptor);\n``` [[01;35m[K-Wdeprecated-declarations[m[K]
   51 |   speed_to_erpm_gain_ = declare_parameter("speed_to_erpm_gain"[01;35m[K)[m[K.get<double>();
      |                                                               [01;35m[K^[m[K
In file included from [01m[K/opt/ros/galactic/include/rclcpp/executors/single_threaded_executor.hpp:28[m[K,
                 from [01m[K/opt/ros/galactic/include/rclcpp/executors.hpp:22[m[K,
                 from [01m[K/opt/ros/galactic/include/rclcpp/rclcpp.hpp:156[m[K,
                 from [01m[K/home/can-02/Desktop/f1tenth_ws/src/f1tenth_system/vesc/vesc_ackermann/include/vesc_ackermann/ackermann_to_vesc.hpp:35[m[K,
                 from [01m[K/home/can-02/Desktop/f1tenth_ws/src/f1tenth_system/vesc/vesc_ackermann/src/ackermann_to_vesc.cpp:31[m[K:
[01m[K/opt/ros/galactic/include/rclcpp/node.hpp:422:3:[m[K [01;36m[Knote: [m[Kdeclared here
  422 |   [01;36m[Kdeclare_parameter[m[K(const std::string & name);
      |   [01;36m[K^~~~~~~~~~~~~~~~~[m[K
[01m[K/home/can-02/Desktop/f1tenth_ws/src/f1tenth_system/vesc/vesc_ackermann/src/ackermann_to_vesc.cpp:52:67:[m[K [01;35m[Kwarning: [m[K‘[01m[Kconst rclcpp::ParameterValue& rclcpp::Node::declare_parameter(const string&)[m[K’ is deprecated: declare_parameter() with only a name is deprecated and will be deleted in the future.\nIf you want to declare a parameter that won't change type without a default value use:\n`node->declare_parameter<ParameterT>(name)`, where e.g. ParameterT=int64_t.\n\nIf you want to declare a parameter that can dynamically change type use:\n```\nrcl_interfaces::msg::ParameterDescriptor descriptor;\ndescriptor.dynamic_typing = true;\nnode->declare_parameter(name, rclcpp::ParameterValue{}, descriptor);\n``` [[01;35m[K-Wdeprecated-declarations[m[K]
   52 |   speed_to_erpm_offset_ = declare_parameter("speed_to_erpm_offset"[01;35m[K)[m[K.get<double>();
      |                                                                   [01;35m[K^[m[K
In file included from [01m[K/opt/ros/galactic/include/rclcpp/executors/single_threaded_executor.hpp:28[m[K,
                 from [01m[K/opt/ros/galactic/include/rclcpp/executors.hpp:22[m[K,
                 from [01m[K/opt/ros/galactic/include/rclcpp/rclcpp.hpp:156[m[K,
                 from [01m[K/home/can-02/Desktop/f1tenth_ws/src/f1tenth_system/vesc/vesc_ackermann/include/vesc_ackermann/ackermann_to_vesc.hpp:35[m[K,
                 from [01m[K/home/can-02/Desktop/f1tenth_ws/src/f1tenth_system/vesc/vesc_ackermann/src/ackermann_to_vesc.cpp:31[m[K:
[01m[K/opt/ros/galactic/include/rclcpp/node.hpp:422:3:[m[K [01;36m[Knote: [m[Kdeclared here
  422 |   [01;36m[Kdeclare_parameter[m[K(const std::string & name);
      |   [01;36m[K^~~~~~~~~~~~~~~~~[m[K
[01m[K/home/can-02/Desktop/f1tenth_ws/src/f1tenth_system/vesc/vesc_ackermann/src/ackermann_to_vesc.cpp:53:77:[m[K [01;35m[Kwarning: [m[K‘[01m[Kconst rclcpp::ParameterValue& rclcpp::Node::declare_parameter(const string&)[m[K’ is deprecated: declare_parameter() with only a name is deprecated and will be deleted in the future.\nIf you want to declare a parameter that won't change type without a default value use:\n`node->declare_parameter<ParameterT>(name)`, where e.g. ParameterT=int64_t.\n\nIf you want to declare a parameter that can dynamically change type use:\n```\nrcl_interfaces::msg::ParameterDescriptor descriptor;\ndescriptor.dynamic_typing = true;\nnode->declare_parameter(name, rclcpp::ParameterValue{}, descriptor);\n``` [[01;35m[K-Wdeprecated-declarations[m[K]
   53 |   steering_to_servo_gain_ = declare_parameter("steering_angle_to_servo_gain"[01;35m[K)[m[K.get<double>();
      |                                                                             [01;35m[K^[m[K
In file included from [01m[K/opt/ros/galactic/include/rclcpp/executors/single_threaded_executor.hpp:28[m[K,
                 from [01m[K/opt/ros/galactic/include/rclcpp/executors.hpp:22[m[K,
                 from [01m[K/opt/ros/galactic/include/rclcpp/rclcpp.hpp:156[m[K,
                 from [01m[K/home/can-02/Desktop/f1tenth_ws/src/f1tenth_system/vesc/vesc_ackermann/include/vesc_ackermann/ackermann_to_vesc.hpp:35[m[K,
                 from [01m[K/home/can-02/Desktop/f1tenth_ws/src/f1tenth_system/vesc/vesc_ackermann/src/ackermann_to_vesc.cpp:31[m[K:
[01m[K/opt/ros/galactic/include/rclcpp/node.hpp:422:3:[m[K [01;36m[Knote: [m[Kdeclared here
  422 |   [01;36m[Kdeclare_parameter[m[K(const std::string & name);
      |   [01;36m[K^~~~~~~~~~~~~~~~~[m[K
[01m[K/home/can-02/Desktop/f1tenth_ws/src/f1tenth_system/vesc/vesc_ackermann/src/ackermann_to_vesc.cpp:54:81:[m[K [01;35m[Kwarning: [m[K‘[01m[Kconst rclcpp::ParameterValue& rclcpp::Node::declare_parameter(const string&)[m[K’ is deprecated: declare_parameter() with only a name is deprecated and will be deleted in the future.\nIf you want to declare a parameter that won't change type without a default value use:\n`node->declare_parameter<ParameterT>(name)`, where e.g. ParameterT=int64_t.\n\nIf you want to declare a parameter that can dynamically change type use:\n```\nrcl_interfaces::msg::ParameterDescriptor descriptor;\ndescriptor.dynamic_typing = true;\nnode->declare_parameter(name, rclcpp::ParameterValue{}, descriptor);\n``` [[01;35m[K-Wdeprecated-declarations[m[K]
   54 |   steering_to_servo_offset_ = declare_parameter("steering_angle_to_servo_offset"[01;35m[K)[m[K.get<double>();
      |                                                                                 [01;35m[K^[m[K
In file included from [01m[K/opt/ros/galactic/include/rclcpp/executors/single_threaded_executor.hpp:28[m[K,
                 from [01m[K/opt/ros/galactic/include/rclcpp/executors.hpp:22[m[K,
                 from [01m[K/opt/ros/galactic/include/rclcpp/rclcpp.hpp:156[m[K,
                 from [01m[K/home/can-02/Desktop/f1tenth_ws/src/f1tenth_system/vesc/vesc_ackermann/include/vesc_ackermann/ackermann_to_vesc.hpp:35[m[K,
                 from [01m[K/home/can-02/Desktop/f1tenth_ws/src/f1tenth_system/vesc/vesc_ackermann/src/ackermann_to_vesc.cpp:31[m[K:
[01m[K/opt/ros/galactic/include/rclcpp/node.hpp:422:3:[m[K [01;36m[Knote: [m[Kdeclared here
  422 |   [01;36m[Kdeclare_parameter[m[K(const std::string & name);
      |   [01;36m[K^~~~~~~~~~~~~~~~~[m[K
[01m[K/home/can-02/Desktop/f1tenth_ws/src/f1tenth_system/vesc/vesc_ackermann/src/vesc_to_odom.cpp:[m[K In constructor ‘[01m[Kvesc_ackermann::VescToOdom::VescToOdom(const rclcpp::NodeOptions&)[m[K’:
[01m[K/home/can-02/Desktop/f1tenth_ws/src/f1tenth_system/vesc/vesc_ackermann/src/vesc_to_odom.cpp:63:63:[m[K [01;35m[Kwarning: [m[K‘[01m[Kconst rclcpp::ParameterValue& rclcpp::Node::declare_parameter(const string&)[m[K’ is deprecated: declare_parameter() with only a name is deprecated and will be deleted in the future.\nIf you want to declare a parameter that won't change type without a default value use:\n`node->declare_parameter<ParameterT>(name)`, where e.g. ParameterT=int64_t.\n\nIf you want to declare a parameter that can dynamically change type use:\n```\nrcl_interfaces::msg::ParameterDescriptor descriptor;\ndescriptor.dynamic_typing = true;\nnode->declare_parameter(name, rclcpp::ParameterValue{}, descriptor);\n``` [[01;35m[K-Wdeprecated-declarations[m[K]
   63 |   speed_to_erpm_gain_ = declare_parameter("speed_to_erpm_gain"[01;35m[K)[m[K.get<double>();
      |                                                               [01;35m[K^[m[K
In file included from [01m[K/opt/ros/galactic/include/rclcpp/executors/single_threaded_executor.hpp:28[m[K,
                 from [01m[K/opt/ros/galactic/include/rclcpp/executors.hpp:22[m[K,
                 from [01m[K/opt/ros/galactic/include/rclcpp/rclcpp.hpp:156[m[K,
                 from [01m[K/home/can-02/Desktop/f1tenth_ws/src/f1tenth_system/vesc/vesc_ackermann/include/vesc_ackermann/vesc_to_odom.hpp:35[m[K,
                 from [01m[K/home/can-02/Desktop/f1tenth_ws/src/f1tenth_system/vesc/vesc_ackermann/src/vesc_to_odom.cpp:31[m[K:
[01m[K/opt/ros/galactic/include/rclcpp/node.hpp:422:3:[m[K [01;36m[Knote: [m[Kdeclared here
  422 |   [01;36m[Kdeclare_parameter[m[K(const std::string & name);
      |   [01;36m[K^~~~~~~~~~~~~~~~~[m[K
[01m[K/home/can-02/Desktop/f1tenth_ws/src/f1tenth_system/vesc/vesc_ackermann/src/vesc_to_odom.cpp:64:67:[m[K [01;35m[Kwarning: [m[K‘[01m[Kconst rclcpp::ParameterValue& rclcpp::Node::declare_parameter(const string&)[m[K’ is deprecated: declare_parameter() with only a name is deprecated and will be deleted in the future.\nIf you want to declare a parameter that won't change type without a default value use:\n`node->declare_parameter<ParameterT>(name)`, where e.g. ParameterT=int64_t.\n\nIf you want to declare a parameter that can dynamically change type use:\n```\nrcl_interfaces::msg::ParameterDescriptor descriptor;\ndescriptor.dynamic_typing = true;\nnode->declare_parameter(name, rclcpp::ParameterValue{}, descriptor);\n``` [[01;35m[K-Wdeprecated-declarations[m[K]
   64 |   speed_to_erpm_offset_ = declare_parameter("speed_to_erpm_offset"[01;35m[K)[m[K.get<double>();
      |                                                                   [01;35m[K^[m[K
In file included from [01m[K/opt/ros/galactic/include/rclcpp/executors/single_threaded_executor.hpp:28[m[K,
                 from [01m[K/opt/ros/galactic/include/rclcpp/executors.hpp:22[m[K,
                 from [01m[K/opt/ros/galactic/include/rclcpp/rclcpp.hpp:156[m[K,
                 from [01m[K/home/can-02/Desktop/f1tenth_ws/src/f1tenth_system/vesc/vesc_ackermann/include/vesc_ackermann/vesc_to_odom.hpp:35[m[K,
                 from [01m[K/home/can-02/Desktop/f1tenth_ws/src/f1tenth_system/vesc/vesc_ackermann/src/vesc_to_odom.cpp:31[m[K:
[01m[K/opt/ros/galactic/include/rclcpp/node.hpp:422:3:[m[K [01;36m[Knote: [m[Kdeclared here
  422 |   [01;36m[Kdeclare_parameter[m[K(const std::string & name);
      |   [01;36m[K^~~~~~~~~~~~~~~~~[m[K
[01m[K/home/can-02/Desktop/f1tenth_ws/src/f1tenth_system/vesc/vesc_ackermann/src/vesc_to_odom.cpp:67:79:[m[K [01;35m[Kwarning: [m[K‘[01m[Kconst rclcpp::ParameterValue& rclcpp::Node::declare_parameter(const string&)[m[K’ is deprecated: declare_parameter() with only a name is deprecated and will be deleted in the future.\nIf you want to declare a parameter that won't change type without a default value use:\n`node->declare_parameter<ParameterT>(name)`, where e.g. ParameterT=int64_t.\n\nIf you want to declare a parameter that can dynamically change type use:\n```\nrcl_interfaces::msg::ParameterDescriptor descriptor;\ndescriptor.dynamic_typing = true;\nnode->declare_parameter(name, rclcpp::ParameterValue{}, descriptor);\n``` [[01;35m[K-Wdeprecated-declarations[m[K]
   67 |     steering_to_servo_gain_ = declare_parameter("steering_angle_to_servo_gain"[01;35m[K)[m[K.get<double>();
      |                                                                               [01;35m[K^[m[K
In file included from [01m[K/opt/ros/galactic/include/rclcpp/executors/single_threaded_executor.hpp:28[m[K,
                 from [01m[K/opt/ros/galactic/include/rclcpp/executors.hpp:22[m[K,
                 from [01m[K/opt/ros/galactic/include/rclcpp/rclcpp.hpp:156[m[K,
                 from [01m[K/home/can-02/Desktop/f1tenth_ws/src/f1tenth_system/vesc/vesc_ackermann/include/vesc_ackermann/vesc_to_odom.hpp:35[m[K,
                 from [01m[K/home/can-02/Desktop/f1tenth_ws/src/f1tenth_system/vesc/vesc_ackermann/src/vesc_to_odom.cpp:31[m[K:
[01m[K/opt/ros/galactic/include/rclcpp/node.hpp:422:3:[m[K [01;36m[Knote: [m[Kdeclared here
  422 |   [01;36m[Kdeclare_parameter[m[K(const std::string & name);
      |   [01;36m[K^~~~~~~~~~~~~~~~~[m[K
[01m[K/home/can-02/Desktop/f1tenth_ws/src/f1tenth_system/vesc/vesc_ackermann/src/vesc_to_odom.cpp:68:83:[m[K [01;35m[Kwarning: [m[K‘[01m[Kconst rclcpp::ParameterValue& rclcpp::Node::declare_parameter(const string&)[m[K’ is deprecated: declare_parameter() with only a name is deprecated and will be deleted in the future.\nIf you want to declare a parameter that won't change type without a default value use:\n`node->declare_parameter<ParameterT>(name)`, where e.g. ParameterT=int64_t.\n\nIf you want to declare a parameter that can dynamically change type use:\n```\nrcl_interfaces::msg::ParameterDescriptor descriptor;\ndescriptor.dynamic_typing = true;\nnode->declare_parameter(name, rclcpp::ParameterValue{}, descriptor);\n``` [[01;35m[K-Wdeprecated-declarations[m[K]
   68 |     steering_to_servo_offset_ = declare_parameter("steering_angle_to_servo_offset"[01;35m[K)[m[K.get<double>();
      |                                                                                   [01;35m[K^[m[K
In file included from [01m[K/opt/ros/galactic/include/rclcpp/executors/single_threaded_executor.hpp:28[m[K,
                 from [01m[K/opt/ros/galactic/include/rclcpp/executors.hpp:22[m[K,
                 from [01m[K/opt/ros/galactic/include/rclcpp/rclcpp.hpp:156[m[K,
                 from [01m[K/home/can-02/Desktop/f1tenth_ws/src/f1tenth_system/vesc/vesc_ackermann/include/vesc_ackermann/vesc_to_odom.hpp:35[m[K,
                 from [01m[K/home/can-02/Desktop/f1tenth_ws/src/f1tenth_system/vesc/vesc_ackermann/src/vesc_to_odom.cpp:31[m[K:
[01m[K/opt/ros/galactic/include/rclcpp/node.hpp:422:3:[m[K [01;36m[Knote: [m[Kdeclared here
  422 |   [01;36m[Kdeclare_parameter[m[K(const std::string & name);
      |   [01;36m[K^~~~~~~~~~~~~~~~~[m[K
[01m[K/home/can-02/Desktop/f1tenth_ws/src/f1tenth_system/vesc/vesc_ackermann/src/vesc_to_odom.cpp:69:47:[m[K [01;35m[Kwarning: [m[K‘[01m[Kconst rclcpp::ParameterValue& rclcpp::Node::declare_parameter(const string&)[m[K’ is deprecated: declare_parameter() with only a name is deprecated and will be deleted in the future.\nIf you want to declare a parameter that won't change type without a default value use:\n`node->declare_parameter<ParameterT>(name)`, where e.g. ParameterT=int64_t.\n\nIf you want to declare a parameter that can dynamically change type use:\n```\nrcl_interfaces::msg::ParameterDescriptor descriptor;\ndescriptor.dynamic_typing = true;\nnode->declare_parameter(name, rclcpp::ParameterValue{}, descriptor);\n``` [[01;35m[K-Wdeprecated-declarations[m[K]
   69 |     wheelbase_ = declare_parameter("wheelbase"[01;35m[K)[m[K.get<double>();
      |                                               [01;35m[K^[m[K
In file included from [01m[K/opt/ros/galactic/include/rclcpp/executors/single_threaded_executor.hpp:28[m[K,
                 from [01m[K/opt/ros/galactic/include/rclcpp/executors.hpp:22[m[K,
                 from [01m[K/opt/ros/galactic/include/rclcpp/rclcpp.hpp:156[m[K,
                 from [01m[K/home/can-02/Desktop/f1tenth_ws/src/f1tenth_system/vesc/vesc_ackermann/include/vesc_ackermann/vesc_to_odom.hpp:35[m[K,
                 from [01m[K/home/can-02/Desktop/f1tenth_ws/src/f1tenth_system/vesc/vesc_ackermann/src/vesc_to_odom.cpp:31[m[K:
[01m[K/opt/ros/galactic/include/rclcpp/node.hpp:422:3:[m[K [01;36m[Knote: [m[Kdeclared here
  422 |   [01;36m[Kdeclare_parameter[m[K(const std::string & name);
      |   [01;36m[K^~~~~~~~~~~~~~~~~[m[K
