[0.056s] Invoking command in '/home/can-02/Desktop/f1tenth_ws/build/vesc_ackermann': CMAKE_PREFIX_PATH=/home/can-02/Desktop/f1tenth_ws/install/vesc_msgs:/home/can-02/Desktop/f1tenth_ws/install/vesc:/home/can-02/Desktop/f1tenth_ws/install/vesc_driver:/home/can-02/Desktop/f1tenth_ws/install/vesc_ackermann:/home/can-02/Desktop/f1tenth_ws/install/teleop_tools:/home/can-02/Desktop/f1tenth_ws/install/teleop_tools_msgs:/home/can-02/Desktop/f1tenth_ws/install/ackermann_mux:/home/can-02/Desktop/f1tenth_ws/install/f1tenth_stack:/home/can-02/Desktop/f1tenth_ws/install/joy_teleop:/home/can-02/Desktop/f1tenth_ws/install/particle_filter:/home/can-02/Desktop/f1tenth_ws/install/mouse_teleop:/home/can-02/Desktop/f1tenth_ws/install/key_teleop:/home/can-02/Desktop/f1tenth_ws/install/f1tenth_gym_ros:/home/can-02/Desktop/f1tenth_ws/install/adp_controller:/opt/ros/galactic LD_LIBRARY_PATH=/home/can-02/Desktop/f1tenth_ws/install/vesc_msgs/lib:/home/can-02/Desktop/f1tenth_ws/install/vesc_driver/lib:/home/can-02/Desktop/f1tenth_ws/install/vesc_ackermann/lib:/home/can-02/Desktop/f1tenth_ws/install/teleop_tools_msgs/lib:/opt/ros/galactic/opt/yaml_cpp_vendor/lib:/opt/ros/galactic/opt/rviz_ogre_vendor/lib:/opt/ros/galactic/lib/aarch64-linux-gnu:/opt/ros/galactic/lib:/usr/local/cuda-11.4/lib64 PYTHONPATH=/home/can-02/Desktop/f1tenth_ws/install/vesc_msgs/lib/python3.8/site-packages:/home/can-02/Desktop/f1tenth_ws/install/f1tenth_stack/lib/python3.8/site-packages:/home/can-02/Desktop/f1tenth_ws/install/joy_teleop/lib/python3.8/site-packages:/home/can-02/Desktop/f1tenth_ws/install/teleop_tools_msgs/lib/python3.8/site-packages:/home/can-02/Desktop/f1tenth_ws/install/particle_filter/lib/python3.8/site-packages:/home/can-02/Desktop/f1tenth_ws/install/mouse_teleop/lib/python3.8/site-packages:/home/can-02/Desktop/f1tenth_ws/install/key_teleop/lib/python3.8/site-packages:/home/can-02/Desktop/f1tenth_ws/install/f1tenth_gym_ros/lib/python3.8/site-packages:/home/can-02/Desktop/f1tenth_ws/install/adp_controller/lib/python3.8/site-packages:/opt/ros/galactic/lib/python3.8/site-packages /usr/bin/cmake /home/can-02/Desktop/f1tenth_ws/src/f1tenth_system/vesc/vesc_ackermann -DCMAKE_INSTALL_PREFIX=/home/can-02/Desktop/f1tenth_ws/install/vesc_ackermann
[0.225s] -- The C compiler identification is GNU 9.4.0
[0.352s] -- The CXX compiler identification is GNU 9.4.0
[0.364s] -- Check for working C compiler: /usr/bin/cc
[0.526s] -- Check for working C compiler: /usr/bin/cc -- works
[0.528s] -- Detecting C compiler ABI info
[0.702s] -- Detecting C compiler ABI info - done
[0.725s] -- Detecting C compile features
[0.726s] -- Detecting C compile features - done
[0.734s] -- Check for working CXX compiler: /usr/bin/c++
[0.950s] -- Check for working CXX compiler: /usr/bin/c++ -- works
[0.952s] -- Detecting CXX compiler ABI info
[1.158s] -- Detecting CXX compiler ABI info - done
[1.180s] -- Detecting CXX compile features
[1.181s] -- Detecting CXX compile features - done
[1.188s] -- Found ament_cmake_auto: 1.1.6 (/opt/ros/galactic/share/ament_cmake_auto/cmake)
[1.261s] -- Found PythonInterp: /usr/bin/python3 (found suitable version "3.8.10", minimum required is "3") 
[1.262s] -- Using PYTHON_EXECUTABLE: /usr/bin/python3
[1.734s] -- Using all available rosidl_typesupport_c: rosidl_typesupport_fastrtps_c;rosidl_typesupport_introspection_c
[1.754s] -- Found rosidl_adapter: 2.2.3 (/opt/ros/galactic/share/rosidl_adapter/cmake)
[1.979s] -- Found OpenSSL: /usr/lib/aarch64-linux-gnu/libcrypto.so (found version "1.1.1f")  
[2.059s] -- Found FastRTPS: /opt/ros/galactic/include  
[2.261s] -- Using all available rosidl_typesupport_cpp: rosidl_typesupport_fastrtps_cpp;rosidl_typesupport_introspection_cpp
[2.821s] -- Found rmw_implementation_cmake: 3.3.1 (/opt/ros/galactic/share/rmw_implementation_cmake/cmake)
[2.830s] -- Found rmw_cyclonedds_cpp: 0.22.6 (/opt/ros/galactic/share/rmw_cyclonedds_cpp/cmake)
[2.874s] -- Using RMW implementation 'rmw_cyclonedds_cpp' as default
[2.877s] -- Looking for pthread.h
[3.050s] -- Looking for pthread.h - found
[3.051s] -- Performing Test CMAKE_HAVE_LIBC_PTHREAD
[3.226s] -- Performing Test CMAKE_HAVE_LIBC_PTHREAD - Failed
[3.226s] -- Looking for pthread_create in pthreads
[3.383s] -- Looking for pthread_create in pthreads - not found
[3.385s] -- Looking for pthread_create in pthread
[3.549s] -- Looking for pthread_create in pthread - found
[3.550s] -- Found Threads: TRUE  
[4.809s] -- Found ament_lint_auto: 0.10.7 (/opt/ros/galactic/share/ament_lint_auto/cmake)
[4.872s] -- Added test 'copyright' to check source files copyright and LICENSE
[4.875s] -- Added test 'cppcheck' to perform static code analysis on C / C++ code
[4.875s] -- Configured cppcheck include dirs: /home/can-02/Desktop/f1tenth_ws/src/f1tenth_system/vesc/vesc_ackermann/include
[4.876s] -- Configured cppcheck exclude dirs and/or files: 
[4.879s] -- Added test 'cpplint' to check C / C++ code against the Google style
[4.879s] -- Configured cpplint exclude dirs and/or files: 
[4.881s] -- Added test 'lint_cmake' to check CMake code style
[4.884s] -- Added test 'uncrustify' to check C / C++ code style
[4.884s] -- Configured uncrustify additional arguments: 
[4.886s] -- Added test 'xmllint' to check XML markup files
[4.902s] -- Configuring done
[4.950s] -- Generating done
[4.972s] -- Build files have been written to: /home/can-02/Desktop/f1tenth_ws/build/vesc_ackermann
[5.001s] Invoked command in '/home/can-02/Desktop/f1tenth_ws/build/vesc_ackermann' returned '0': CMAKE_PREFIX_PATH=/home/can-02/Desktop/f1tenth_ws/install/vesc_msgs:/home/can-02/Desktop/f1tenth_ws/install/vesc:/home/can-02/Desktop/f1tenth_ws/install/vesc_driver:/home/can-02/Desktop/f1tenth_ws/install/vesc_ackermann:/home/can-02/Desktop/f1tenth_ws/install/teleop_tools:/home/can-02/Desktop/f1tenth_ws/install/teleop_tools_msgs:/home/can-02/Desktop/f1tenth_ws/install/ackermann_mux:/home/can-02/Desktop/f1tenth_ws/install/f1tenth_stack:/home/can-02/Desktop/f1tenth_ws/install/joy_teleop:/home/can-02/Desktop/f1tenth_ws/install/particle_filter:/home/can-02/Desktop/f1tenth_ws/install/mouse_teleop:/home/can-02/Desktop/f1tenth_ws/install/key_teleop:/home/can-02/Desktop/f1tenth_ws/install/f1tenth_gym_ros:/home/can-02/Desktop/f1tenth_ws/install/adp_controller:/opt/ros/galactic LD_LIBRARY_PATH=/home/can-02/Desktop/f1tenth_ws/install/vesc_msgs/lib:/home/can-02/Desktop/f1tenth_ws/install/vesc_driver/lib:/home/can-02/Desktop/f1tenth_ws/install/vesc_ackermann/lib:/home/can-02/Desktop/f1tenth_ws/install/teleop_tools_msgs/lib:/opt/ros/galactic/opt/yaml_cpp_vendor/lib:/opt/ros/galactic/opt/rviz_ogre_vendor/lib:/opt/ros/galactic/lib/aarch64-linux-gnu:/opt/ros/galactic/lib:/usr/local/cuda-11.4/lib64 PYTHONPATH=/home/can-02/Desktop/f1tenth_ws/install/vesc_msgs/lib/python3.8/site-packages:/home/can-02/Desktop/f1tenth_ws/install/f1tenth_stack/lib/python3.8/site-packages:/home/can-02/Desktop/f1tenth_ws/install/joy_teleop/lib/python3.8/site-packages:/home/can-02/Desktop/f1tenth_ws/install/teleop_tools_msgs/lib/python3.8/site-packages:/home/can-02/Desktop/f1tenth_ws/install/particle_filter/lib/python3.8/site-packages:/home/can-02/Desktop/f1tenth_ws/install/mouse_teleop/lib/python3.8/site-packages:/home/can-02/Desktop/f1tenth_ws/install/key_teleop/lib/python3.8/site-packages:/home/can-02/Desktop/f1tenth_ws/install/f1tenth_gym_ros/lib/python3.8/site-packages:/home/can-02/Desktop/f1tenth_ws/install/adp_controller/lib/python3.8/site-packages:/opt/ros/galactic/lib/python3.8/site-packages /usr/bin/cmake /home/can-02/Desktop/f1tenth_ws/src/f1tenth_system/vesc/vesc_ackermann -DCMAKE_INSTALL_PREFIX=/home/can-02/Desktop/f1tenth_ws/install/vesc_ackermann
[5.009s] Invoking command in '/home/can-02/Desktop/f1tenth_ws/build/vesc_ackermann': CMAKE_PREFIX_PATH=/home/can-02/Desktop/f1tenth_ws/install/vesc_msgs:/home/can-02/Desktop/f1tenth_ws/install/vesc:/home/can-02/Desktop/f1tenth_ws/install/vesc_driver:/home/can-02/Desktop/f1tenth_ws/install/vesc_ackermann:/home/can-02/Desktop/f1tenth_ws/install/teleop_tools:/home/can-02/Desktop/f1tenth_ws/install/teleop_tools_msgs:/home/can-02/Desktop/f1tenth_ws/install/ackermann_mux:/home/can-02/Desktop/f1tenth_ws/install/f1tenth_stack:/home/can-02/Desktop/f1tenth_ws/install/joy_teleop:/home/can-02/Desktop/f1tenth_ws/install/particle_filter:/home/can-02/Desktop/f1tenth_ws/install/mouse_teleop:/home/can-02/Desktop/f1tenth_ws/install/key_teleop:/home/can-02/Desktop/f1tenth_ws/install/f1tenth_gym_ros:/home/can-02/Desktop/f1tenth_ws/install/adp_controller:/opt/ros/galactic LD_LIBRARY_PATH=/home/can-02/Desktop/f1tenth_ws/install/vesc_msgs/lib:/home/can-02/Desktop/f1tenth_ws/install/vesc_driver/lib:/home/can-02/Desktop/f1tenth_ws/install/vesc_ackermann/lib:/home/can-02/Desktop/f1tenth_ws/install/teleop_tools_msgs/lib:/opt/ros/galactic/opt/yaml_cpp_vendor/lib:/opt/ros/galactic/opt/rviz_ogre_vendor/lib:/opt/ros/galactic/lib/aarch64-linux-gnu:/opt/ros/galactic/lib:/usr/local/cuda-11.4/lib64 PYTHONPATH=/home/can-02/Desktop/f1tenth_ws/install/vesc_msgs/lib/python3.8/site-packages:/home/can-02/Desktop/f1tenth_ws/install/f1tenth_stack/lib/python3.8/site-packages:/home/can-02/Desktop/f1tenth_ws/install/joy_teleop/lib/python3.8/site-packages:/home/can-02/Desktop/f1tenth_ws/install/teleop_tools_msgs/lib/python3.8/site-packages:/home/can-02/Desktop/f1tenth_ws/install/particle_filter/lib/python3.8/site-packages:/home/can-02/Desktop/f1tenth_ws/install/mouse_teleop/lib/python3.8/site-packages:/home/can-02/Desktop/f1tenth_ws/install/key_teleop/lib/python3.8/site-packages:/home/can-02/Desktop/f1tenth_ws/install/f1tenth_gym_ros/lib/python3.8/site-packages:/home/can-02/Desktop/f1tenth_ws/install/adp_controller/lib/python3.8/site-packages:/opt/ros/galactic/lib/python3.8/site-packages /usr/bin/cmake --build /home/can-02/Desktop/f1tenth_ws/build/vesc_ackermann -- -j6 -l6
[5.111s] [35m[1mScanning dependencies of target ackermann_to_vesc_node[0m
[5.111s] [35m[1mScanning dependencies of target vesc_to_odom_node[0m
[5.112s] [35m[1mScanning dependencies of target vesc_ackermann[0m
[5.195s] [ 28%] [32mBuilding CXX object CMakeFiles/ackermann_to_vesc_node.dir/rclcpp_components/node_main_ackermann_to_vesc_node.cpp.o[0m
[5.195s] [ 28%] [32mBuilding CXX object CMakeFiles/vesc_to_odom_node.dir/rclcpp_components/node_main_vesc_to_odom_node.cpp.o[0m
[5.265s] [ 42%] [32mBuilding CXX object CMakeFiles/vesc_ackermann.dir/src/ackermann_to_vesc.cpp.o[0m
[5.265s] [ 57%] [32mBuilding CXX object CMakeFiles/vesc_ackermann.dir/src/vesc_to_odom.cpp.o[0m
[13.314s] [01m[K/home/can-02/Desktop/f1tenth_ws/src/f1tenth_system/vesc/vesc_ackermann/src/ackermann_to_vesc.cpp:[m[K In constructor ‘[01m[Kvesc_ackermann::AckermannToVesc::AckermannToVesc(const rclcpp::NodeOptions&)[m[K’:
[13.314s] [01m[K/home/can-02/Desktop/f1tenth_ws/src/f1tenth_system/vesc/vesc_ackermann/src/ackermann_to_vesc.cpp:51:63:[m[K [01;35m[Kwarning: [m[K‘[01m[Kconst rclcpp::ParameterValue& rclcpp::Node::declare_parameter(const string&)[m[K’ is deprecated: declare_parameter() with only a name is deprecated and will be deleted in the future.\nIf you want to declare a parameter that won't change type without a default value use:\n`node->declare_parameter<ParameterT>(name)`, where e.g. ParameterT=int64_t.\n\nIf you want to declare a parameter that can dynamically change type use:\n```\nrcl_interfaces::msg::ParameterDescriptor descriptor;\ndescriptor.dynamic_typing = true;\nnode->declare_parameter(name, rclcpp::ParameterValue{}, descriptor);\n``` [[01;35m[K-Wdeprecated-declarations[m[K]
[13.315s]    51 |   speed_to_erpm_gain_ = declare_parameter("speed_to_erpm_gain"[01;35m[K)[m[K.get<double>();
[13.315s]       |                                                               [01;35m[K^[m[K
[13.315s] In file included from [01m[K/opt/ros/galactic/include/rclcpp/executors/single_threaded_executor.hpp:28[m[K,
[13.315s]                  from [01m[K/opt/ros/galactic/include/rclcpp/executors.hpp:22[m[K,
[13.315s]                  from [01m[K/opt/ros/galactic/include/rclcpp/rclcpp.hpp:156[m[K,
[13.315s]                  from [01m[K/home/can-02/Desktop/f1tenth_ws/src/f1tenth_system/vesc/vesc_ackermann/include/vesc_ackermann/ackermann_to_vesc.hpp:35[m[K,
[13.315s]                  from [01m[K/home/can-02/Desktop/f1tenth_ws/src/f1tenth_system/vesc/vesc_ackermann/src/ackermann_to_vesc.cpp:31[m[K:
[13.316s] [01m[K/opt/ros/galactic/include/rclcpp/node.hpp:422:3:[m[K [01;36m[Knote: [m[Kdeclared here
[13.316s]   422 |   [01;36m[Kdeclare_parameter[m[K(const std::string & name);
[13.316s]       |   [01;36m[K^~~~~~~~~~~~~~~~~[m[K
[13.317s] [01m[K/home/can-02/Desktop/f1tenth_ws/src/f1tenth_system/vesc/vesc_ackermann/src/ackermann_to_vesc.cpp:52:67:[m[K [01;35m[Kwarning: [m[K‘[01m[Kconst rclcpp::ParameterValue& rclcpp::Node::declare_parameter(const string&)[m[K’ is deprecated: declare_parameter() with only a name is deprecated and will be deleted in the future.\nIf you want to declare a parameter that won't change type without a default value use:\n`node->declare_parameter<ParameterT>(name)`, where e.g. ParameterT=int64_t.\n\nIf you want to declare a parameter that can dynamically change type use:\n```\nrcl_interfaces::msg::ParameterDescriptor descriptor;\ndescriptor.dynamic_typing = true;\nnode->declare_parameter(name, rclcpp::ParameterValue{}, descriptor);\n``` [[01;35m[K-Wdeprecated-declarations[m[K]
[13.318s]    52 |   speed_to_erpm_offset_ = declare_parameter("speed_to_erpm_offset"[01;35m[K)[m[K.get<double>();
[13.318s]       |                                                                   [01;35m[K^[m[K
[13.318s] In file included from [01m[K/opt/ros/galactic/include/rclcpp/executors/single_threaded_executor.hpp:28[m[K,
[13.318s]                  from [01m[K/opt/ros/galactic/include/rclcpp/executors.hpp:22[m[K,
[13.318s]                  from [01m[K/opt/ros/galactic/include/rclcpp/rclcpp.hpp:156[m[K,
[13.319s]                  from [01m[K/home/can-02/Desktop/f1tenth_ws/src/f1tenth_system/vesc/vesc_ackermann/include/vesc_ackermann/ackermann_to_vesc.hpp:35[m[K,
[13.319s]                  from [01m[K/home/can-02/Desktop/f1tenth_ws/src/f1tenth_system/vesc/vesc_ackermann/src/ackermann_to_vesc.cpp:31[m[K:
[13.319s] [01m[K/opt/ros/galactic/include/rclcpp/node.hpp:422:3:[m[K [01;36m[Knote: [m[Kdeclared here
[13.319s]   422 |   [01;36m[Kdeclare_parameter[m[K(const std::string & name);
[13.319s]       |   [01;36m[K^~~~~~~~~~~~~~~~~[m[K
[13.319s] [01m[K/home/can-02/Desktop/f1tenth_ws/src/f1tenth_system/vesc/vesc_ackermann/src/ackermann_to_vesc.cpp:53:77:[m[K [01;35m[Kwarning: [m[K‘[01m[Kconst rclcpp::ParameterValue& rclcpp::Node::declare_parameter(const string&)[m[K’ is deprecated: declare_parameter() with only a name is deprecated and will be deleted in the future.\nIf you want to declare a parameter that won't change type without a default value use:\n`node->declare_parameter<ParameterT>(name)`, where e.g. ParameterT=int64_t.\n\nIf you want to declare a parameter that can dynamically change type use:\n```\nrcl_interfaces::msg::ParameterDescriptor descriptor;\ndescriptor.dynamic_typing = true;\nnode->declare_parameter(name, rclcpp::ParameterValue{}, descriptor);\n``` [[01;35m[K-Wdeprecated-declarations[m[K]
[13.320s]    53 |   steering_to_servo_gain_ = declare_parameter("steering_angle_to_servo_gain"[01;35m[K)[m[K.get<double>();
[13.320s]       |                                                                             [01;35m[K^[m[K
[13.320s] In file included from [01m[K/opt/ros/galactic/include/rclcpp/executors/single_threaded_executor.hpp:28[m[K,
[13.320s]                  from [01m[K/opt/ros/galactic/include/rclcpp/executors.hpp:22[m[K,
[13.320s]                  from [01m[K/opt/ros/galactic/include/rclcpp/rclcpp.hpp:156[m[K,
[13.320s]                  from [01m[K/home/can-02/Desktop/f1tenth_ws/src/f1tenth_system/vesc/vesc_ackermann/include/vesc_ackermann/ackermann_to_vesc.hpp:35[m[K,
[13.320s]                  from [01m[K/home/can-02/Desktop/f1tenth_ws/src/f1tenth_system/vesc/vesc_ackermann/src/ackermann_to_vesc.cpp:31[m[K:
[13.321s] [01m[K/opt/ros/galactic/include/rclcpp/node.hpp:422:3:[m[K [01;36m[Knote: [m[Kdeclared here
[13.321s]   422 |   [01;36m[Kdeclare_parameter[m[K(const std::string & name);
[13.321s]       |   [01;36m[K^~~~~~~~~~~~~~~~~[m[K
[13.321s] [01m[K/home/can-02/Desktop/f1tenth_ws/src/f1tenth_system/vesc/vesc_ackermann/src/ackermann_to_vesc.cpp:54:81:[m[K [01;35m[Kwarning: [m[K‘[01m[Kconst rclcpp::ParameterValue& rclcpp::Node::declare_parameter(const string&)[m[K’ is deprecated: declare_parameter() with only a name is deprecated and will be deleted in the future.\nIf you want to declare a parameter that won't change type without a default value use:\n`node->declare_parameter<ParameterT>(name)`, where e.g. ParameterT=int64_t.\n\nIf you want to declare a parameter that can dynamically change type use:\n```\nrcl_interfaces::msg::ParameterDescriptor descriptor;\ndescriptor.dynamic_typing = true;\nnode->declare_parameter(name, rclcpp::ParameterValue{}, descriptor);\n``` [[01;35m[K-Wdeprecated-declarations[m[K]
[13.321s]    54 |   steering_to_servo_offset_ = declare_parameter("steering_angle_to_servo_offset"[01;35m[K)[m[K.get<double>();
[13.322s]       |                                                                                 [01;35m[K^[m[K
[13.322s] In file included from [01m[K/opt/ros/galactic/include/rclcpp/executors/single_threaded_executor.hpp:28[m[K,
[13.322s]                  from [01m[K/opt/ros/galactic/include/rclcpp/executors.hpp:22[m[K,
[13.322s]                  from [01m[K/opt/ros/galactic/include/rclcpp/rclcpp.hpp:156[m[K,
[13.322s]                  from [01m[K/home/can-02/Desktop/f1tenth_ws/src/f1tenth_system/vesc/vesc_ackermann/include/vesc_ackermann/ackermann_to_vesc.hpp:35[m[K,
[13.322s]                  from [01m[K/home/can-02/Desktop/f1tenth_ws/src/f1tenth_system/vesc/vesc_ackermann/src/ackermann_to_vesc.cpp:31[m[K:
[13.322s] [01m[K/opt/ros/galactic/include/rclcpp/node.hpp:422:3:[m[K [01;36m[Knote: [m[Kdeclared here
[13.323s]   422 |   [01;36m[Kdeclare_parameter[m[K(const std::string & name);
[13.323s]       |   [01;36m[K^~~~~~~~~~~~~~~~~[m[K
[13.764s] [01m[K/home/can-02/Desktop/f1tenth_ws/src/f1tenth_system/vesc/vesc_ackermann/src/vesc_to_odom.cpp:[m[K In constructor ‘[01m[Kvesc_ackermann::VescToOdom::VescToOdom(const rclcpp::NodeOptions&)[m[K’:
[13.764s] [01m[K/home/can-02/Desktop/f1tenth_ws/src/f1tenth_system/vesc/vesc_ackermann/src/vesc_to_odom.cpp:63:63:[m[K [01;35m[Kwarning: [m[K‘[01m[Kconst rclcpp::ParameterValue& rclcpp::Node::declare_parameter(const string&)[m[K’ is deprecated: declare_parameter() with only a name is deprecated and will be deleted in the future.\nIf you want to declare a parameter that won't change type without a default value use:\n`node->declare_parameter<ParameterT>(name)`, where e.g. ParameterT=int64_t.\n\nIf you want to declare a parameter that can dynamically change type use:\n```\nrcl_interfaces::msg::ParameterDescriptor descriptor;\ndescriptor.dynamic_typing = true;\nnode->declare_parameter(name, rclcpp::ParameterValue{}, descriptor);\n``` [[01;35m[K-Wdeprecated-declarations[m[K]
[13.764s]    63 |   speed_to_erpm_gain_ = declare_parameter("speed_to_erpm_gain"[01;35m[K)[m[K.get<double>();
[13.764s]       |                                                               [01;35m[K^[m[K
[13.765s] In file included from [01m[K/opt/ros/galactic/include/rclcpp/executors/single_threaded_executor.hpp:28[m[K,
[13.765s]                  from [01m[K/opt/ros/galactic/include/rclcpp/executors.hpp:22[m[K,
[13.765s]                  from [01m[K/opt/ros/galactic/include/rclcpp/rclcpp.hpp:156[m[K,
[13.765s]                  from [01m[K/home/can-02/Desktop/f1tenth_ws/src/f1tenth_system/vesc/vesc_ackermann/include/vesc_ackermann/vesc_to_odom.hpp:35[m[K,
[13.765s]                  from [01m[K/home/can-02/Desktop/f1tenth_ws/src/f1tenth_system/vesc/vesc_ackermann/src/vesc_to_odom.cpp:31[m[K:
[13.765s] [01m[K/opt/ros/galactic/include/rclcpp/node.hpp:422:3:[m[K [01;36m[Knote: [m[Kdeclared here
[13.765s]   422 |   [01;36m[Kdeclare_parameter[m[K(const std::string & name);
[13.766s]       |   [01;36m[K^~~~~~~~~~~~~~~~~[m[K
[13.768s] [01m[K/home/can-02/Desktop/f1tenth_ws/src/f1tenth_system/vesc/vesc_ackermann/src/vesc_to_odom.cpp:64:67:[m[K [01;35m[Kwarning: [m[K‘[01m[Kconst rclcpp::ParameterValue& rclcpp::Node::declare_parameter(const string&)[m[K’ is deprecated: declare_parameter() with only a name is deprecated and will be deleted in the future.\nIf you want to declare a parameter that won't change type without a default value use:\n`node->declare_parameter<ParameterT>(name)`, where e.g. ParameterT=int64_t.\n\nIf you want to declare a parameter that can dynamically change type use:\n```\nrcl_interfaces::msg::ParameterDescriptor descriptor;\ndescriptor.dynamic_typing = true;\nnode->declare_parameter(name, rclcpp::ParameterValue{}, descriptor);\n``` [[01;35m[K-Wdeprecated-declarations[m[K]
[13.768s]    64 |   speed_to_erpm_offset_ = declare_parameter("speed_to_erpm_offset"[01;35m[K)[m[K.get<double>();
[13.768s]       |                                                                   [01;35m[K^[m[K
[13.769s] In file included from [01m[K/opt/ros/galactic/include/rclcpp/executors/single_threaded_executor.hpp:28[m[K,
[13.769s]                  from [01m[K/opt/ros/galactic/include/rclcpp/executors.hpp:22[m[K,
[13.770s]                  from [01m[K/opt/ros/galactic/include/rclcpp/rclcpp.hpp:156[m[K,
[13.770s]                  from [01m[K/home/can-02/Desktop/f1tenth_ws/src/f1tenth_system/vesc/vesc_ackermann/include/vesc_ackermann/vesc_to_odom.hpp:35[m[K,
[13.770s]                  from [01m[K/home/can-02/Desktop/f1tenth_ws/src/f1tenth_system/vesc/vesc_ackermann/src/vesc_to_odom.cpp:31[m[K:
[13.771s] [01m[K/opt/ros/galactic/include/rclcpp/node.hpp:422:3:[m[K [01;36m[Knote: [m[Kdeclared here
[13.771s]   422 |   [01;36m[Kdeclare_parameter[m[K(const std::string & name);
[13.771s]       |   [01;36m[K^~~~~~~~~~~~~~~~~[m[K
[13.773s] [01m[K/home/can-02/Desktop/f1tenth_ws/src/f1tenth_system/vesc/vesc_ackermann/src/vesc_to_odom.cpp:67:79:[m[K [01;35m[Kwarning: [m[K‘[01m[Kconst rclcpp::ParameterValue& rclcpp::Node::declare_parameter(const string&)[m[K’ is deprecated: declare_parameter() with only a name is deprecated and will be deleted in the future.\nIf you want to declare a parameter that won't change type without a default value use:\n`node->declare_parameter<ParameterT>(name)`, where e.g. ParameterT=int64_t.\n\nIf you want to declare a parameter that can dynamically change type use:\n```\nrcl_interfaces::msg::ParameterDescriptor descriptor;\ndescriptor.dynamic_typing = true;\nnode->declare_parameter(name, rclcpp::ParameterValue{}, descriptor);\n``` [[01;35m[K-Wdeprecated-declarations[m[K]
[13.773s]    67 |     steering_to_servo_gain_ = declare_parameter("steering_angle_to_servo_gain"[01;35m[K)[m[K.get<double>();
[13.773s]       |                                                                               [01;35m[K^[m[K
[13.773s] In file included from [01m[K/opt/ros/galactic/include/rclcpp/executors/single_threaded_executor.hpp:28[m[K,
[13.773s]                  from [01m[K/opt/ros/galactic/include/rclcpp/executors.hpp:22[m[K,
[13.774s]                  from [01m[K/opt/ros/galactic/include/rclcpp/rclcpp.hpp:156[m[K,
[13.774s]                  from [01m[K/home/can-02/Desktop/f1tenth_ws/src/f1tenth_system/vesc/vesc_ackermann/include/vesc_ackermann/vesc_to_odom.hpp:35[m[K,
[13.774s]                  from [01m[K/home/can-02/Desktop/f1tenth_ws/src/f1tenth_system/vesc/vesc_ackermann/src/vesc_to_odom.cpp:31[m[K:
[13.774s] [01m[K/opt/ros/galactic/include/rclcpp/node.hpp:422:3:[m[K [01;36m[Knote: [m[Kdeclared here
[13.774s]   422 |   [01;36m[Kdeclare_parameter[m[K(const std::string & name);
[13.774s]       |   [01;36m[K^~~~~~~~~~~~~~~~~[m[K
[13.774s] [01m[K/home/can-02/Desktop/f1tenth_ws/src/f1tenth_system/vesc/vesc_ackermann/src/vesc_to_odom.cpp:68:83:[m[K [01;35m[Kwarning: [m[K‘[01m[Kconst rclcpp::ParameterValue& rclcpp::Node::declare_parameter(const string&)[m[K’ is deprecated: declare_parameter() with only a name is deprecated and will be deleted in the future.\nIf you want to declare a parameter that won't change type without a default value use:\n`node->declare_parameter<ParameterT>(name)`, where e.g. ParameterT=int64_t.\n\nIf you want to declare a parameter that can dynamically change type use:\n```\nrcl_interfaces::msg::ParameterDescriptor descriptor;\ndescriptor.dynamic_typing = true;\nnode->declare_parameter(name, rclcpp::ParameterValue{}, descriptor);\n``` [[01;35m[K-Wdeprecated-declarations[m[K]
[13.775s]    68 |     steering_to_servo_offset_ = declare_parameter("steering_angle_to_servo_offset"[01;35m[K)[m[K.get<double>();
[13.775s]       |                                                                                   [01;35m[K^[m[K
[13.775s] In file included from [01m[K/opt/ros/galactic/include/rclcpp/executors/single_threaded_executor.hpp:28[m[K,
[13.775s]                  from [01m[K/opt/ros/galactic/include/rclcpp/executors.hpp:22[m[K,
[13.775s]                  from [01m[K/opt/ros/galactic/include/rclcpp/rclcpp.hpp:156[m[K,
[13.775s]                  from [01m[K/home/can-02/Desktop/f1tenth_ws/src/f1tenth_system/vesc/vesc_ackermann/include/vesc_ackermann/vesc_to_odom.hpp:35[m[K,
[13.775s]                  from [01m[K/home/can-02/Desktop/f1tenth_ws/src/f1tenth_system/vesc/vesc_ackermann/src/vesc_to_odom.cpp:31[m[K:
[13.776s] [01m[K/opt/ros/galactic/include/rclcpp/node.hpp:422:3:[m[K [01;36m[Knote: [m[Kdeclared here
[13.776s]   422 |   [01;36m[Kdeclare_parameter[m[K(const std::string & name);
[13.776s]       |   [01;36m[K^~~~~~~~~~~~~~~~~[m[K
[13.776s] [01m[K/home/can-02/Desktop/f1tenth_ws/src/f1tenth_system/vesc/vesc_ackermann/src/vesc_to_odom.cpp:69:47:[m[K [01;35m[Kwarning: [m[K‘[01m[Kconst rclcpp::ParameterValue& rclcpp::Node::declare_parameter(const string&)[m[K’ is deprecated: declare_parameter() with only a name is deprecated and will be deleted in the future.\nIf you want to declare a parameter that won't change type without a default value use:\n`node->declare_parameter<ParameterT>(name)`, where e.g. ParameterT=int64_t.\n\nIf you want to declare a parameter that can dynamically change type use:\n```\nrcl_interfaces::msg::ParameterDescriptor descriptor;\ndescriptor.dynamic_typing = true;\nnode->declare_parameter(name, rclcpp::ParameterValue{}, descriptor);\n``` [[01;35m[K-Wdeprecated-declarations[m[K]
[13.776s]    69 |     wheelbase_ = declare_parameter("wheelbase"[01;35m[K)[m[K.get<double>();
[13.776s]       |                                               [01;35m[K^[m[K
[13.777s] In file included from [01m[K/opt/ros/galactic/include/rclcpp/executors/single_threaded_executor.hpp:28[m[K,
[13.777s]                  from [01m[K/opt/ros/galactic/include/rclcpp/executors.hpp:22[m[K,
[13.777s]                  from [01m[K/opt/ros/galactic/include/rclcpp/rclcpp.hpp:156[m[K,
[13.777s]                  from [01m[K/home/can-02/Desktop/f1tenth_ws/src/f1tenth_system/vesc/vesc_ackermann/include/vesc_ackermann/vesc_to_odom.hpp:35[m[K,
[13.777s]                  from [01m[K/home/can-02/Desktop/f1tenth_ws/src/f1tenth_system/vesc/vesc_ackermann/src/vesc_to_odom.cpp:31[m[K:
[13.777s] [01m[K/opt/ros/galactic/include/rclcpp/node.hpp:422:3:[m[K [01;36m[Knote: [m[Kdeclared here
[13.777s]   422 |   [01;36m[Kdeclare_parameter[m[K(const std::string & name);
[13.778s]       |   [01;36m[K^~~~~~~~~~~~~~~~~[m[K
[15.114s] [ 71%] [32m[1mLinking CXX executable vesc_to_odom_node[0m
[15.734s] [ 71%] Built target vesc_to_odom_node
[16.253s] [ 85%] [32m[1mLinking CXX executable ackermann_to_vesc_node[0m
[16.687s] [ 85%] Built target ackermann_to_vesc_node
[35.049s] [100%] [32m[1mLinking CXX shared library libvesc_ackermann.so[0m
[36.810s] [100%] Built target vesc_ackermann
[36.838s] Invoked command in '/home/can-02/Desktop/f1tenth_ws/build/vesc_ackermann' returned '0': CMAKE_PREFIX_PATH=/home/can-02/Desktop/f1tenth_ws/install/vesc_msgs:/home/can-02/Desktop/f1tenth_ws/install/vesc:/home/can-02/Desktop/f1tenth_ws/install/vesc_driver:/home/can-02/Desktop/f1tenth_ws/install/vesc_ackermann:/home/can-02/Desktop/f1tenth_ws/install/teleop_tools:/home/can-02/Desktop/f1tenth_ws/install/teleop_tools_msgs:/home/can-02/Desktop/f1tenth_ws/install/ackermann_mux:/home/can-02/Desktop/f1tenth_ws/install/f1tenth_stack:/home/can-02/Desktop/f1tenth_ws/install/joy_teleop:/home/can-02/Desktop/f1tenth_ws/install/particle_filter:/home/can-02/Desktop/f1tenth_ws/install/mouse_teleop:/home/can-02/Desktop/f1tenth_ws/install/key_teleop:/home/can-02/Desktop/f1tenth_ws/install/f1tenth_gym_ros:/home/can-02/Desktop/f1tenth_ws/install/adp_controller:/opt/ros/galactic LD_LIBRARY_PATH=/home/can-02/Desktop/f1tenth_ws/install/vesc_msgs/lib:/home/can-02/Desktop/f1tenth_ws/install/vesc_driver/lib:/home/can-02/Desktop/f1tenth_ws/install/vesc_ackermann/lib:/home/can-02/Desktop/f1tenth_ws/install/teleop_tools_msgs/lib:/opt/ros/galactic/opt/yaml_cpp_vendor/lib:/opt/ros/galactic/opt/rviz_ogre_vendor/lib:/opt/ros/galactic/lib/aarch64-linux-gnu:/opt/ros/galactic/lib:/usr/local/cuda-11.4/lib64 PYTHONPATH=/home/can-02/Desktop/f1tenth_ws/install/vesc_msgs/lib/python3.8/site-packages:/home/can-02/Desktop/f1tenth_ws/install/f1tenth_stack/lib/python3.8/site-packages:/home/can-02/Desktop/f1tenth_ws/install/joy_teleop/lib/python3.8/site-packages:/home/can-02/Desktop/f1tenth_ws/install/teleop_tools_msgs/lib/python3.8/site-packages:/home/can-02/Desktop/f1tenth_ws/install/particle_filter/lib/python3.8/site-packages:/home/can-02/Desktop/f1tenth_ws/install/mouse_teleop/lib/python3.8/site-packages:/home/can-02/Desktop/f1tenth_ws/install/key_teleop/lib/python3.8/site-packages:/home/can-02/Desktop/f1tenth_ws/install/f1tenth_gym_ros/lib/python3.8/site-packages:/home/can-02/Desktop/f1tenth_ws/install/adp_controller/lib/python3.8/site-packages:/opt/ros/galactic/lib/python3.8/site-packages /usr/bin/cmake --build /home/can-02/Desktop/f1tenth_ws/build/vesc_ackermann -- -j6 -l6
[36.846s] Invoking command in '/home/can-02/Desktop/f1tenth_ws/build/vesc_ackermann': CMAKE_PREFIX_PATH=/home/can-02/Desktop/f1tenth_ws/install/vesc_msgs:/home/can-02/Desktop/f1tenth_ws/install/vesc:/home/can-02/Desktop/f1tenth_ws/install/vesc_driver:/home/can-02/Desktop/f1tenth_ws/install/vesc_ackermann:/home/can-02/Desktop/f1tenth_ws/install/teleop_tools:/home/can-02/Desktop/f1tenth_ws/install/teleop_tools_msgs:/home/can-02/Desktop/f1tenth_ws/install/ackermann_mux:/home/can-02/Desktop/f1tenth_ws/install/f1tenth_stack:/home/can-02/Desktop/f1tenth_ws/install/joy_teleop:/home/can-02/Desktop/f1tenth_ws/install/particle_filter:/home/can-02/Desktop/f1tenth_ws/install/mouse_teleop:/home/can-02/Desktop/f1tenth_ws/install/key_teleop:/home/can-02/Desktop/f1tenth_ws/install/f1tenth_gym_ros:/home/can-02/Desktop/f1tenth_ws/install/adp_controller:/opt/ros/galactic LD_LIBRARY_PATH=/home/can-02/Desktop/f1tenth_ws/install/vesc_msgs/lib:/home/can-02/Desktop/f1tenth_ws/install/vesc_driver/lib:/home/can-02/Desktop/f1tenth_ws/install/vesc_ackermann/lib:/home/can-02/Desktop/f1tenth_ws/install/teleop_tools_msgs/lib:/opt/ros/galactic/opt/yaml_cpp_vendor/lib:/opt/ros/galactic/opt/rviz_ogre_vendor/lib:/opt/ros/galactic/lib/aarch64-linux-gnu:/opt/ros/galactic/lib:/usr/local/cuda-11.4/lib64 PYTHONPATH=/home/can-02/Desktop/f1tenth_ws/install/vesc_msgs/lib/python3.8/site-packages:/home/can-02/Desktop/f1tenth_ws/install/f1tenth_stack/lib/python3.8/site-packages:/home/can-02/Desktop/f1tenth_ws/install/joy_teleop/lib/python3.8/site-packages:/home/can-02/Desktop/f1tenth_ws/install/teleop_tools_msgs/lib/python3.8/site-packages:/home/can-02/Desktop/f1tenth_ws/install/particle_filter/lib/python3.8/site-packages:/home/can-02/Desktop/f1tenth_ws/install/mouse_teleop/lib/python3.8/site-packages:/home/can-02/Desktop/f1tenth_ws/install/key_teleop/lib/python3.8/site-packages:/home/can-02/Desktop/f1tenth_ws/install/f1tenth_gym_ros/lib/python3.8/site-packages:/home/can-02/Desktop/f1tenth_ws/install/adp_controller/lib/python3.8/site-packages:/opt/ros/galactic/lib/python3.8/site-packages /usr/bin/cmake --install /home/can-02/Desktop/f1tenth_ws/build/vesc_ackermann
[36.869s] -- Install configuration: ""
[36.870s] -- Installing: /home/can-02/Desktop/f1tenth_ws/install/vesc_ackermann/lib/vesc_ackermann/ackermann_to_vesc_node
[36.871s] -- Set runtime path of "/home/can-02/Desktop/f1tenth_ws/install/vesc_ackermann/lib/vesc_ackermann/ackermann_to_vesc_node" to ""
[36.871s] -- Installing: /home/can-02/Desktop/f1tenth_ws/install/vesc_ackermann/lib/vesc_ackermann/vesc_to_odom_node
[36.872s] -- Set runtime path of "/home/can-02/Desktop/f1tenth_ws/install/vesc_ackermann/lib/vesc_ackermann/vesc_to_odom_node" to ""
[36.873s] -- Installing: /home/can-02/Desktop/f1tenth_ws/install/vesc_ackermann/include
[36.873s] -- Installing: /home/can-02/Desktop/f1tenth_ws/install/vesc_ackermann/include/vesc_ackermann
[36.873s] -- Installing: /home/can-02/Desktop/f1tenth_ws/install/vesc_ackermann/include/vesc_ackermann/ackermann_to_vesc.hpp
[36.873s] -- Installing: /home/can-02/Desktop/f1tenth_ws/install/vesc_ackermann/include/vesc_ackermann/vesc_to_odom.hpp
[36.874s] -- Installing: /home/can-02/Desktop/f1tenth_ws/install/vesc_ackermann/share/vesc_ackermann/environment/library_path.sh
[36.874s] -- Installing: /home/can-02/Desktop/f1tenth_ws/install/vesc_ackermann/share/vesc_ackermann/environment/library_path.dsv
[36.874s] -- Installing: /home/can-02/Desktop/f1tenth_ws/install/vesc_ackermann/lib/libvesc_ackermann.so
[36.899s] -- Set runtime path of "/home/can-02/Desktop/f1tenth_ws/install/vesc_ackermann/lib/libvesc_ackermann.so" to ""
[36.900s] -- Installing: /home/can-02/Desktop/f1tenth_ws/install/vesc_ackermann/share/vesc_ackermann/launch
[36.900s] -- Installing: /home/can-02/Desktop/f1tenth_ws/install/vesc_ackermann/share/vesc_ackermann/launch/ackermann_to_vesc_node.launch.xml
[36.900s] -- Installing: /home/can-02/Desktop/f1tenth_ws/install/vesc_ackermann/share/vesc_ackermann/launch/vesc_to_odom_node.launch.xml
[36.901s] -- Installing: /home/can-02/Desktop/f1tenth_ws/install/vesc_ackermann/share/ament_index/resource_index/package_run_dependencies/vesc_ackermann
[36.901s] -- Installing: /home/can-02/Desktop/f1tenth_ws/install/vesc_ackermann/share/ament_index/resource_index/parent_prefix_path/vesc_ackermann
[36.902s] -- Installing: /home/can-02/Desktop/f1tenth_ws/install/vesc_ackermann/share/vesc_ackermann/environment/ament_prefix_path.sh
[36.902s] -- Installing: /home/can-02/Desktop/f1tenth_ws/install/vesc_ackermann/share/vesc_ackermann/environment/ament_prefix_path.dsv
[36.902s] -- Installing: /home/can-02/Desktop/f1tenth_ws/install/vesc_ackermann/share/vesc_ackermann/environment/path.sh
[36.903s] -- Installing: /home/can-02/Desktop/f1tenth_ws/install/vesc_ackermann/share/vesc_ackermann/environment/path.dsv
[36.903s] -- Installing: /home/can-02/Desktop/f1tenth_ws/install/vesc_ackermann/share/vesc_ackermann/local_setup.bash
[36.904s] -- Installing: /home/can-02/Desktop/f1tenth_ws/install/vesc_ackermann/share/vesc_ackermann/local_setup.sh
[36.904s] -- Installing: /home/can-02/Desktop/f1tenth_ws/install/vesc_ackermann/share/vesc_ackermann/local_setup.zsh
[36.905s] -- Installing: /home/can-02/Desktop/f1tenth_ws/install/vesc_ackermann/share/vesc_ackermann/local_setup.dsv
[36.905s] -- Installing: /home/can-02/Desktop/f1tenth_ws/install/vesc_ackermann/share/vesc_ackermann/package.dsv
[36.906s] -- Installing: /home/can-02/Desktop/f1tenth_ws/install/vesc_ackermann/share/ament_index/resource_index/packages/vesc_ackermann
[36.906s] -- Installing: /home/can-02/Desktop/f1tenth_ws/install/vesc_ackermann/share/ament_index/resource_index/rclcpp_components/vesc_ackermann
[36.907s] -- Installing: /home/can-02/Desktop/f1tenth_ws/install/vesc_ackermann/share/vesc_ackermann/cmake/ament_cmake_export_dependencies-extras.cmake
[36.907s] -- Installing: /home/can-02/Desktop/f1tenth_ws/install/vesc_ackermann/share/vesc_ackermann/cmake/ament_cmake_export_include_directories-extras.cmake
[36.907s] -- Installing: /home/can-02/Desktop/f1tenth_ws/install/vesc_ackermann/share/vesc_ackermann/cmake/ament_cmake_export_libraries-extras.cmake
[36.908s] -- Installing: /home/can-02/Desktop/f1tenth_ws/install/vesc_ackermann/share/vesc_ackermann/cmake/vesc_ackermannConfig.cmake
[36.908s] -- Installing: /home/can-02/Desktop/f1tenth_ws/install/vesc_ackermann/share/vesc_ackermann/cmake/vesc_ackermannConfig-version.cmake
[36.909s] -- Installing: /home/can-02/Desktop/f1tenth_ws/install/vesc_ackermann/share/vesc_ackermann/package.xml
[36.916s] Invoked command in '/home/can-02/Desktop/f1tenth_ws/build/vesc_ackermann' returned '0': CMAKE_PREFIX_PATH=/home/can-02/Desktop/f1tenth_ws/install/vesc_msgs:/home/can-02/Desktop/f1tenth_ws/install/vesc:/home/can-02/Desktop/f1tenth_ws/install/vesc_driver:/home/can-02/Desktop/f1tenth_ws/install/vesc_ackermann:/home/can-02/Desktop/f1tenth_ws/install/teleop_tools:/home/can-02/Desktop/f1tenth_ws/install/teleop_tools_msgs:/home/can-02/Desktop/f1tenth_ws/install/ackermann_mux:/home/can-02/Desktop/f1tenth_ws/install/f1tenth_stack:/home/can-02/Desktop/f1tenth_ws/install/joy_teleop:/home/can-02/Desktop/f1tenth_ws/install/particle_filter:/home/can-02/Desktop/f1tenth_ws/install/mouse_teleop:/home/can-02/Desktop/f1tenth_ws/install/key_teleop:/home/can-02/Desktop/f1tenth_ws/install/f1tenth_gym_ros:/home/can-02/Desktop/f1tenth_ws/install/adp_controller:/opt/ros/galactic LD_LIBRARY_PATH=/home/can-02/Desktop/f1tenth_ws/install/vesc_msgs/lib:/home/can-02/Desktop/f1tenth_ws/install/vesc_driver/lib:/home/can-02/Desktop/f1tenth_ws/install/vesc_ackermann/lib:/home/can-02/Desktop/f1tenth_ws/install/teleop_tools_msgs/lib:/opt/ros/galactic/opt/yaml_cpp_vendor/lib:/opt/ros/galactic/opt/rviz_ogre_vendor/lib:/opt/ros/galactic/lib/aarch64-linux-gnu:/opt/ros/galactic/lib:/usr/local/cuda-11.4/lib64 PYTHONPATH=/home/can-02/Desktop/f1tenth_ws/install/vesc_msgs/lib/python3.8/site-packages:/home/can-02/Desktop/f1tenth_ws/install/f1tenth_stack/lib/python3.8/site-packages:/home/can-02/Desktop/f1tenth_ws/install/joy_teleop/lib/python3.8/site-packages:/home/can-02/Desktop/f1tenth_ws/install/teleop_tools_msgs/lib/python3.8/site-packages:/home/can-02/Desktop/f1tenth_ws/install/particle_filter/lib/python3.8/site-packages:/home/can-02/Desktop/f1tenth_ws/install/mouse_teleop/lib/python3.8/site-packages:/home/can-02/Desktop/f1tenth_ws/install/key_teleop/lib/python3.8/site-packages:/home/can-02/Desktop/f1tenth_ws/install/f1tenth_gym_ros/lib/python3.8/site-packages:/home/can-02/Desktop/f1tenth_ws/install/adp_controller/lib/python3.8/site-packages:/opt/ros/galactic/lib/python3.8/site-packages /usr/bin/cmake --install /home/can-02/Desktop/f1tenth_ws/build/vesc_ackermann
