[6.156s] Invoking command in '/home/can-02/Desktop/f1tenth_ws/src/f1tenth_system/teleop_tools/key_teleop': PYTHONPATH=/home/can-02/Desktop/f1tenth_ws/build/key_teleop/prefix_override:/usr/lib/python3/dist-packages/colcon_core/task/python/colcon_distutils_commands:/home/can-02/Desktop/f1tenth_ws/install/key_teleop/lib/python3.8/site-packages:${PYTHONPATH} /usr/bin/python3 -W ignore:setup.py install is deprecated -W ignore:easy_install command is deprecated setup.py egg_info --egg-base ../../../../build/key_teleop build --build-base /home/can-02/Desktop/f1tenth_ws/build/key_teleop/build install --record /home/can-02/Desktop/f1tenth_ws/build/key_teleop/install.log --install-scripts $base/lib/key_teleop --single-version-externally-managed install_data
[7.568s] /home/can-02/.local/lib/python3.8/site-packages/setuptools/dist.py:771: UserWarning: Usage of dash-separated 'script-dir' will not be supported in future versions. Please use the underscore name 'script_dir' instead
[7.586s]   warnings.warn(
[8.425s] running egg_info
[8.434s] creating ../../../../build/key_teleop/key_teleop.egg-info
[8.514s] writing ../../../../build/key_teleop/key_teleop.egg-info/PKG-INFO
[8.518s] writing dependency_links to ../../../../build/key_teleop/key_teleop.egg-info/dependency_links.txt
[8.519s] writing entry points to ../../../../build/key_teleop/key_teleop.egg-info/entry_points.txt
[8.519s] writing requirements to ../../../../build/key_teleop/key_teleop.egg-info/requires.txt
[8.519s] writing top-level names to ../../../../build/key_teleop/key_teleop.egg-info/top_level.txt
[8.535s] writing manifest file '../../../../build/key_teleop/key_teleop.egg-info/SOURCES.txt'
[8.814s] reading manifest file '../../../../build/key_teleop/key_teleop.egg-info/SOURCES.txt'
[8.823s] adding license file 'LICENSE'
[8.825s] writing manifest file '../../../../build/key_teleop/key_teleop.egg-info/SOURCES.txt'
[8.826s] running build
[8.827s] running build_py
[8.828s] creating /home/can-02/Desktop/f1tenth_ws/build/key_teleop/build
[8.829s] creating /home/can-02/Desktop/f1tenth_ws/build/key_teleop/build/lib
[8.839s] creating /home/can-02/Desktop/f1tenth_ws/build/key_teleop/build/lib/key_teleop
[8.840s] copying key_teleop/key_teleop.py -> /home/can-02/Desktop/f1tenth_ws/build/key_teleop/build/lib/key_teleop
[8.841s] copying key_teleop/__init__.py -> /home/can-02/Desktop/f1tenth_ws/build/key_teleop/build/lib/key_teleop
[8.842s] running install
[8.868s] running install_lib
[8.962s] creating /home/can-02/Desktop/f1tenth_ws/install/key_teleop/lib/python3.8/site-packages/key_teleop
[8.972s] copying /home/can-02/Desktop/f1tenth_ws/build/key_teleop/build/lib/key_teleop/key_teleop.py -> /home/can-02/Desktop/f1tenth_ws/install/key_teleop/lib/python3.8/site-packages/key_teleop
[8.974s] copying /home/can-02/Desktop/f1tenth_ws/build/key_teleop/build/lib/key_teleop/__init__.py -> /home/can-02/Desktop/f1tenth_ws/install/key_teleop/lib/python3.8/site-packages/key_teleop
[8.976s] byte-compiling /home/can-02/Desktop/f1tenth_ws/install/key_teleop/lib/python3.8/site-packages/key_teleop/key_teleop.py to key_teleop.cpython-38.pyc
[8.980s] byte-compiling /home/can-02/Desktop/f1tenth_ws/install/key_teleop/lib/python3.8/site-packages/key_teleop/__init__.py to __init__.cpython-38.pyc
[8.981s] running install_data
[8.982s] copying package.xml -> /home/can-02/Desktop/f1tenth_ws/install/key_teleop/share/key_teleop
[8.983s] creating /home/can-02/Desktop/f1tenth_ws/install/key_teleop/share/key_teleop/config
[8.990s] copying config/key_teleop.yaml -> /home/can-02/Desktop/f1tenth_ws/install/key_teleop/share/key_teleop/config
[8.990s] creating /home/can-02/Desktop/f1tenth_ws/install/key_teleop/share/ament_index
[8.991s] creating /home/can-02/Desktop/f1tenth_ws/install/key_teleop/share/ament_index/resource_index
[8.992s] creating /home/can-02/Desktop/f1tenth_ws/install/key_teleop/share/ament_index/resource_index/packages
[8.992s] copying resource/key_teleop -> /home/can-02/Desktop/f1tenth_ws/install/key_teleop/share/ament_index/resource_index/packages
[8.993s] running install_egg_info
[9.084s] Copying ../../../../build/key_teleop/key_teleop.egg-info to /home/can-02/Desktop/f1tenth_ws/install/key_teleop/lib/python3.8/site-packages/key_teleop-0.3.0-py3.8.egg-info
[9.100s] running install_scripts
[9.495s] Installing key_teleop script to /home/can-02/Desktop/f1tenth_ws/install/key_teleop/lib/key_teleop
[9.496s] writing list of installed files to '/home/can-02/Desktop/f1tenth_ws/build/key_teleop/install.log'
[12.378s] Invoked command in '/home/can-02/Desktop/f1tenth_ws/src/f1tenth_system/teleop_tools/key_teleop' returned '0': PYTHONPATH=/home/can-02/Desktop/f1tenth_ws/build/key_teleop/prefix_override:/usr/lib/python3/dist-packages/colcon_core/task/python/colcon_distutils_commands:/home/can-02/Desktop/f1tenth_ws/install/key_teleop/lib/python3.8/site-packages:${PYTHONPATH} /usr/bin/python3 -W ignore:setup.py install is deprecated -W ignore:easy_install command is deprecated setup.py egg_info --egg-base ../../../../build/key_teleop build --build-base /home/can-02/Desktop/f1tenth_ws/build/key_teleop/build install --record /home/can-02/Desktop/f1tenth_ws/build/key_teleop/install.log --install-scripts $base/lib/key_teleop --single-version-externally-managed install_data
