running egg_info
creating ../../build/adp_controller/adp_controller.egg-info
writing ../../build/adp_controller/adp_controller.egg-info/PKG-INFO
writing dependency_links to ../../build/adp_controller/adp_controller.egg-info/dependency_links.txt
writing entry points to ../../build/adp_controller/adp_controller.egg-info/entry_points.txt
writing requirements to ../../build/adp_controller/adp_controller.egg-info/requires.txt
writing top-level names to ../../build/adp_controller/adp_controller.egg-info/top_level.txt
writing manifest file '../../build/adp_controller/adp_controller.egg-info/SOURCES.txt'
reading manifest file '../../build/adp_controller/adp_controller.egg-info/SOURCES.txt'
writing manifest file '../../build/adp_controller/adp_controller.egg-info/SOURCES.txt'
running build
running build_py
creating /home/can-02/Desktop/f1tenth_ws/build/adp_controller/build
creating /home/can-02/Desktop/f1tenth_ws/build/adp_controller/build/lib
creating /home/can-02/Desktop/f1tenth_ws/build/adp_controller/build/lib/adp_controller
copying adp_controller/adp_raceline_control.py -> /home/can-02/Desktop/f1tenth_ws/build/adp_controller/build/lib/adp_controller
copying adp_controller/__init__.py -> /home/can-02/Desktop/f1tenth_ws/build/adp_controller/build/lib/adp_controller
copying adp_controller/frenet_error_node.py -> /home/can-02/Desktop/f1tenth_ws/build/adp_controller/build/lib/adp_controller
running install
running install_lib
creating /home/can-02/Desktop/f1tenth_ws/install/adp_controller/lib/python3.8/site-packages/adp_controller
copying /home/can-02/Desktop/f1tenth_ws/build/adp_controller/build/lib/adp_controller/adp_raceline_control.py -> /home/can-02/Desktop/f1tenth_ws/install/adp_controller/lib/python3.8/site-packages/adp_controller
copying /home/can-02/Desktop/f1tenth_ws/build/adp_controller/build/lib/adp_controller/__init__.py -> /home/can-02/Desktop/f1tenth_ws/install/adp_controller/lib/python3.8/site-packages/adp_controller
copying /home/can-02/Desktop/f1tenth_ws/build/adp_controller/build/lib/adp_controller/frenet_error_node.py -> /home/can-02/Desktop/f1tenth_ws/install/adp_controller/lib/python3.8/site-packages/adp_controller
byte-compiling /home/can-02/Desktop/f1tenth_ws/install/adp_controller/lib/python3.8/site-packages/adp_controller/adp_raceline_control.py to adp_raceline_control.cpython-38.pyc
byte-compiling /home/can-02/Desktop/f1tenth_ws/install/adp_controller/lib/python3.8/site-packages/adp_controller/__init__.py to __init__.cpython-38.pyc
byte-compiling /home/can-02/Desktop/f1tenth_ws/install/adp_controller/lib/python3.8/site-packages/adp_controller/frenet_error_node.py to frenet_error_node.cpython-38.pyc
running install_data
copying package.xml -> /home/can-02/Desktop/f1tenth_ws/install/adp_controller/share/adp_controller
creating /home/can-02/Desktop/f1tenth_ws/install/adp_controller/share/adp_controller/launch
copying launch/full_stack_sim.launch.py -> /home/can-02/Desktop/f1tenth_ws/install/adp_controller/share/adp_controller/launch
creating /home/can-02/Desktop/f1tenth_ws/install/adp_controller/share/adp_controller/scripts
creating /home/can-02/Desktop/f1tenth_ws/install/adp_controller/share/adp_controller/scripts/utils
copying scripts/utils/adp_gain_table.npy -> /home/can-02/Desktop/f1tenth_ws/install/adp_controller/share/adp_controller/scripts/utils
copying scripts/utils/vx_grid.npy -> /home/can-02/Desktop/f1tenth_ws/install/adp_controller/share/adp_controller/scripts/utils
copying scripts/utils/kappa_grid.npy -> /home/can-02/Desktop/f1tenth_ws/install/adp_controller/share/adp_controller/scripts/utils
running install_egg_info
Copying ../../build/adp_controller/adp_controller.egg-info to /home/can-02/Desktop/f1tenth_ws/install/adp_controller/lib/python3.8/site-packages/adp_controller-0.0.0-py3.8.egg-info
running install_scripts
Installing adp_raceline_control script to /home/can-02/Desktop/f1tenth_ws/install/adp_controller/lib/adp_controller
Installing frenet_error_node script to /home/can-02/Desktop/f1tenth_ws/install/adp_controller/lib/adp_controller
writing list of installed files to '/home/can-02/Desktop/f1tenth_ws/build/adp_controller/install.log'
