[5.140s] Invoking command in '/home/can-02/Desktop/f1tenth_ws/src/f1tenth_system/teleop_tools/joy_teleop': CMAKE_PREFIX_PATH=/home/can-02/Desktop/f1tenth_ws/install/teleop_tools_msgs:/home/can-02/Desktop/f1tenth_ws/install/vesc:/home/can-02/Desktop/f1tenth_ws/install/vesc_driver:/home/can-02/Desktop/f1tenth_ws/install/vesc_ackermann:/home/can-02/Desktop/f1tenth_ws/install/vesc_msgs:/home/can-02/Desktop/f1tenth_ws/install/teleop_tools:/home/can-02/Desktop/f1tenth_ws/install/ackermann_mux LD_LIBRARY_PATH=/home/can-02/Desktop/f1tenth_ws/install/teleop_tools_msgs/lib:/home/can-02/Desktop/f1tenth_ws/install/vesc_driver/lib:/home/can-02/Desktop/f1tenth_ws/install/vesc_ackermann/lib:/home/can-02/Desktop/f1tenth_ws/install/vesc_msgs/lib:/opt/ros/galactic/opt/yaml_cpp_vendor/lib:/opt/ros/galactic/opt/rviz_ogre_vendor/lib:/opt/ros/galactic/lib/aarch64-linux-gnu:/opt/ros/galactic/lib:/usr/local/cuda-11.4/lib64 PYTHONPATH=/home/can-02/Desktop/f1tenth_ws/build/joy_teleop/prefix_override:/usr/lib/python3/dist-packages/colcon_core/task/python/colcon_distutils_commands:/home/can-02/Desktop/f1tenth_ws/install/joy_teleop/lib/python3.8/site-packages:/home/can-02/Desktop/f1tenth_ws/install/teleop_tools_msgs/lib/python3.8/site-packages:/home/can-02/Desktop/f1tenth_ws/install/f1tenth_stack/lib/python3.8/site-packages:/home/can-02/Desktop/f1tenth_ws/install/vesc_msgs/lib/python3.8/site-packages:/home/can-02/Desktop/f1tenth_ws/install/joy_teleop/lib/python3.8/site-packages:/home/can-02/Desktop/f1tenth_ws/install/particle_filter/lib/python3.8/site-packages:/home/can-02/Desktop/f1tenth_ws/install/mouse_teleop/lib/python3.8/site-packages:/home/can-02/Desktop/f1tenth_ws/install/key_teleop/lib/python3.8/site-packages:/home/can-02/Desktop/f1tenth_ws/install/f1tenth_gym_ros/lib/python3.8/site-packages:/home/can-02/Desktop/f1tenth_ws/install/adp_controller/lib/python3.8/site-packages:/opt/ros/galactic/lib/python3.8/site-packages /usr/bin/python3 -W ignore:setup.py install is deprecated -W ignore:easy_install command is deprecated setup.py egg_info --egg-base ../../../../build/joy_teleop build --build-base /home/can-02/Desktop/f1tenth_ws/build/joy_teleop/build install --record /home/can-02/Desktop/f1tenth_ws/build/joy_teleop/install.log --install-scripts $base/lib/joy_teleop --single-version-externally-managed install_data
[5.921s] /home/can-02/.local/lib/python3.8/site-packages/setuptools/dist.py:771: UserWarning: Usage of dash-separated 'script-dir' will not be supported in future versions. Please use the underscore name 'script_dir' instead
[5.921s]   warnings.warn(
[6.218s] running egg_info
[6.258s] writing ../../../../build/joy_teleop/joy_teleop.egg-info/PKG-INFO
[6.259s] writing dependency_links to ../../../../build/joy_teleop/joy_teleop.egg-info/dependency_links.txt
[6.259s] writing entry points to ../../../../build/joy_teleop/joy_teleop.egg-info/entry_points.txt
[6.260s] writing requirements to ../../../../build/joy_teleop/joy_teleop.egg-info/requires.txt
[6.260s] writing top-level names to ../../../../build/joy_teleop/joy_teleop.egg-info/top_level.txt
[6.382s] reading manifest file '../../../../build/joy_teleop/joy_teleop.egg-info/SOURCES.txt'
[6.387s] writing manifest file '../../../../build/joy_teleop/joy_teleop.egg-info/SOURCES.txt'
[6.387s] running build
[6.387s] running build_py
[6.388s] running install
[6.401s] running install_lib
[6.443s] running install_data
[6.444s] running install_egg_info
[6.486s] removing '/home/can-02/Desktop/f1tenth_ws/install/joy_teleop/lib/python3.8/site-packages/joy_teleop-0.3.0-py3.8.egg-info' (and everything under it)
[6.487s] Copying ../../../../build/joy_teleop/joy_teleop.egg-info to /home/can-02/Desktop/f1tenth_ws/install/joy_teleop/lib/python3.8/site-packages/joy_teleop-0.3.0-py3.8.egg-info
[6.492s] running install_scripts
[6.653s] Installing incrementer_server script to /home/can-02/Desktop/f1tenth_ws/install/joy_teleop/lib/joy_teleop
[6.654s] Installing joy_teleop script to /home/can-02/Desktop/f1tenth_ws/install/joy_teleop/lib/joy_teleop
[6.655s] writing list of installed files to '/home/can-02/Desktop/f1tenth_ws/build/joy_teleop/install.log'
[6.836s] Invoked command in '/home/can-02/Desktop/f1tenth_ws/src/f1tenth_system/teleop_tools/joy_teleop' returned '0': CMAKE_PREFIX_PATH=/home/can-02/Desktop/f1tenth_ws/install/teleop_tools_msgs:/home/can-02/Desktop/f1tenth_ws/install/vesc:/home/can-02/Desktop/f1tenth_ws/install/vesc_driver:/home/can-02/Desktop/f1tenth_ws/install/vesc_ackermann:/home/can-02/Desktop/f1tenth_ws/install/vesc_msgs:/home/can-02/Desktop/f1tenth_ws/install/teleop_tools:/home/can-02/Desktop/f1tenth_ws/install/ackermann_mux LD_LIBRARY_PATH=/home/can-02/Desktop/f1tenth_ws/install/teleop_tools_msgs/lib:/home/can-02/Desktop/f1tenth_ws/install/vesc_driver/lib:/home/can-02/Desktop/f1tenth_ws/install/vesc_ackermann/lib:/home/can-02/Desktop/f1tenth_ws/install/vesc_msgs/lib:/opt/ros/galactic/opt/yaml_cpp_vendor/lib:/opt/ros/galactic/opt/rviz_ogre_vendor/lib:/opt/ros/galactic/lib/aarch64-linux-gnu:/opt/ros/galactic/lib:/usr/local/cuda-11.4/lib64 PYTHONPATH=/home/can-02/Desktop/f1tenth_ws/build/joy_teleop/prefix_override:/usr/lib/python3/dist-packages/colcon_core/task/python/colcon_distutils_commands:/home/can-02/Desktop/f1tenth_ws/install/joy_teleop/lib/python3.8/site-packages:/home/can-02/Desktop/f1tenth_ws/install/teleop_tools_msgs/lib/python3.8/site-packages:/home/can-02/Desktop/f1tenth_ws/install/f1tenth_stack/lib/python3.8/site-packages:/home/can-02/Desktop/f1tenth_ws/install/vesc_msgs/lib/python3.8/site-packages:/home/can-02/Desktop/f1tenth_ws/install/joy_teleop/lib/python3.8/site-packages:/home/can-02/Desktop/f1tenth_ws/install/particle_filter/lib/python3.8/site-packages:/home/can-02/Desktop/f1tenth_ws/install/mouse_teleop/lib/python3.8/site-packages:/home/can-02/Desktop/f1tenth_ws/install/key_teleop/lib/python3.8/site-packages:/home/can-02/Desktop/f1tenth_ws/install/f1tenth_gym_ros/lib/python3.8/site-packages:/home/can-02/Desktop/f1tenth_ws/install/adp_controller/lib/python3.8/site-packages:/opt/ros/galactic/lib/python3.8/site-packages /usr/bin/python3 -W ignore:setup.py install is deprecated -W ignore:easy_install command is deprecated setup.py egg_info --egg-base ../../../../build/joy_teleop build --build-base /home/can-02/Desktop/f1tenth_ws/build/joy_teleop/build install --record /home/can-02/Desktop/f1tenth_ws/build/joy_teleop/install.log --install-scripts $base/lib/joy_teleop --single-version-externally-managed install_data
