[0.173s] Invoking command in '/home/can-02/Desktop/f1tenth_ws/build/vesc_msgs': CMAKE_PREFIX_PATH=${CMAKE_PREFIX_PATH}:/home/can-02/Desktop/f1tenth_ws/install/f1tenth_stack:/home/can-02/Desktop/f1tenth_ws/install/joy_teleop:/home/can-02/Desktop/f1tenth_ws/install/particle_filter:/home/can-02/Desktop/f1tenth_ws/install/mouse_teleop:/home/can-02/Desktop/f1tenth_ws/install/key_teleop:/home/can-02/Desktop/f1tenth_ws/install/f1tenth_gym_ros:/home/can-02/Desktop/f1tenth_ws/install/adp_controller:/opt/ros/galactic /usr/bin/cmake --build /home/can-02/Desktop/f1tenth_ws/build/vesc_msgs -- -j6 -l6
[3.674s] [  1%] Built target vesc_msgs__cpp
[3.676s] [ 12%] Built target vesc_msgs__rosidl_generator_c
[3.677s] [ 25%] Built target vesc_msgs__rosidl_typesupport_introspection_cpp
[3.677s] [ 34%] Built target vesc_msgs__rosidl_typesupport_fastrtps_cpp
[3.678s] [ 45%] Built target vesc_msgs__rosidl_typesupport_cpp
[3.678s] [ 56%] Built target vesc_msgs__rosidl_typesupport_c
[3.678s] [ 67%] Built target vesc_msgs__rosidl_typesupport_introspection_c
[3.678s] [ 78%] Built target vesc_msgs__rosidl_typesupport_fastrtps_c
[3.678s] [ 78%] Built target vesc_msgs
[3.679s] [ 80%] Built target vesc_msgs__py
[3.679s] [ 89%] Built target vesc_msgs__python
[3.679s] [ 92%] Built target vesc_msgs__rosidl_typesupport_introspection_c__pyext
[3.679s] [ 96%] Built target vesc_msgs__rosidl_typesupport_c__pyext
[3.679s] [100%] Built target vesc_msgs__rosidl_typesupport_fastrtps_c__pyext
[3.693s] Invoked command in '/home/can-02/Desktop/f1tenth_ws/build/vesc_msgs' returned '0': CMAKE_PREFIX_PATH=${CMAKE_PREFIX_PATH}:/home/can-02/Desktop/f1tenth_ws/install/f1tenth_stack:/home/can-02/Desktop/f1tenth_ws/install/joy_teleop:/home/can-02/Desktop/f1tenth_ws/install/particle_filter:/home/can-02/Desktop/f1tenth_ws/install/mouse_teleop:/home/can-02/Desktop/f1tenth_ws/install/key_teleop:/home/can-02/Desktop/f1tenth_ws/install/f1tenth_gym_ros:/home/can-02/Desktop/f1tenth_ws/install/adp_controller:/opt/ros/galactic /usr/bin/cmake --build /home/can-02/Desktop/f1tenth_ws/build/vesc_msgs -- -j6 -l6
[3.722s] Invoking command in '/home/can-02/Desktop/f1tenth_ws/build/vesc_msgs': CMAKE_PREFIX_PATH=${CMAKE_PREFIX_PATH}:/home/can-02/Desktop/f1tenth_ws/install/f1tenth_stack:/home/can-02/Desktop/f1tenth_ws/install/joy_teleop:/home/can-02/Desktop/f1tenth_ws/install/particle_filter:/home/can-02/Desktop/f1tenth_ws/install/mouse_teleop:/home/can-02/Desktop/f1tenth_ws/install/key_teleop:/home/can-02/Desktop/f1tenth_ws/install/f1tenth_gym_ros:/home/can-02/Desktop/f1tenth_ws/install/adp_controller:/opt/ros/galactic /usr/bin/cmake --install /home/can-02/Desktop/f1tenth_ws/build/vesc_msgs
[3.766s] -- Install configuration: ""
[3.766s] -- Up-to-date: /home/can-02/Desktop/f1tenth_ws/install/vesc_msgs/share/ament_index/resource_index/rosidl_interfaces/vesc_msgs
[3.767s] -- Up-to-date: /home/can-02/Desktop/f1tenth_ws/install/vesc_msgs/include/vesc_msgs
[3.767s] -- Up-to-date: /home/can-02/Desktop/f1tenth_ws/install/vesc_msgs/include/vesc_msgs/msg
[3.767s] -- Up-to-date: /home/can-02/Desktop/f1tenth_ws/install/vesc_msgs/include/vesc_msgs/msg/vesc_state.h
[3.767s] -- Up-to-date: /home/can-02/Desktop/f1tenth_ws/install/vesc_msgs/include/vesc_msgs/msg/vesc_imu.h
[3.768s] -- Up-to-date: /home/can-02/Desktop/f1tenth_ws/install/vesc_msgs/include/vesc_msgs/msg/vesc_state_stamped.h
[3.768s] -- Up-to-date: /home/can-02/Desktop/f1tenth_ws/install/vesc_msgs/include/vesc_msgs/msg/detail
[3.768s] -- Up-to-date: /home/can-02/Desktop/f1tenth_ws/install/vesc_msgs/include/vesc_msgs/msg/detail/vesc_imu__functions.h
[3.768s] -- Up-to-date: /home/can-02/Desktop/f1tenth_ws/install/vesc_msgs/include/vesc_msgs/msg/detail/vesc_imu_stamped__struct.h
[3.768s] -- Up-to-date: /home/can-02/Desktop/f1tenth_ws/install/vesc_msgs/include/vesc_msgs/msg/detail/vesc_imu_stamped__functions.c
[3.769s] -- Up-to-date: /home/can-02/Desktop/f1tenth_ws/install/vesc_msgs/include/vesc_msgs/msg/detail/vesc_state_stamped__type_support.h
[3.770s] -- Up-to-date: /home/can-02/Desktop/f1tenth_ws/install/vesc_msgs/include/vesc_msgs/msg/detail/vesc_imu_stamped__type_support.h
[3.770s] -- Up-to-date: /home/can-02/Desktop/f1tenth_ws/install/vesc_msgs/include/vesc_msgs/msg/detail/vesc_state__functions.h
[3.770s] -- Up-to-date: /home/can-02/Desktop/f1tenth_ws/install/vesc_msgs/include/vesc_msgs/msg/detail/vesc_state_stamped__struct.h
[3.770s] -- Up-to-date: /home/can-02/Desktop/f1tenth_ws/install/vesc_msgs/include/vesc_msgs/msg/detail/vesc_imu__functions.c
[3.770s] -- Up-to-date: /home/can-02/Desktop/f1tenth_ws/install/vesc_msgs/include/vesc_msgs/msg/detail/vesc_imu__struct.h
[3.771s] -- Up-to-date: /home/can-02/Desktop/f1tenth_ws/install/vesc_msgs/include/vesc_msgs/msg/detail/vesc_state__functions.c
[3.771s] -- Up-to-date: /home/can-02/Desktop/f1tenth_ws/install/vesc_msgs/include/vesc_msgs/msg/detail/vesc_state_stamped__functions.c
[3.774s] -- Up-to-date: /home/can-02/Desktop/f1tenth_ws/install/vesc_msgs/include/vesc_msgs/msg/detail/vesc_imu_stamped__functions.h
[3.774s] -- Up-to-date: /home/can-02/Desktop/f1tenth_ws/install/vesc_msgs/include/vesc_msgs/msg/detail/vesc_imu__type_support.h
[3.774s] -- Up-to-date: /home/can-02/Desktop/f1tenth_ws/install/vesc_msgs/include/vesc_msgs/msg/detail/vesc_state__struct.h
[3.774s] -- Up-to-date: /home/can-02/Desktop/f1tenth_ws/install/vesc_msgs/include/vesc_msgs/msg/detail/vesc_state__type_support.h
[3.776s] -- Up-to-date: /home/can-02/Desktop/f1tenth_ws/install/vesc_msgs/include/vesc_msgs/msg/detail/vesc_state_stamped__functions.h
[3.778s] -- Up-to-date: /home/can-02/Desktop/f1tenth_ws/install/vesc_msgs/include/vesc_msgs/msg/vesc_imu_stamped.h
[3.779s] -- Up-to-date: /home/can-02/Desktop/f1tenth_ws/install/vesc_msgs/include/vesc_msgs/msg/rosidl_generator_c__visibility_control.h
[3.781s] -- Up-to-date: /home/can-02/Desktop/f1tenth_ws/install/vesc_msgs/share/vesc_msgs/environment/library_path.sh
[3.788s] -- Up-to-date: /home/can-02/Desktop/f1tenth_ws/install/vesc_msgs/share/vesc_msgs/environment/library_path.dsv
[3.789s] -- Up-to-date: /home/can-02/Desktop/f1tenth_ws/install/vesc_msgs/lib/libvesc_msgs__rosidl_generator_c.so
[3.789s] -- Up-to-date: /home/can-02/Desktop/f1tenth_ws/install/vesc_msgs/include/vesc_msgs
[3.790s] -- Up-to-date: /home/can-02/Desktop/f1tenth_ws/install/vesc_msgs/include/vesc_msgs/msg
[3.790s] -- Up-to-date: /home/can-02/Desktop/f1tenth_ws/install/vesc_msgs/include/vesc_msgs/msg/detail
[3.790s] -- Up-to-date: /home/can-02/Desktop/f1tenth_ws/install/vesc_msgs/include/vesc_msgs/msg/detail/vesc_state_stamped__rosidl_typesupport_fastrtps_c.h
[3.791s] -- Up-to-date: /home/can-02/Desktop/f1tenth_ws/install/vesc_msgs/include/vesc_msgs/msg/detail/vesc_state__rosidl_typesupport_fastrtps_c.h
[3.791s] -- Up-to-date: /home/can-02/Desktop/f1tenth_ws/install/vesc_msgs/include/vesc_msgs/msg/detail/vesc_imu__rosidl_typesupport_fastrtps_c.h
[3.791s] -- Up-to-date: /home/can-02/Desktop/f1tenth_ws/install/vesc_msgs/include/vesc_msgs/msg/detail/vesc_imu_stamped__rosidl_typesupport_fastrtps_c.h
[3.792s] -- Up-to-date: /home/can-02/Desktop/f1tenth_ws/install/vesc_msgs/include/vesc_msgs/msg/rosidl_typesupport_fastrtps_c__visibility_control.h
[3.792s] -- Up-to-date: /home/can-02/Desktop/f1tenth_ws/install/vesc_msgs/lib/libvesc_msgs__rosidl_typesupport_fastrtps_c.so
[3.792s] -- Up-to-date: /home/can-02/Desktop/f1tenth_ws/install/vesc_msgs/include/vesc_msgs
[3.792s] -- Up-to-date: /home/can-02/Desktop/f1tenth_ws/install/vesc_msgs/include/vesc_msgs/msg
[3.793s] -- Up-to-date: /home/can-02/Desktop/f1tenth_ws/install/vesc_msgs/include/vesc_msgs/msg/rosidl_typesupport_fastrtps_cpp__visibility_control.h
[3.793s] -- Up-to-date: /home/can-02/Desktop/f1tenth_ws/install/vesc_msgs/include/vesc_msgs/msg/detail
[3.793s] -- Up-to-date: /home/can-02/Desktop/f1tenth_ws/install/vesc_msgs/include/vesc_msgs/msg/detail/vesc_imu_stamped__rosidl_typesupport_fastrtps_cpp.hpp
[3.793s] -- Up-to-date: /home/can-02/Desktop/f1tenth_ws/install/vesc_msgs/include/vesc_msgs/msg/detail/vesc_imu__rosidl_typesupport_fastrtps_cpp.hpp
[3.793s] -- Up-to-date: /home/can-02/Desktop/f1tenth_ws/install/vesc_msgs/include/vesc_msgs/msg/detail/vesc_state__rosidl_typesupport_fastrtps_cpp.hpp
[3.794s] -- Up-to-date: /home/can-02/Desktop/f1tenth_ws/install/vesc_msgs/include/vesc_msgs/msg/detail/dds_fastrtps
[3.794s] -- Up-to-date: /home/can-02/Desktop/f1tenth_ws/install/vesc_msgs/include/vesc_msgs/msg/detail/vesc_state_stamped__rosidl_typesupport_fastrtps_cpp.hpp
[3.794s] -- Up-to-date: /home/can-02/Desktop/f1tenth_ws/install/vesc_msgs/lib/libvesc_msgs__rosidl_typesupport_fastrtps_cpp.so
[3.794s] -- Up-to-date: /home/can-02/Desktop/f1tenth_ws/install/vesc_msgs/include/vesc_msgs
[3.794s] -- Up-to-date: /home/can-02/Desktop/f1tenth_ws/install/vesc_msgs/include/vesc_msgs/msg
[3.794s] -- Up-to-date: /home/can-02/Desktop/f1tenth_ws/install/vesc_msgs/include/vesc_msgs/msg/rosidl_typesupport_introspection_c__visibility_control.h
[3.795s] -- Up-to-date: /home/can-02/Desktop/f1tenth_ws/install/vesc_msgs/include/vesc_msgs/msg/detail
[3.795s] -- Up-to-date: /home/can-02/Desktop/f1tenth_ws/install/vesc_msgs/include/vesc_msgs/msg/detail/vesc_state_stamped__type_support.c
[3.795s] -- Up-to-date: /home/can-02/Desktop/f1tenth_ws/install/vesc_msgs/include/vesc_msgs/msg/detail/vesc_imu__type_support.c
[3.795s] -- Up-to-date: /home/can-02/Desktop/f1tenth_ws/install/vesc_msgs/include/vesc_msgs/msg/detail/vesc_state_stamped__rosidl_typesupport_introspection_c.h
[3.795s] -- Up-to-date: /home/can-02/Desktop/f1tenth_ws/install/vesc_msgs/include/vesc_msgs/msg/detail/vesc_state__rosidl_typesupport_introspection_c.h
[3.795s] -- Up-to-date: /home/can-02/Desktop/f1tenth_ws/install/vesc_msgs/include/vesc_msgs/msg/detail/vesc_state__type_support.c
[3.795s] -- Up-to-date: /home/can-02/Desktop/f1tenth_ws/install/vesc_msgs/include/vesc_msgs/msg/detail/vesc_imu_stamped__rosidl_typesupport_introspection_c.h
[3.796s] -- Up-to-date: /home/can-02/Desktop/f1tenth_ws/install/vesc_msgs/include/vesc_msgs/msg/detail/vesc_imu_stamped__type_support.c
[3.796s] -- Up-to-date: /home/can-02/Desktop/f1tenth_ws/install/vesc_msgs/include/vesc_msgs/msg/detail/vesc_imu__rosidl_typesupport_introspection_c.h
[3.796s] -- Up-to-date: /home/can-02/Desktop/f1tenth_ws/install/vesc_msgs/lib/libvesc_msgs__rosidl_typesupport_introspection_c.so
[3.796s] -- Up-to-date: /home/can-02/Desktop/f1tenth_ws/install/vesc_msgs/lib/libvesc_msgs__rosidl_typesupport_c.so
[3.796s] -- Up-to-date: /home/can-02/Desktop/f1tenth_ws/install/vesc_msgs/include/vesc_msgs
[3.796s] -- Up-to-date: /home/can-02/Desktop/f1tenth_ws/install/vesc_msgs/include/vesc_msgs/msg
[3.797s] -- Up-to-date: /home/can-02/Desktop/f1tenth_ws/install/vesc_msgs/include/vesc_msgs/msg/vesc_state_stamped.hpp
[3.797s] -- Up-to-date: /home/can-02/Desktop/f1tenth_ws/install/vesc_msgs/include/vesc_msgs/msg/vesc_imu_stamped.hpp
[3.797s] -- Up-to-date: /home/can-02/Desktop/f1tenth_ws/install/vesc_msgs/include/vesc_msgs/msg/vesc_imu.hpp
[3.797s] -- Up-to-date: /home/can-02/Desktop/f1tenth_ws/install/vesc_msgs/include/vesc_msgs/msg/vesc_state.hpp
[3.797s] -- Up-to-date: /home/can-02/Desktop/f1tenth_ws/install/vesc_msgs/include/vesc_msgs/msg/detail
[3.798s] -- Up-to-date: /home/can-02/Desktop/f1tenth_ws/install/vesc_msgs/include/vesc_msgs/msg/detail/vesc_imu__builder.hpp
[3.798s] -- Up-to-date: /home/can-02/Desktop/f1tenth_ws/install/vesc_msgs/include/vesc_msgs/msg/detail/vesc_state__builder.hpp
[3.799s] -- Up-to-date: /home/can-02/Desktop/f1tenth_ws/install/vesc_msgs/include/vesc_msgs/msg/detail/vesc_imu_stamped__struct.hpp
[3.799s] -- Up-to-date: /home/can-02/Desktop/f1tenth_ws/install/vesc_msgs/include/vesc_msgs/msg/detail/vesc_state_stamped__builder.hpp
[3.799s] -- Up-to-date: /home/can-02/Desktop/f1tenth_ws/install/vesc_msgs/include/vesc_msgs/msg/detail/vesc_imu_stamped__builder.hpp
[3.799s] -- Up-to-date: /home/can-02/Desktop/f1tenth_ws/install/vesc_msgs/include/vesc_msgs/msg/detail/vesc_state__struct.hpp
[3.799s] -- Up-to-date: /home/can-02/Desktop/f1tenth_ws/install/vesc_msgs/include/vesc_msgs/msg/detail/vesc_state_stamped__traits.hpp
[3.799s] -- Up-to-date: /home/can-02/Desktop/f1tenth_ws/install/vesc_msgs/include/vesc_msgs/msg/detail/vesc_imu_stamped__traits.hpp
[3.800s] -- Up-to-date: /home/can-02/Desktop/f1tenth_ws/install/vesc_msgs/include/vesc_msgs/msg/detail/vesc_imu__struct.hpp
[3.800s] -- Up-to-date: /home/can-02/Desktop/f1tenth_ws/install/vesc_msgs/include/vesc_msgs/msg/detail/vesc_state__traits.hpp
[3.800s] -- Up-to-date: /home/can-02/Desktop/f1tenth_ws/install/vesc_msgs/include/vesc_msgs/msg/detail/vesc_imu__traits.hpp
[3.800s] -- Up-to-date: /home/can-02/Desktop/f1tenth_ws/install/vesc_msgs/include/vesc_msgs/msg/detail/vesc_state_stamped__struct.hpp
[3.800s] -- Up-to-date: /home/can-02/Desktop/f1tenth_ws/install/vesc_msgs/include/vesc_msgs
[3.800s] -- Up-to-date: /home/can-02/Desktop/f1tenth_ws/install/vesc_msgs/include/vesc_msgs/msg
[3.801s] -- Up-to-date: /home/can-02/Desktop/f1tenth_ws/install/vesc_msgs/include/vesc_msgs/msg/detail
[3.801s] -- Up-to-date: /home/can-02/Desktop/f1tenth_ws/install/vesc_msgs/include/vesc_msgs/msg/detail/vesc_state__type_support.cpp
[3.801s] -- Up-to-date: /home/can-02/Desktop/f1tenth_ws/install/vesc_msgs/include/vesc_msgs/msg/detail/vesc_imu__type_support.cpp
[3.801s] -- Up-to-date: /home/can-02/Desktop/f1tenth_ws/install/vesc_msgs/include/vesc_msgs/msg/detail/vesc_imu_stamped__type_support.cpp
[3.801s] -- Up-to-date: /home/can-02/Desktop/f1tenth_ws/install/vesc_msgs/include/vesc_msgs/msg/detail/vesc_state_stamped__rosidl_typesupport_introspection_cpp.hpp
[3.801s] -- Up-to-date: /home/can-02/Desktop/f1tenth_ws/install/vesc_msgs/include/vesc_msgs/msg/detail/vesc_imu_stamped__rosidl_typesupport_introspection_cpp.hpp
[3.802s] -- Up-to-date: /home/can-02/Desktop/f1tenth_ws/install/vesc_msgs/include/vesc_msgs/msg/detail/vesc_imu__rosidl_typesupport_introspection_cpp.hpp
[3.802s] -- Up-to-date: /home/can-02/Desktop/f1tenth_ws/install/vesc_msgs/include/vesc_msgs/msg/detail/vesc_state_stamped__type_support.cpp
[3.802s] -- Up-to-date: /home/can-02/Desktop/f1tenth_ws/install/vesc_msgs/include/vesc_msgs/msg/detail/vesc_state__rosidl_typesupport_introspection_cpp.hpp
[3.802s] -- Up-to-date: /home/can-02/Desktop/f1tenth_ws/install/vesc_msgs/lib/libvesc_msgs__rosidl_typesupport_introspection_cpp.so
[3.807s] -- Up-to-date: /home/can-02/Desktop/f1tenth_ws/install/vesc_msgs/lib/libvesc_msgs__rosidl_typesupport_cpp.so
[3.809s] -- Up-to-date: /home/can-02/Desktop/f1tenth_ws/install/vesc_msgs/share/vesc_msgs/environment/pythonpath.sh
[3.809s] -- Up-to-date: /home/can-02/Desktop/f1tenth_ws/install/vesc_msgs/share/vesc_msgs/environment/pythonpath.dsv
[3.811s] -- Up-to-date: /home/can-02/Desktop/f1tenth_ws/install/vesc_msgs/lib/python3.8/site-packages/vesc_msgs/__init__.py
[3.893s] -- Up-to-date: /home/can-02/Desktop/f1tenth_ws/install/vesc_msgs/lib/python3.8/site-packages/vesc_msgs/msg
[3.893s] -- Up-to-date: /home/can-02/Desktop/f1tenth_ws/install/vesc_msgs/lib/python3.8/site-packages/vesc_msgs/msg/_vesc_state.py
[3.896s] -- Up-to-date: /home/can-02/Desktop/f1tenth_ws/install/vesc_msgs/lib/python3.8/site-packages/vesc_msgs/msg/_vesc_imu_stamped_s.c
[3.897s] -- Up-to-date: /home/can-02/Desktop/f1tenth_ws/install/vesc_msgs/lib/python3.8/site-packages/vesc_msgs/msg/_vesc_imu.py
[3.898s] -- Up-to-date: /home/can-02/Desktop/f1tenth_ws/install/vesc_msgs/lib/python3.8/site-packages/vesc_msgs/msg/__init__.py
[3.899s] -- Up-to-date: /home/can-02/Desktop/f1tenth_ws/install/vesc_msgs/lib/python3.8/site-packages/vesc_msgs/msg/_vesc_imu_stamped.py
[3.904s] -- Up-to-date: /home/can-02/Desktop/f1tenth_ws/install/vesc_msgs/lib/python3.8/site-packages/vesc_msgs/msg/_vesc_state_stamped_s.c
[3.904s] -- Up-to-date: /home/can-02/Desktop/f1tenth_ws/install/vesc_msgs/lib/python3.8/site-packages/vesc_msgs/msg/_vesc_imu_s.c
[3.904s] -- Up-to-date: /home/can-02/Desktop/f1tenth_ws/install/vesc_msgs/lib/python3.8/site-packages/vesc_msgs/msg/_vesc_state_stamped.py
[3.905s] -- Up-to-date: /home/can-02/Desktop/f1tenth_ws/install/vesc_msgs/lib/python3.8/site-packages/vesc_msgs/msg/_vesc_state_s.c
[3.906s] -- Up-to-date: /home/can-02/Desktop/f1tenth_ws/install/vesc_msgs/lib/python3.8/site-packages/vesc_msgs/vesc_msgs_s__rosidl_typesupport_fastrtps_c.cpython-38-aarch64-linux-gnu.so
[3.907s] -- Up-to-date: /home/can-02/Desktop/f1tenth_ws/install/vesc_msgs/lib/python3.8/site-packages/vesc_msgs/vesc_msgs_s__rosidl_typesupport_introspection_c.cpython-38-aarch64-linux-gnu.so
[3.908s] -- Up-to-date: /home/can-02/Desktop/f1tenth_ws/install/vesc_msgs/lib/python3.8/site-packages/vesc_msgs/vesc_msgs_s__rosidl_typesupport_c.cpython-38-aarch64-linux-gnu.so
[3.916s] -- Up-to-date: /home/can-02/Desktop/f1tenth_ws/install/vesc_msgs/lib/libvesc_msgs__python.so
[3.917s] -- Up-to-date: /home/can-02/Desktop/f1tenth_ws/install/vesc_msgs/share/vesc_msgs/msg/VescState.idl
[3.922s] -- Up-to-date: /home/can-02/Desktop/f1tenth_ws/install/vesc_msgs/share/vesc_msgs/msg/VescStateStamped.idl
[3.922s] -- Up-to-date: /home/can-02/Desktop/f1tenth_ws/install/vesc_msgs/share/vesc_msgs/msg/VescImu.idl
[3.923s] -- Up-to-date: /home/can-02/Desktop/f1tenth_ws/install/vesc_msgs/share/vesc_msgs/msg/VescImuStamped.idl
[3.923s] -- Up-to-date: /home/can-02/Desktop/f1tenth_ws/install/vesc_msgs/share/vesc_msgs/msg/VescState.msg
[3.923s] -- Up-to-date: /home/can-02/Desktop/f1tenth_ws/install/vesc_msgs/share/vesc_msgs/msg/VescStateStamped.msg
[3.923s] -- Up-to-date: /home/can-02/Desktop/f1tenth_ws/install/vesc_msgs/share/vesc_msgs/msg/VescImu.msg
[3.923s] -- Up-to-date: /home/can-02/Desktop/f1tenth_ws/install/vesc_msgs/share/vesc_msgs/msg/VescImuStamped.msg
[3.923s] -- Up-to-date: /home/can-02/Desktop/f1tenth_ws/install/vesc_msgs/share/ament_index/resource_index/package_run_dependencies/vesc_msgs
[3.924s] -- Up-to-date: /home/can-02/Desktop/f1tenth_ws/install/vesc_msgs/share/ament_index/resource_index/parent_prefix_path/vesc_msgs
[3.924s] -- Up-to-date: /home/can-02/Desktop/f1tenth_ws/install/vesc_msgs/share/vesc_msgs/environment/ament_prefix_path.sh
[3.924s] -- Up-to-date: /home/can-02/Desktop/f1tenth_ws/install/vesc_msgs/share/vesc_msgs/environment/ament_prefix_path.dsv
[3.924s] -- Up-to-date: /home/can-02/Desktop/f1tenth_ws/install/vesc_msgs/share/vesc_msgs/environment/path.sh
[3.924s] -- Up-to-date: /home/can-02/Desktop/f1tenth_ws/install/vesc_msgs/share/vesc_msgs/environment/path.dsv
[3.925s] -- Up-to-date: /home/can-02/Desktop/f1tenth_ws/install/vesc_msgs/share/vesc_msgs/local_setup.bash
[3.937s] -- Up-to-date: /home/can-02/Desktop/f1tenth_ws/install/vesc_msgs/share/vesc_msgs/local_setup.sh
[3.938s] -- Up-to-date: /home/can-02/Desktop/f1tenth_ws/install/vesc_msgs/share/vesc_msgs/local_setup.zsh
[3.939s] -- Up-to-date: /home/can-02/Desktop/f1tenth_ws/install/vesc_msgs/share/vesc_msgs/local_setup.dsv
[3.939s] -- Installing: /home/can-02/Desktop/f1tenth_ws/install/vesc_msgs/share/vesc_msgs/package.dsv
[3.940s] -- Up-to-date: /home/can-02/Desktop/f1tenth_ws/install/vesc_msgs/share/ament_index/resource_index/packages/vesc_msgs
[3.941s] -- Up-to-date: /home/can-02/Desktop/f1tenth_ws/install/vesc_msgs/share/vesc_msgs/cmake/vesc_msgs__rosidl_generator_cExport.cmake
[3.941s] -- Up-to-date: /home/can-02/Desktop/f1tenth_ws/install/vesc_msgs/share/vesc_msgs/cmake/vesc_msgs__rosidl_generator_cExport-noconfig.cmake
[3.942s] -- Up-to-date: /home/can-02/Desktop/f1tenth_ws/install/vesc_msgs/share/vesc_msgs/cmake/vesc_msgs__rosidl_typesupport_introspection_cExport.cmake
[3.942s] -- Up-to-date: /home/can-02/Desktop/f1tenth_ws/install/vesc_msgs/share/vesc_msgs/cmake/vesc_msgs__rosidl_typesupport_introspection_cExport-noconfig.cmake
[3.942s] -- Up-to-date: /home/can-02/Desktop/f1tenth_ws/install/vesc_msgs/share/vesc_msgs/cmake/vesc_msgs__rosidl_typesupport_cExport.cmake
[3.942s] -- Up-to-date: /home/can-02/Desktop/f1tenth_ws/install/vesc_msgs/share/vesc_msgs/cmake/vesc_msgs__rosidl_typesupport_cExport-noconfig.cmake
[3.943s] -- Up-to-date: /home/can-02/Desktop/f1tenth_ws/install/vesc_msgs/share/vesc_msgs/cmake/vesc_msgs__rosidl_generator_cppExport.cmake
[3.943s] -- Up-to-date: /home/can-02/Desktop/f1tenth_ws/install/vesc_msgs/share/vesc_msgs/cmake/vesc_msgs__rosidl_typesupport_introspection_cppExport.cmake
[3.943s] -- Up-to-date: /home/can-02/Desktop/f1tenth_ws/install/vesc_msgs/share/vesc_msgs/cmake/vesc_msgs__rosidl_typesupport_introspection_cppExport-noconfig.cmake
[3.943s] -- Up-to-date: /home/can-02/Desktop/f1tenth_ws/install/vesc_msgs/share/vesc_msgs/cmake/vesc_msgs__rosidl_typesupport_cppExport.cmake
[3.944s] -- Up-to-date: /home/can-02/Desktop/f1tenth_ws/install/vesc_msgs/share/vesc_msgs/cmake/vesc_msgs__rosidl_typesupport_cppExport-noconfig.cmake
[3.944s] -- Up-to-date: /home/can-02/Desktop/f1tenth_ws/install/vesc_msgs/share/vesc_msgs/cmake/rosidl_cmake-extras.cmake
[3.944s] -- Up-to-date: /home/can-02/Desktop/f1tenth_ws/install/vesc_msgs/share/vesc_msgs/cmake/ament_cmake_export_dependencies-extras.cmake
[3.944s] -- Up-to-date: /home/can-02/Desktop/f1tenth_ws/install/vesc_msgs/share/vesc_msgs/cmake/ament_cmake_export_libraries-extras.cmake
[3.944s] -- Up-to-date: /home/can-02/Desktop/f1tenth_ws/install/vesc_msgs/share/vesc_msgs/cmake/ament_cmake_export_targets-extras.cmake
[3.953s] -- Up-to-date: /home/can-02/Desktop/f1tenth_ws/install/vesc_msgs/share/vesc_msgs/cmake/ament_cmake_export_include_directories-extras.cmake
[3.954s] -- Up-to-date: /home/can-02/Desktop/f1tenth_ws/install/vesc_msgs/share/vesc_msgs/cmake/rosidl_cmake_export_typesupport_libraries-extras.cmake
[3.956s] -- Up-to-date: /home/can-02/Desktop/f1tenth_ws/install/vesc_msgs/share/vesc_msgs/cmake/rosidl_cmake_export_typesupport_targets-extras.cmake
[3.957s] -- Up-to-date: /home/can-02/Desktop/f1tenth_ws/install/vesc_msgs/share/vesc_msgs/cmake/vesc_msgsConfig.cmake
[3.957s] -- Up-to-date: /home/can-02/Desktop/f1tenth_ws/install/vesc_msgs/share/vesc_msgs/cmake/vesc_msgsConfig-version.cmake
[3.958s] -- Up-to-date: /home/can-02/Desktop/f1tenth_ws/install/vesc_msgs/share/vesc_msgs/package.xml
[4.133s] Invoked command in '/home/can-02/Desktop/f1tenth_ws/build/vesc_msgs' returned '0': CMAKE_PREFIX_PATH=${CMAKE_PREFIX_PATH}:/home/can-02/Desktop/f1tenth_ws/install/f1tenth_stack:/home/can-02/Desktop/f1tenth_ws/install/joy_teleop:/home/can-02/Desktop/f1tenth_ws/install/particle_filter:/home/can-02/Desktop/f1tenth_ws/install/mouse_teleop:/home/can-02/Desktop/f1tenth_ws/install/key_teleop:/home/can-02/Desktop/f1tenth_ws/install/f1tenth_gym_ros:/home/can-02/Desktop/f1tenth_ws/install/adp_controller:/opt/ros/galactic /usr/bin/cmake --install /home/can-02/Desktop/f1tenth_ws/build/vesc_msgs
