[6.815s] Invoking command in '/home/can-02/Desktop/f1tenth_ws/src/f1tenth_system/teleop_tools/key_teleop': PYTHONPATH=/home/can-02/Desktop/f1tenth_ws/build/key_teleop/prefix_override:/usr/lib/python3/dist-packages/colcon_core/task/python/colcon_distutils_commands:/home/can-02/Desktop/f1tenth_ws/install/key_teleop/lib/python3.8/site-packages:${PYTHONPATH} /usr/bin/python3 -W ignore:setup.py install is deprecated -W ignore:easy_install command is deprecated setup.py egg_info --egg-base ../../../../build/key_teleop build --build-base /home/can-02/Desktop/f1tenth_ws/build/key_teleop/build install --record /home/can-02/Desktop/f1tenth_ws/build/key_teleop/install.log --install-scripts $base/lib/key_teleop --single-version-externally-managed install_data
[7.923s] /home/can-02/.local/lib/python3.8/site-packages/setuptools/dist.py:771: UserWarning: Usage of dash-separated 'script-dir' will not be supported in future versions. Please use the underscore name 'script_dir' instead
[7.924s]   warnings.warn(
[8.256s] running egg_info
[8.376s] writing ../../../../build/key_teleop/key_teleop.egg-info/PKG-INFO
[8.382s] writing dependency_links to ../../../../build/key_teleop/key_teleop.egg-info/dependency_links.txt
[8.382s] writing entry points to ../../../../build/key_teleop/key_teleop.egg-info/entry_points.txt
[8.383s] writing requirements to ../../../../build/key_teleop/key_teleop.egg-info/requires.txt
[8.383s] writing top-level names to ../../../../build/key_teleop/key_teleop.egg-info/top_level.txt
[8.504s] reading manifest file '../../../../build/key_teleop/key_teleop.egg-info/SOURCES.txt'
[8.505s] adding license file 'LICENSE'
[8.507s] writing manifest file '../../../../build/key_teleop/key_teleop.egg-info/SOURCES.txt'
[8.508s] running build
[8.508s] running build_py
[8.508s] running install
[8.539s] running install_lib
[8.581s] running install_data
[8.583s] running install_egg_info
[8.644s] removing '/home/can-02/Desktop/f1tenth_ws/install/key_teleop/lib/python3.8/site-packages/key_teleop-0.3.0-py3.8.egg-info' (and everything under it)
[8.644s] Copying ../../../../build/key_teleop/key_teleop.egg-info to /home/can-02/Desktop/f1tenth_ws/install/key_teleop/lib/python3.8/site-packages/key_teleop-0.3.0-py3.8.egg-info
[8.650s] running install_scripts
[8.899s] Installing key_teleop script to /home/can-02/Desktop/f1tenth_ws/install/key_teleop/lib/key_teleop
[8.900s] writing list of installed files to '/home/can-02/Desktop/f1tenth_ws/build/key_teleop/install.log'
[10.068s] Invoked command in '/home/can-02/Desktop/f1tenth_ws/src/f1tenth_system/teleop_tools/key_teleop' returned '0': PYTHONPATH=/home/can-02/Desktop/f1tenth_ws/build/key_teleop/prefix_override:/usr/lib/python3/dist-packages/colcon_core/task/python/colcon_distutils_commands:/home/can-02/Desktop/f1tenth_ws/install/key_teleop/lib/python3.8/site-packages:${PYTHONPATH} /usr/bin/python3 -W ignore:setup.py install is deprecated -W ignore:easy_install command is deprecated setup.py egg_info --egg-base ../../../../build/key_teleop build --build-base /home/can-02/Desktop/f1tenth_ws/build/key_teleop/build install --record /home/can-02/Desktop/f1tenth_ws/build/key_teleop/install.log --install-scripts $base/lib/key_teleop --single-version-externally-managed install_data
