[5.871s] Invoking command in '/home/can-02/Desktop/f1tenth_ws/src/f1tenth_system/teleop_tools/key_teleop': PYTHONPATH=/home/can-02/Desktop/f1tenth_ws/build/key_teleop/prefix_override:/usr/lib/python3/dist-packages/colcon_core/task/python/colcon_distutils_commands:/home/can-02/Desktop/f1tenth_ws/install/key_teleop/lib/python3.8/site-packages:${PYTHONPATH} /usr/bin/python3 -W ignore:setup.py install is deprecated -W ignore:easy_install command is deprecated setup.py egg_info --egg-base ../../../../build/key_teleop build --build-base /home/can-02/Desktop/f1tenth_ws/build/key_teleop/build install --record /home/can-02/Desktop/f1tenth_ws/build/key_teleop/install.log --install-scripts $base/lib/key_teleop --single-version-externally-managed install_data
[6.794s] /home/can-02/.local/lib/python3.8/site-packages/setuptools/dist.py:771: UserWarning: Usage of dash-separated 'script-dir' will not be supported in future versions. Please use the underscore name 'script_dir' instead
[6.794s]   warnings.warn(
[7.102s] running egg_info
[7.149s] writing ../../../../build/key_teleop/key_teleop.egg-info/PKG-INFO
[7.165s] writing dependency_links to ../../../../build/key_teleop/key_teleop.egg-info/dependency_links.txt
[7.165s] writing entry points to ../../../../build/key_teleop/key_teleop.egg-info/entry_points.txt
[7.165s] writing requirements to ../../../../build/key_teleop/key_teleop.egg-info/requires.txt
[7.165s] writing top-level names to ../../../../build/key_teleop/key_teleop.egg-info/top_level.txt
[7.286s] reading manifest file '../../../../build/key_teleop/key_teleop.egg-info/SOURCES.txt'
[7.289s] adding license file 'LICENSE'
[7.289s] writing manifest file '../../../../build/key_teleop/key_teleop.egg-info/SOURCES.txt'
[7.290s] running build
[7.290s] running build_py
[7.291s] running install
[7.309s] running install_lib
[7.353s] running install_data
[7.353s] running install_egg_info
[7.400s] removing '/home/can-02/Desktop/f1tenth_ws/install/key_teleop/lib/python3.8/site-packages/key_teleop-0.3.0-py3.8.egg-info' (and everything under it)
[7.400s] Copying ../../../../build/key_teleop/key_teleop.egg-info to /home/can-02/Desktop/f1tenth_ws/install/key_teleop/lib/python3.8/site-packages/key_teleop-0.3.0-py3.8.egg-info
[7.401s] running install_scripts
[7.569s] Installing key_teleop script to /home/can-02/Desktop/f1tenth_ws/install/key_teleop/lib/key_teleop
[7.570s] writing list of installed files to '/home/can-02/Desktop/f1tenth_ws/build/key_teleop/install.log'
[8.716s] Invoked command in '/home/can-02/Desktop/f1tenth_ws/src/f1tenth_system/teleop_tools/key_teleop' returned '0': PYTHONPATH=/home/can-02/Desktop/f1tenth_ws/build/key_teleop/prefix_override:/usr/lib/python3/dist-packages/colcon_core/task/python/colcon_distutils_commands:/home/can-02/Desktop/f1tenth_ws/install/key_teleop/lib/python3.8/site-packages:${PYTHONPATH} /usr/bin/python3 -W ignore:setup.py install is deprecated -W ignore:easy_install command is deprecated setup.py egg_info --egg-base ../../../../build/key_teleop build --build-base /home/can-02/Desktop/f1tenth_ws/build/key_teleop/build install --record /home/can-02/Desktop/f1tenth_ws/build/key_teleop/install.log --install-scripts $base/lib/key_teleop --single-version-externally-managed install_data
