[3.009s] Invoking command in '/home/can-02/Desktop/f1tenth_ws/src/adp_controller': PYTHONPATH=/home/can-02/Desktop/f1tenth_ws/build/adp_controller/prefix_override:/usr/lib/python3/dist-packages/colcon_core/task/python/colcon_distutils_commands:/home/can-02/Desktop/f1tenth_ws/install/adp_controller/lib/python3.8/site-packages:${PYTHONPATH} /usr/bin/python3 -W ignore:setup.py install is deprecated -W ignore:easy_install command is deprecated setup.py egg_info --egg-base ../../build/adp_controller build --build-base /home/can-02/Desktop/f1tenth_ws/build/adp_controller/build install --record /home/can-02/Desktop/f1tenth_ws/build/adp_controller/install.log --single-version-externally-managed install_data
[4.184s] running egg_info
[4.266s] writing ../../build/adp_controller/adp_controller.egg-info/PKG-INFO
[4.267s] writing dependency_links to ../../build/adp_controller/adp_controller.egg-info/dependency_links.txt
[4.268s] writing entry points to ../../build/adp_controller/adp_controller.egg-info/entry_points.txt
[4.268s] writing requirements to ../../build/adp_controller/adp_controller.egg-info/requires.txt
[4.268s] writing top-level names to ../../build/adp_controller/adp_controller.egg-info/top_level.txt
[4.370s] reading manifest file '../../build/adp_controller/adp_controller.egg-info/SOURCES.txt'
[4.375s] writing manifest file '../../build/adp_controller/adp_controller.egg-info/SOURCES.txt'
[4.375s] running build
[4.376s] running build_py
[4.376s] copying adp_controller/adp_raceline_control.py -> /home/can-02/Desktop/f1tenth_ws/build/adp_controller/build/lib/adp_controller
[4.377s] running install
[4.391s] running install_lib
[4.432s] copying /home/can-02/Desktop/f1tenth_ws/build/adp_controller/build/lib/adp_controller/adp_raceline_control.py -> /home/can-02/Desktop/f1tenth_ws/install/adp_controller/lib/python3.8/site-packages/adp_controller
[4.434s] byte-compiling /home/can-02/Desktop/f1tenth_ws/install/adp_controller/lib/python3.8/site-packages/adp_controller/adp_raceline_control.py to adp_raceline_control.cpython-38.pyc
[4.436s] running install_data
[4.437s] running install_egg_info
[4.482s] removing '/home/can-02/Desktop/f1tenth_ws/install/adp_controller/lib/python3.8/site-packages/adp_controller-0.0.0-py3.8.egg-info' (and everything under it)
[4.483s] Copying ../../build/adp_controller/adp_controller.egg-info to /home/can-02/Desktop/f1tenth_ws/install/adp_controller/lib/python3.8/site-packages/adp_controller-0.0.0-py3.8.egg-info
[4.485s] running install_scripts
[4.654s] Installing adp_raceline_control script to /home/can-02/Desktop/f1tenth_ws/install/adp_controller/lib/adp_controller
[4.655s] Installing frenet_error_node script to /home/can-02/Desktop/f1tenth_ws/install/adp_controller/lib/adp_controller
[4.655s] Installing raceline_publisher script to /home/can-02/Desktop/f1tenth_ws/install/adp_controller/lib/adp_controller
[4.656s] writing list of installed files to '/home/can-02/Desktop/f1tenth_ws/build/adp_controller/install.log'
[4.795s] Invoked command in '/home/can-02/Desktop/f1tenth_ws/src/adp_controller' returned '0': PYTHONPATH=/home/can-02/Desktop/f1tenth_ws/build/adp_controller/prefix_override:/usr/lib/python3/dist-packages/colcon_core/task/python/colcon_distutils_commands:/home/can-02/Desktop/f1tenth_ws/install/adp_controller/lib/python3.8/site-packages:${PYTHONPATH} /usr/bin/python3 -W ignore:setup.py install is deprecated -W ignore:easy_install command is deprecated setup.py egg_info --egg-base ../../build/adp_controller build --build-base /home/can-02/Desktop/f1tenth_ws/build/adp_controller/build install --record /home/can-02/Desktop/f1tenth_ws/build/adp_controller/install.log --single-version-externally-managed install_data
