[0.057s] Invoking command in '/home/can-02/Desktop/f1tenth_ws/build/vesc_driver': CMAKE_PREFIX_PATH=/home/can-02/Desktop/f1tenth_ws/install/vesc_msgs:/home/can-02/Desktop/f1tenth_ws/install/vesc:/home/can-02/Desktop/f1tenth_ws/install/vesc_driver:/home/can-02/Desktop/f1tenth_ws/install/vesc_ackermann:/home/can-02/Desktop/f1tenth_ws/install/teleop_tools:/home/can-02/Desktop/f1tenth_ws/install/teleop_tools_msgs:/home/can-02/Desktop/f1tenth_ws/install/ackermann_mux:/home/can-02/Desktop/f1tenth_ws/install/f1tenth_stack:/home/can-02/Desktop/f1tenth_ws/install/joy_teleop:/home/can-02/Desktop/f1tenth_ws/install/particle_filter:/home/can-02/Desktop/f1tenth_ws/install/mouse_teleop:/home/can-02/Desktop/f1tenth_ws/install/key_teleop:/home/can-02/Desktop/f1tenth_ws/install/f1tenth_gym_ros:/home/can-02/Desktop/f1tenth_ws/install/adp_controller:/opt/ros/galactic LD_LIBRARY_PATH=/home/can-02/Desktop/f1tenth_ws/install/vesc_msgs/lib:/home/can-02/Desktop/f1tenth_ws/install/vesc_driver/lib:/home/can-02/Desktop/f1tenth_ws/install/vesc_ackermann/lib:/home/can-02/Desktop/f1tenth_ws/install/teleop_tools_msgs/lib:/opt/ros/galactic/opt/yaml_cpp_vendor/lib:/opt/ros/galactic/opt/rviz_ogre_vendor/lib:/opt/ros/galactic/lib/aarch64-linux-gnu:/opt/ros/galactic/lib:/usr/local/cuda-11.4/lib64 PYTHONPATH=/home/can-02/Desktop/f1tenth_ws/install/vesc_msgs/lib/python3.8/site-packages:/home/can-02/Desktop/f1tenth_ws/install/f1tenth_stack/lib/python3.8/site-packages:/home/can-02/Desktop/f1tenth_ws/install/joy_teleop/lib/python3.8/site-packages:/home/can-02/Desktop/f1tenth_ws/install/teleop_tools_msgs/lib/python3.8/site-packages:/home/can-02/Desktop/f1tenth_ws/install/particle_filter/lib/python3.8/site-packages:/home/can-02/Desktop/f1tenth_ws/install/mouse_teleop/lib/python3.8/site-packages:/home/can-02/Desktop/f1tenth_ws/install/key_teleop/lib/python3.8/site-packages:/home/can-02/Desktop/f1tenth_ws/install/f1tenth_gym_ros/lib/python3.8/site-packages:/home/can-02/Desktop/f1tenth_ws/install/adp_controller/lib/python3.8/site-packages:/opt/ros/galactic/lib/python3.8/site-packages /usr/bin/cmake /home/can-02/Desktop/f1tenth_ws/src/f1tenth_system/vesc/vesc_driver -DCMAKE_INSTALL_PREFIX=/home/can-02/Desktop/f1tenth_ws/install/vesc_driver
[0.230s] -- The C compiler identification is GNU 9.4.0
[0.374s] -- The CXX compiler identification is GNU 9.4.0
[0.385s] -- Check for working C compiler: /usr/bin/cc
[0.562s] -- Check for working C compiler: /usr/bin/cc -- works
[0.563s] -- Detecting C compiler ABI info
[0.756s] -- Detecting C compiler ABI info - done
[0.779s] -- Detecting C compile features
[0.779s] -- Detecting C compile features - done
[0.785s] -- Check for working CXX compiler: /usr/bin/c++
[0.998s] -- Check for working CXX compiler: /usr/bin/c++ -- works
[1.000s] -- Detecting CXX compiler ABI info
[1.209s] -- Detecting CXX compiler ABI info - done
[1.233s] -- Detecting CXX compile features
[1.234s] -- Detecting CXX compile features - done
[1.242s] -- Found ament_cmake_auto: 1.1.6 (/opt/ros/galactic/share/ament_cmake_auto/cmake)
[1.343s] -- Found PythonInterp: /usr/bin/python3 (found suitable version "3.8.10", minimum required is "3") 
[1.343s] -- Using PYTHON_EXECUTABLE: /usr/bin/python3
[1.940s] -- Using all available rosidl_typesupport_c: rosidl_typesupport_fastrtps_c;rosidl_typesupport_introspection_c
[1.961s] -- Found rosidl_adapter: 2.2.3 (/opt/ros/galactic/share/rosidl_adapter/cmake)
[2.198s] -- Found OpenSSL: /usr/lib/aarch64-linux-gnu/libcrypto.so (found version "1.1.1f")  
[2.274s] -- Found FastRTPS: /opt/ros/galactic/include  
[2.523s] -- Using all available rosidl_typesupport_cpp: rosidl_typesupport_fastrtps_cpp;rosidl_typesupport_introspection_cpp
[2.685s] -- Found rmw_implementation_cmake: 3.3.1 (/opt/ros/galactic/share/rmw_implementation_cmake/cmake)
[2.696s] -- Found rmw_cyclonedds_cpp: 0.22.6 (/opt/ros/galactic/share/rmw_cyclonedds_cpp/cmake)
[2.744s] -- Using RMW implementation 'rmw_cyclonedds_cpp' as default
[2.747s] -- Looking for pthread.h
[2.997s] -- Looking for pthread.h - found
[2.997s] -- Performing Test CMAKE_HAVE_LIBC_PTHREAD
[3.175s] -- Performing Test CMAKE_HAVE_LIBC_PTHREAD - Failed
[3.175s] -- Looking for pthread_create in pthreads
[3.319s] -- Looking for pthread_create in pthreads - not found
[3.327s] -- Looking for pthread_create in pthread
[3.483s] -- Looking for pthread_create in pthread - found
[3.487s] -- Found Threads: TRUE  
[4.768s] -- Found ament_lint_auto: 0.10.7 (/opt/ros/galactic/share/ament_lint_auto/cmake)
[4.828s] -- Added test 'copyright' to check source files copyright and LICENSE
[4.832s] -- Added test 'cppcheck' to perform static code analysis on C / C++ code
[4.833s] -- Configured cppcheck include dirs: /home/can-02/Desktop/f1tenth_ws/src/f1tenth_system/vesc/vesc_driver/include
[4.833s] -- Configured cppcheck exclude dirs and/or files: 
[4.837s] -- Added test 'cpplint' to check C / C++ code against the Google style
[4.837s] -- Configured cpplint exclude dirs and/or files: 
[4.838s] -- Added test 'flake8' to check Python code syntax and style conventions
[4.840s] -- Added test 'lint_cmake' to check CMake code style
[4.842s] -- Added test 'pep257' to check Python code against some of the style conventions in PEP 257
[4.845s] -- Added test 'uncrustify' to check C / C++ code style
[4.845s] -- Configured uncrustify additional arguments: 
[4.847s] -- Added test 'xmllint' to check XML markup files
[4.861s] -- Configuring done
[4.943s] -- Generating done
[4.983s] -- Build files have been written to: /home/can-02/Desktop/f1tenth_ws/build/vesc_driver
[5.011s] Invoked command in '/home/can-02/Desktop/f1tenth_ws/build/vesc_driver' returned '0': CMAKE_PREFIX_PATH=/home/can-02/Desktop/f1tenth_ws/install/vesc_msgs:/home/can-02/Desktop/f1tenth_ws/install/vesc:/home/can-02/Desktop/f1tenth_ws/install/vesc_driver:/home/can-02/Desktop/f1tenth_ws/install/vesc_ackermann:/home/can-02/Desktop/f1tenth_ws/install/teleop_tools:/home/can-02/Desktop/f1tenth_ws/install/teleop_tools_msgs:/home/can-02/Desktop/f1tenth_ws/install/ackermann_mux:/home/can-02/Desktop/f1tenth_ws/install/f1tenth_stack:/home/can-02/Desktop/f1tenth_ws/install/joy_teleop:/home/can-02/Desktop/f1tenth_ws/install/particle_filter:/home/can-02/Desktop/f1tenth_ws/install/mouse_teleop:/home/can-02/Desktop/f1tenth_ws/install/key_teleop:/home/can-02/Desktop/f1tenth_ws/install/f1tenth_gym_ros:/home/can-02/Desktop/f1tenth_ws/install/adp_controller:/opt/ros/galactic LD_LIBRARY_PATH=/home/can-02/Desktop/f1tenth_ws/install/vesc_msgs/lib:/home/can-02/Desktop/f1tenth_ws/install/vesc_driver/lib:/home/can-02/Desktop/f1tenth_ws/install/vesc_ackermann/lib:/home/can-02/Desktop/f1tenth_ws/install/teleop_tools_msgs/lib:/opt/ros/galactic/opt/yaml_cpp_vendor/lib:/opt/ros/galactic/opt/rviz_ogre_vendor/lib:/opt/ros/galactic/lib/aarch64-linux-gnu:/opt/ros/galactic/lib:/usr/local/cuda-11.4/lib64 PYTHONPATH=/home/can-02/Desktop/f1tenth_ws/install/vesc_msgs/lib/python3.8/site-packages:/home/can-02/Desktop/f1tenth_ws/install/f1tenth_stack/lib/python3.8/site-packages:/home/can-02/Desktop/f1tenth_ws/install/joy_teleop/lib/python3.8/site-packages:/home/can-02/Desktop/f1tenth_ws/install/teleop_tools_msgs/lib/python3.8/site-packages:/home/can-02/Desktop/f1tenth_ws/install/particle_filter/lib/python3.8/site-packages:/home/can-02/Desktop/f1tenth_ws/install/mouse_teleop/lib/python3.8/site-packages:/home/can-02/Desktop/f1tenth_ws/install/key_teleop/lib/python3.8/site-packages:/home/can-02/Desktop/f1tenth_ws/install/f1tenth_gym_ros/lib/python3.8/site-packages:/home/can-02/Desktop/f1tenth_ws/install/adp_controller/lib/python3.8/site-packages:/opt/ros/galactic/lib/python3.8/site-packages /usr/bin/cmake /home/can-02/Desktop/f1tenth_ws/src/f1tenth_system/vesc/vesc_driver -DCMAKE_INSTALL_PREFIX=/home/can-02/Desktop/f1tenth_ws/install/vesc_driver
[5.019s] Invoking command in '/home/can-02/Desktop/f1tenth_ws/build/vesc_driver': CMAKE_PREFIX_PATH=/home/can-02/Desktop/f1tenth_ws/install/vesc_msgs:/home/can-02/Desktop/f1tenth_ws/install/vesc:/home/can-02/Desktop/f1tenth_ws/install/vesc_driver:/home/can-02/Desktop/f1tenth_ws/install/vesc_ackermann:/home/can-02/Desktop/f1tenth_ws/install/teleop_tools:/home/can-02/Desktop/f1tenth_ws/install/teleop_tools_msgs:/home/can-02/Desktop/f1tenth_ws/install/ackermann_mux:/home/can-02/Desktop/f1tenth_ws/install/f1tenth_stack:/home/can-02/Desktop/f1tenth_ws/install/joy_teleop:/home/can-02/Desktop/f1tenth_ws/install/particle_filter:/home/can-02/Desktop/f1tenth_ws/install/mouse_teleop:/home/can-02/Desktop/f1tenth_ws/install/key_teleop:/home/can-02/Desktop/f1tenth_ws/install/f1tenth_gym_ros:/home/can-02/Desktop/f1tenth_ws/install/adp_controller:/opt/ros/galactic LD_LIBRARY_PATH=/home/can-02/Desktop/f1tenth_ws/install/vesc_msgs/lib:/home/can-02/Desktop/f1tenth_ws/install/vesc_driver/lib:/home/can-02/Desktop/f1tenth_ws/install/vesc_ackermann/lib:/home/can-02/Desktop/f1tenth_ws/install/teleop_tools_msgs/lib:/opt/ros/galactic/opt/yaml_cpp_vendor/lib:/opt/ros/galactic/opt/rviz_ogre_vendor/lib:/opt/ros/galactic/lib/aarch64-linux-gnu:/opt/ros/galactic/lib:/usr/local/cuda-11.4/lib64 PYTHONPATH=/home/can-02/Desktop/f1tenth_ws/install/vesc_msgs/lib/python3.8/site-packages:/home/can-02/Desktop/f1tenth_ws/install/f1tenth_stack/lib/python3.8/site-packages:/home/can-02/Desktop/f1tenth_ws/install/joy_teleop/lib/python3.8/site-packages:/home/can-02/Desktop/f1tenth_ws/install/teleop_tools_msgs/lib/python3.8/site-packages:/home/can-02/Desktop/f1tenth_ws/install/particle_filter/lib/python3.8/site-packages:/home/can-02/Desktop/f1tenth_ws/install/mouse_teleop/lib/python3.8/site-packages:/home/can-02/Desktop/f1tenth_ws/install/key_teleop/lib/python3.8/site-packages:/home/can-02/Desktop/f1tenth_ws/install/f1tenth_gym_ros/lib/python3.8/site-packages:/home/can-02/Desktop/f1tenth_ws/install/adp_controller/lib/python3.8/site-packages:/opt/ros/galactic/lib/python3.8/site-packages /usr/bin/cmake --build /home/can-02/Desktop/f1tenth_ws/build/vesc_driver -- -j6 -l6
[5.131s] [35m[1mScanning dependencies of target vesc_driver_node[0m
[5.148s] [35m[1mScanning dependencies of target vesc_driver[0m
[5.247s] [ 10%] [32mBuilding CXX object CMakeFiles/vesc_driver_node.dir/rclcpp_components/node_main_vesc_driver_node.cpp.o[0m
[5.309s] [ 20%] [32mBuilding CXX object CMakeFiles/vesc_driver.dir/src/vesc_interface.cpp.o[0m
[5.312s] [ 30%] [32mBuilding CXX object CMakeFiles/vesc_driver.dir/src/vesc_driver.cpp.o[0m
[5.318s] [ 40%] [32mBuilding CXX object CMakeFiles/vesc_driver.dir/src/vesc_packet_factory.cpp.o[0m
[5.335s] [ 50%] [32mBuilding CXX object CMakeFiles/vesc_driver.dir/src/vesc_packet.cpp.o[0m
[16.049s] [ 60%] [32m[1mLinking CXX executable vesc_driver_node[0m
[16.469s] [ 60%] Built target vesc_driver_node
[31.413s] [ 70%] [32m[1mLinking CXX shared library libvesc_driver.so[0m
[32.681s] [ 70%] Built target vesc_driver
[32.705s] [35m[1mScanning dependencies of target vesc_device_namer[0m
[32.733s] [ 90%] [32mBuilding CXX object CMakeFiles/vesc_device_namer.dir/src/vesc_device_namer.cpp.o[0m
[32.733s] [ 90%] [32mBuilding CXX object CMakeFiles/vesc_device_namer.dir/src/vesc_device_uuid_lookup.cpp.o[0m
[34.610s] [100%] [32m[1mLinking CXX executable vesc_device_namer[0m
[35.219s] [100%] Built target vesc_device_namer
[35.250s] Invoked command in '/home/can-02/Desktop/f1tenth_ws/build/vesc_driver' returned '0': CMAKE_PREFIX_PATH=/home/can-02/Desktop/f1tenth_ws/install/vesc_msgs:/home/can-02/Desktop/f1tenth_ws/install/vesc:/home/can-02/Desktop/f1tenth_ws/install/vesc_driver:/home/can-02/Desktop/f1tenth_ws/install/vesc_ackermann:/home/can-02/Desktop/f1tenth_ws/install/teleop_tools:/home/can-02/Desktop/f1tenth_ws/install/teleop_tools_msgs:/home/can-02/Desktop/f1tenth_ws/install/ackermann_mux:/home/can-02/Desktop/f1tenth_ws/install/f1tenth_stack:/home/can-02/Desktop/f1tenth_ws/install/joy_teleop:/home/can-02/Desktop/f1tenth_ws/install/particle_filter:/home/can-02/Desktop/f1tenth_ws/install/mouse_teleop:/home/can-02/Desktop/f1tenth_ws/install/key_teleop:/home/can-02/Desktop/f1tenth_ws/install/f1tenth_gym_ros:/home/can-02/Desktop/f1tenth_ws/install/adp_controller:/opt/ros/galactic LD_LIBRARY_PATH=/home/can-02/Desktop/f1tenth_ws/install/vesc_msgs/lib:/home/can-02/Desktop/f1tenth_ws/install/vesc_driver/lib:/home/can-02/Desktop/f1tenth_ws/install/vesc_ackermann/lib:/home/can-02/Desktop/f1tenth_ws/install/teleop_tools_msgs/lib:/opt/ros/galactic/opt/yaml_cpp_vendor/lib:/opt/ros/galactic/opt/rviz_ogre_vendor/lib:/opt/ros/galactic/lib/aarch64-linux-gnu:/opt/ros/galactic/lib:/usr/local/cuda-11.4/lib64 PYTHONPATH=/home/can-02/Desktop/f1tenth_ws/install/vesc_msgs/lib/python3.8/site-packages:/home/can-02/Desktop/f1tenth_ws/install/f1tenth_stack/lib/python3.8/site-packages:/home/can-02/Desktop/f1tenth_ws/install/joy_teleop/lib/python3.8/site-packages:/home/can-02/Desktop/f1tenth_ws/install/teleop_tools_msgs/lib/python3.8/site-packages:/home/can-02/Desktop/f1tenth_ws/install/particle_filter/lib/python3.8/site-packages:/home/can-02/Desktop/f1tenth_ws/install/mouse_teleop/lib/python3.8/site-packages:/home/can-02/Desktop/f1tenth_ws/install/key_teleop/lib/python3.8/site-packages:/home/can-02/Desktop/f1tenth_ws/install/f1tenth_gym_ros/lib/python3.8/site-packages:/home/can-02/Desktop/f1tenth_ws/install/adp_controller/lib/python3.8/site-packages:/opt/ros/galactic/lib/python3.8/site-packages /usr/bin/cmake --build /home/can-02/Desktop/f1tenth_ws/build/vesc_driver -- -j6 -l6
[35.253s] Invoking command in '/home/can-02/Desktop/f1tenth_ws/build/vesc_driver': CMAKE_PREFIX_PATH=/home/can-02/Desktop/f1tenth_ws/install/vesc_msgs:/home/can-02/Desktop/f1tenth_ws/install/vesc:/home/can-02/Desktop/f1tenth_ws/install/vesc_driver:/home/can-02/Desktop/f1tenth_ws/install/vesc_ackermann:/home/can-02/Desktop/f1tenth_ws/install/teleop_tools:/home/can-02/Desktop/f1tenth_ws/install/teleop_tools_msgs:/home/can-02/Desktop/f1tenth_ws/install/ackermann_mux:/home/can-02/Desktop/f1tenth_ws/install/f1tenth_stack:/home/can-02/Desktop/f1tenth_ws/install/joy_teleop:/home/can-02/Desktop/f1tenth_ws/install/particle_filter:/home/can-02/Desktop/f1tenth_ws/install/mouse_teleop:/home/can-02/Desktop/f1tenth_ws/install/key_teleop:/home/can-02/Desktop/f1tenth_ws/install/f1tenth_gym_ros:/home/can-02/Desktop/f1tenth_ws/install/adp_controller:/opt/ros/galactic LD_LIBRARY_PATH=/home/can-02/Desktop/f1tenth_ws/install/vesc_msgs/lib:/home/can-02/Desktop/f1tenth_ws/install/vesc_driver/lib:/home/can-02/Desktop/f1tenth_ws/install/vesc_ackermann/lib:/home/can-02/Desktop/f1tenth_ws/install/teleop_tools_msgs/lib:/opt/ros/galactic/opt/yaml_cpp_vendor/lib:/opt/ros/galactic/opt/rviz_ogre_vendor/lib:/opt/ros/galactic/lib/aarch64-linux-gnu:/opt/ros/galactic/lib:/usr/local/cuda-11.4/lib64 PYTHONPATH=/home/can-02/Desktop/f1tenth_ws/install/vesc_msgs/lib/python3.8/site-packages:/home/can-02/Desktop/f1tenth_ws/install/f1tenth_stack/lib/python3.8/site-packages:/home/can-02/Desktop/f1tenth_ws/install/joy_teleop/lib/python3.8/site-packages:/home/can-02/Desktop/f1tenth_ws/install/teleop_tools_msgs/lib/python3.8/site-packages:/home/can-02/Desktop/f1tenth_ws/install/particle_filter/lib/python3.8/site-packages:/home/can-02/Desktop/f1tenth_ws/install/mouse_teleop/lib/python3.8/site-packages:/home/can-02/Desktop/f1tenth_ws/install/key_teleop/lib/python3.8/site-packages:/home/can-02/Desktop/f1tenth_ws/install/f1tenth_gym_ros/lib/python3.8/site-packages:/home/can-02/Desktop/f1tenth_ws/install/adp_controller/lib/python3.8/site-packages:/opt/ros/galactic/lib/python3.8/site-packages /usr/bin/cmake --install /home/can-02/Desktop/f1tenth_ws/build/vesc_driver
[35.285s] -- Install configuration: ""
[35.286s] -- Installing: /home/can-02/Desktop/f1tenth_ws/install/vesc_driver/lib/vesc_driver/vesc_driver_node
[35.288s] -- Set runtime path of "/home/can-02/Desktop/f1tenth_ws/install/vesc_driver/lib/vesc_driver/vesc_driver_node" to ""
[35.288s] -- Installing: /home/can-02/Desktop/f1tenth_ws/install/vesc_driver/include
[35.289s] -- Installing: /home/can-02/Desktop/f1tenth_ws/install/vesc_driver/include/vesc_driver
[35.289s] -- Installing: /home/can-02/Desktop/f1tenth_ws/install/vesc_driver/include/vesc_driver/crc.hpp
[35.289s] -- Installing: /home/can-02/Desktop/f1tenth_ws/install/vesc_driver/include/vesc_driver/vesc_packet_factory.hpp
[35.290s] -- Installing: /home/can-02/Desktop/f1tenth_ws/install/vesc_driver/include/vesc_driver/vesc_packet.hpp
[35.290s] -- Installing: /home/can-02/Desktop/f1tenth_ws/install/vesc_driver/include/vesc_driver/datatypes.hpp
[35.290s] -- Installing: /home/can-02/Desktop/f1tenth_ws/install/vesc_driver/include/vesc_driver/vesc_driver.hpp
[35.290s] -- Installing: /home/can-02/Desktop/f1tenth_ws/install/vesc_driver/include/vesc_driver/vesc_interface.hpp
[35.290s] -- Installing: /home/can-02/Desktop/f1tenth_ws/install/vesc_driver/include/vesc_driver/vesc_device_uuid_lookup.hpp
[35.291s] -- Installing: /home/can-02/Desktop/f1tenth_ws/install/vesc_driver/share/vesc_driver/environment/library_path.sh
[35.291s] -- Installing: /home/can-02/Desktop/f1tenth_ws/install/vesc_driver/share/vesc_driver/environment/library_path.dsv
[35.291s] -- Installing: /home/can-02/Desktop/f1tenth_ws/install/vesc_driver/lib/libvesc_driver.so
[35.307s] -- Set runtime path of "/home/can-02/Desktop/f1tenth_ws/install/vesc_driver/lib/libvesc_driver.so" to ""
[35.308s] -- Installing: /home/can-02/Desktop/f1tenth_ws/install/vesc_driver/lib/vesc_driver/vesc_device_namer
[35.308s] -- Set runtime path of "/home/can-02/Desktop/f1tenth_ws/install/vesc_driver/lib/vesc_driver/vesc_device_namer" to ""
[35.308s] -- Installing: /home/can-02/Desktop/f1tenth_ws/install/vesc_driver/share/vesc_driver/launch
[35.309s] -- Installing: /home/can-02/Desktop/f1tenth_ws/install/vesc_driver/share/vesc_driver/launch/vesc_driver_node.launch.py
[35.309s] -- Installing: /home/can-02/Desktop/f1tenth_ws/install/vesc_driver/share/vesc_driver/params
[35.309s] -- Installing: /home/can-02/Desktop/f1tenth_ws/install/vesc_driver/share/vesc_driver/params/vesc_config.yaml
[35.310s] -- Installing: /home/can-02/Desktop/f1tenth_ws/install/vesc_driver/share/ament_index/resource_index/package_run_dependencies/vesc_driver
[35.311s] -- Installing: /home/can-02/Desktop/f1tenth_ws/install/vesc_driver/share/ament_index/resource_index/parent_prefix_path/vesc_driver
[35.311s] -- Installing: /home/can-02/Desktop/f1tenth_ws/install/vesc_driver/share/vesc_driver/environment/ament_prefix_path.sh
[35.311s] -- Installing: /home/can-02/Desktop/f1tenth_ws/install/vesc_driver/share/vesc_driver/environment/ament_prefix_path.dsv
[35.312s] -- Installing: /home/can-02/Desktop/f1tenth_ws/install/vesc_driver/share/vesc_driver/environment/path.sh
[35.312s] -- Installing: /home/can-02/Desktop/f1tenth_ws/install/vesc_driver/share/vesc_driver/environment/path.dsv
[35.313s] -- Installing: /home/can-02/Desktop/f1tenth_ws/install/vesc_driver/share/vesc_driver/local_setup.bash
[35.313s] -- Installing: /home/can-02/Desktop/f1tenth_ws/install/vesc_driver/share/vesc_driver/local_setup.sh
[35.314s] -- Installing: /home/can-02/Desktop/f1tenth_ws/install/vesc_driver/share/vesc_driver/local_setup.zsh
[35.314s] -- Installing: /home/can-02/Desktop/f1tenth_ws/install/vesc_driver/share/vesc_driver/local_setup.dsv
[35.315s] -- Installing: /home/can-02/Desktop/f1tenth_ws/install/vesc_driver/share/vesc_driver/package.dsv
[35.315s] -- Installing: /home/can-02/Desktop/f1tenth_ws/install/vesc_driver/share/ament_index/resource_index/packages/vesc_driver
[35.316s] -- Installing: /home/can-02/Desktop/f1tenth_ws/install/vesc_driver/share/ament_index/resource_index/rclcpp_components/vesc_driver
[35.316s] -- Installing: /home/can-02/Desktop/f1tenth_ws/install/vesc_driver/share/vesc_driver/cmake/ament_cmake_export_dependencies-extras.cmake
[35.317s] -- Installing: /home/can-02/Desktop/f1tenth_ws/install/vesc_driver/share/vesc_driver/cmake/ament_cmake_export_include_directories-extras.cmake
[35.317s] -- Installing: /home/can-02/Desktop/f1tenth_ws/install/vesc_driver/share/vesc_driver/cmake/ament_cmake_export_libraries-extras.cmake
[35.318s] -- Installing: /home/can-02/Desktop/f1tenth_ws/install/vesc_driver/share/vesc_driver/cmake/vesc_driverConfig.cmake
[35.318s] -- Installing: /home/can-02/Desktop/f1tenth_ws/install/vesc_driver/share/vesc_driver/cmake/vesc_driverConfig-version.cmake
[35.319s] -- Installing: /home/can-02/Desktop/f1tenth_ws/install/vesc_driver/share/vesc_driver/package.xml
[35.326s] Invoked command in '/home/can-02/Desktop/f1tenth_ws/build/vesc_driver' returned '0': CMAKE_PREFIX_PATH=/home/can-02/Desktop/f1tenth_ws/install/vesc_msgs:/home/can-02/Desktop/f1tenth_ws/install/vesc:/home/can-02/Desktop/f1tenth_ws/install/vesc_driver:/home/can-02/Desktop/f1tenth_ws/install/vesc_ackermann:/home/can-02/Desktop/f1tenth_ws/install/teleop_tools:/home/can-02/Desktop/f1tenth_ws/install/teleop_tools_msgs:/home/can-02/Desktop/f1tenth_ws/install/ackermann_mux:/home/can-02/Desktop/f1tenth_ws/install/f1tenth_stack:/home/can-02/Desktop/f1tenth_ws/install/joy_teleop:/home/can-02/Desktop/f1tenth_ws/install/particle_filter:/home/can-02/Desktop/f1tenth_ws/install/mouse_teleop:/home/can-02/Desktop/f1tenth_ws/install/key_teleop:/home/can-02/Desktop/f1tenth_ws/install/f1tenth_gym_ros:/home/can-02/Desktop/f1tenth_ws/install/adp_controller:/opt/ros/galactic LD_LIBRARY_PATH=/home/can-02/Desktop/f1tenth_ws/install/vesc_msgs/lib:/home/can-02/Desktop/f1tenth_ws/install/vesc_driver/lib:/home/can-02/Desktop/f1tenth_ws/install/vesc_ackermann/lib:/home/can-02/Desktop/f1tenth_ws/install/teleop_tools_msgs/lib:/opt/ros/galactic/opt/yaml_cpp_vendor/lib:/opt/ros/galactic/opt/rviz_ogre_vendor/lib:/opt/ros/galactic/lib/aarch64-linux-gnu:/opt/ros/galactic/lib:/usr/local/cuda-11.4/lib64 PYTHONPATH=/home/can-02/Desktop/f1tenth_ws/install/vesc_msgs/lib/python3.8/site-packages:/home/can-02/Desktop/f1tenth_ws/install/f1tenth_stack/lib/python3.8/site-packages:/home/can-02/Desktop/f1tenth_ws/install/joy_teleop/lib/python3.8/site-packages:/home/can-02/Desktop/f1tenth_ws/install/teleop_tools_msgs/lib/python3.8/site-packages:/home/can-02/Desktop/f1tenth_ws/install/particle_filter/lib/python3.8/site-packages:/home/can-02/Desktop/f1tenth_ws/install/mouse_teleop/lib/python3.8/site-packages:/home/can-02/Desktop/f1tenth_ws/install/key_teleop/lib/python3.8/site-packages:/home/can-02/Desktop/f1tenth_ws/install/f1tenth_gym_ros/lib/python3.8/site-packages:/home/can-02/Desktop/f1tenth_ws/install/adp_controller/lib/python3.8/site-packages:/opt/ros/galactic/lib/python3.8/site-packages /usr/bin/cmake --install /home/can-02/Desktop/f1tenth_ws/build/vesc_driver
