[0.123s] Invoking command in '/home/can-02/Desktop/f1tenth_ws/build/ackermann_mux': CMAKE_PREFIX_PATH=${CMAKE_PREFIX_PATH}:/home/can-02/Desktop/f1tenth_ws/install/f1tenth_stack:/home/can-02/Desktop/f1tenth_ws/install/joy_teleop:/home/can-02/Desktop/f1tenth_ws/install/particle_filter:/home/can-02/Desktop/f1tenth_ws/install/mouse_teleop:/home/can-02/Desktop/f1tenth_ws/install/key_teleop:/home/can-02/Desktop/f1tenth_ws/install/f1tenth_gym_ros:/home/can-02/Desktop/f1tenth_ws/install/adp_controller:/opt/ros/galactic /usr/bin/cmake --build /home/can-02/Desktop/f1tenth_ws/build/ackermann_mux -- -j6 -l6
[3.249s] [100%] Built target ackermann_mux
[3.288s] Invoked command in '/home/can-02/Desktop/f1tenth_ws/build/ackermann_mux' returned '0': CMAKE_PREFIX_PATH=${CMAKE_PREFIX_PATH}:/home/can-02/Desktop/f1tenth_ws/install/f1tenth_stack:/home/can-02/Desktop/f1tenth_ws/install/joy_teleop:/home/can-02/Desktop/f1tenth_ws/install/particle_filter:/home/can-02/Desktop/f1tenth_ws/install/mouse_teleop:/home/can-02/Desktop/f1tenth_ws/install/key_teleop:/home/can-02/Desktop/f1tenth_ws/install/f1tenth_gym_ros:/home/can-02/Desktop/f1tenth_ws/install/adp_controller:/opt/ros/galactic /usr/bin/cmake --build /home/can-02/Desktop/f1tenth_ws/build/ackermann_mux -- -j6 -l6
[3.294s] Invoking command in '/home/can-02/Desktop/f1tenth_ws/build/ackermann_mux': CMAKE_PREFIX_PATH=${CMAKE_PREFIX_PATH}:/home/can-02/Desktop/f1tenth_ws/install/f1tenth_stack:/home/can-02/Desktop/f1tenth_ws/install/joy_teleop:/home/can-02/Desktop/f1tenth_ws/install/particle_filter:/home/can-02/Desktop/f1tenth_ws/install/mouse_teleop:/home/can-02/Desktop/f1tenth_ws/install/key_teleop:/home/can-02/Desktop/f1tenth_ws/install/f1tenth_gym_ros:/home/can-02/Desktop/f1tenth_ws/install/adp_controller:/opt/ros/galactic /usr/bin/cmake --install /home/can-02/Desktop/f1tenth_ws/build/ackermann_mux
[3.355s] -- Install configuration: ""
[3.355s] -- Up-to-date: /home/can-02/Desktop/f1tenth_ws/install/ackermann_mux/lib/ackermann_mux/ackermann_mux
[3.355s] -- Up-to-date: /home/can-02/Desktop/f1tenth_ws/install/ackermann_mux/share/ackermann_mux/launch
[3.356s] -- Up-to-date: /home/can-02/Desktop/f1tenth_ws/install/ackermann_mux/share/ackermann_mux/launch/ackermann_mux_launch.py
[3.357s] -- Up-to-date: /home/can-02/Desktop/f1tenth_ws/install/ackermann_mux/share/ackermann_mux/config
[3.357s] -- Up-to-date: /home/can-02/Desktop/f1tenth_ws/install/ackermann_mux/share/ackermann_mux/config/ackermann_mux_locks.yaml
[3.357s] -- Up-to-date: /home/can-02/Desktop/f1tenth_ws/install/ackermann_mux/share/ackermann_mux/config/ackermann_mux_topics.yaml
[3.357s] -- Up-to-date: /home/can-02/Desktop/f1tenth_ws/install/ackermann_mux/share/ackermann_mux/config/joystick.yaml
[3.358s] -- Up-to-date: /home/can-02/Desktop/f1tenth_ws/install/ackermann_mux/include
[3.358s] -- Up-to-date: /home/can-02/Desktop/f1tenth_ws/install/ackermann_mux/include/ackermann_mux
[3.358s] -- Up-to-date: /home/can-02/Desktop/f1tenth_ws/install/ackermann_mux/include/ackermann_mux/topic_handle.hpp
[3.358s] -- Up-to-date: /home/can-02/Desktop/f1tenth_ws/install/ackermann_mux/include/ackermann_mux/params_helpers.hpp
[3.358s] -- Up-to-date: /home/can-02/Desktop/f1tenth_ws/install/ackermann_mux/include/ackermann_mux/ackermann_mux.hpp
[3.358s] -- Up-to-date: /home/can-02/Desktop/f1tenth_ws/install/ackermann_mux/include/ackermann_mux/ackermann_mux_diagnostics.hpp
[3.358s] -- Up-to-date: /home/can-02/Desktop/f1tenth_ws/install/ackermann_mux/include/ackermann_mux/ackermann_mux_diagnostics_status.hpp
[3.359s] -- Up-to-date: /home/can-02/Desktop/f1tenth_ws/install/ackermann_mux/include/ackermann_mux/utils.hpp
[3.359s] -- Up-to-date: /home/can-02/Desktop/f1tenth_ws/install/ackermann_mux/share/ament_index/resource_index/package_run_dependencies/ackermann_mux
[3.360s] -- Up-to-date: /home/can-02/Desktop/f1tenth_ws/install/ackermann_mux/share/ament_index/resource_index/parent_prefix_path/ackermann_mux
[3.360s] -- Up-to-date: /home/can-02/Desktop/f1tenth_ws/install/ackermann_mux/share/ackermann_mux/environment/ament_prefix_path.sh
[3.360s] -- Up-to-date: /home/can-02/Desktop/f1tenth_ws/install/ackermann_mux/share/ackermann_mux/environment/ament_prefix_path.dsv
[3.360s] -- Up-to-date: /home/can-02/Desktop/f1tenth_ws/install/ackermann_mux/share/ackermann_mux/environment/path.sh
[3.360s] -- Up-to-date: /home/can-02/Desktop/f1tenth_ws/install/ackermann_mux/share/ackermann_mux/environment/path.dsv
[3.361s] -- Up-to-date: /home/can-02/Desktop/f1tenth_ws/install/ackermann_mux/share/ackermann_mux/local_setup.bash
[3.361s] -- Up-to-date: /home/can-02/Desktop/f1tenth_ws/install/ackermann_mux/share/ackermann_mux/local_setup.sh
[3.361s] -- Up-to-date: /home/can-02/Desktop/f1tenth_ws/install/ackermann_mux/share/ackermann_mux/local_setup.zsh
[3.361s] -- Up-to-date: /home/can-02/Desktop/f1tenth_ws/install/ackermann_mux/share/ackermann_mux/local_setup.dsv
[3.361s] -- Installing: /home/can-02/Desktop/f1tenth_ws/install/ackermann_mux/share/ackermann_mux/package.dsv
[3.361s] -- Up-to-date: /home/can-02/Desktop/f1tenth_ws/install/ackermann_mux/share/ament_index/resource_index/packages/ackermann_mux
[3.361s] -- Up-to-date: /home/can-02/Desktop/f1tenth_ws/install/ackermann_mux/share/ackermann_mux/cmake/ament_cmake_export_include_directories-extras.cmake
[3.362s] -- Up-to-date: /home/can-02/Desktop/f1tenth_ws/install/ackermann_mux/share/ackermann_mux/cmake/ament_cmake_export_dependencies-extras.cmake
[3.362s] -- Up-to-date: /home/can-02/Desktop/f1tenth_ws/install/ackermann_mux/share/ackermann_mux/cmake/ackermann_muxConfig.cmake
[3.362s] -- Up-to-date: /home/can-02/Desktop/f1tenth_ws/install/ackermann_mux/share/ackermann_mux/cmake/ackermann_muxConfig-version.cmake
[3.362s] -- Up-to-date: /home/can-02/Desktop/f1tenth_ws/install/ackermann_mux/share/ackermann_mux/package.xml
[3.398s] Invoked command in '/home/can-02/Desktop/f1tenth_ws/build/ackermann_mux' returned '0': CMAKE_PREFIX_PATH=${CMAKE_PREFIX_PATH}:/home/can-02/Desktop/f1tenth_ws/install/f1tenth_stack:/home/can-02/Desktop/f1tenth_ws/install/joy_teleop:/home/can-02/Desktop/f1tenth_ws/install/particle_filter:/home/can-02/Desktop/f1tenth_ws/install/mouse_teleop:/home/can-02/Desktop/f1tenth_ws/install/key_teleop:/home/can-02/Desktop/f1tenth_ws/install/f1tenth_gym_ros:/home/can-02/Desktop/f1tenth_ws/install/adp_controller:/opt/ros/galactic /usr/bin/cmake --install /home/can-02/Desktop/f1tenth_ws/build/ackermann_mux
