[6.507s] Invoking command in '/home/can-02/Desktop/f1tenth_ws/src/f1tenth_gym_ros': PYTHONPATH=/home/can-02/Desktop/f1tenth_ws/build/f1tenth_gym_ros/prefix_override:/usr/lib/python3/dist-packages/colcon_core/task/python/colcon_distutils_commands:/home/can-02/Desktop/f1tenth_ws/install/f1tenth_gym_ros/lib/python3.8/site-packages:${PYTHONPATH} /usr/bin/python3 -W ignore:setup.py install is deprecated -W ignore:easy_install command is deprecated setup.py egg_info --egg-base ../../build/f1tenth_gym_ros build --build-base /home/can-02/Desktop/f1tenth_ws/build/f1tenth_gym_ros/build install --record /home/can-02/Desktop/f1tenth_ws/build/f1tenth_gym_ros/install.log --single-version-externally-managed install_data
[9.286s] running egg_info
[9.286s] creating ../../build/f1tenth_gym_ros/f1tenth_gym_ros.egg-info
[9.286s] writing ../../build/f1tenth_gym_ros/f1tenth_gym_ros.egg-info/PKG-INFO
[9.286s] writing dependency_links to ../../build/f1tenth_gym_ros/f1tenth_gym_ros.egg-info/dependency_links.txt
[9.287s] writing entry points to ../../build/f1tenth_gym_ros/f1tenth_gym_ros.egg-info/entry_points.txt
[9.287s] writing requirements to ../../build/f1tenth_gym_ros/f1tenth_gym_ros.egg-info/requires.txt
[9.287s] writing top-level names to ../../build/f1tenth_gym_ros/f1tenth_gym_ros.egg-info/top_level.txt
[9.287s] writing manifest file '../../build/f1tenth_gym_ros/f1tenth_gym_ros.egg-info/SOURCES.txt'
[9.287s] reading manifest file '../../build/f1tenth_gym_ros/f1tenth_gym_ros.egg-info/SOURCES.txt'
[9.287s] adding license file 'LICENSE'
[9.287s] writing manifest file '../../build/f1tenth_gym_ros/f1tenth_gym_ros.egg-info/SOURCES.txt'
[9.288s] running build
[9.288s] running build_py
[9.288s] creating /home/can-02/Desktop/f1tenth_ws/build/f1tenth_gym_ros/build
[9.288s] creating /home/can-02/Desktop/f1tenth_ws/build/f1tenth_gym_ros/build/lib
[9.288s] creating /home/can-02/Desktop/f1tenth_ws/build/f1tenth_gym_ros/build/lib/f1tenth_gym_ros
[9.288s] copying f1tenth_gym_ros/__init__.py -> /home/can-02/Desktop/f1tenth_ws/build/f1tenth_gym_ros/build/lib/f1tenth_gym_ros
[9.288s] copying f1tenth_gym_ros/gym_bridge.py -> /home/can-02/Desktop/f1tenth_ws/build/f1tenth_gym_ros/build/lib/f1tenth_gym_ros
[9.289s] running install
[9.289s] running install_lib
[9.289s] creating /home/can-02/Desktop/f1tenth_ws/install/f1tenth_gym_ros/lib/python3.8/site-packages/f1tenth_gym_ros
[9.289s] copying /home/can-02/Desktop/f1tenth_ws/build/f1tenth_gym_ros/build/lib/f1tenth_gym_ros/__init__.py -> /home/can-02/Desktop/f1tenth_ws/install/f1tenth_gym_ros/lib/python3.8/site-packages/f1tenth_gym_ros
[9.289s] copying /home/can-02/Desktop/f1tenth_ws/build/f1tenth_gym_ros/build/lib/f1tenth_gym_ros/gym_bridge.py -> /home/can-02/Desktop/f1tenth_ws/install/f1tenth_gym_ros/lib/python3.8/site-packages/f1tenth_gym_ros
[9.289s] byte-compiling /home/can-02/Desktop/f1tenth_ws/install/f1tenth_gym_ros/lib/python3.8/site-packages/f1tenth_gym_ros/__init__.py to __init__.cpython-38.pyc
[9.289s] byte-compiling /home/can-02/Desktop/f1tenth_ws/install/f1tenth_gym_ros/lib/python3.8/site-packages/f1tenth_gym_ros/gym_bridge.py to gym_bridge.cpython-38.pyc
[9.290s] running install_data
[9.290s] creating /home/can-02/Desktop/f1tenth_ws/install/f1tenth_gym_ros/share/ament_index
[9.305s] creating /home/can-02/Desktop/f1tenth_ws/install/f1tenth_gym_ros/share/ament_index/resource_index
[9.305s] creating /home/can-02/Desktop/f1tenth_ws/install/f1tenth_gym_ros/share/ament_index/resource_index/packages
[9.305s] copying resource/f1tenth_gym_ros -> /home/can-02/Desktop/f1tenth_ws/install/f1tenth_gym_ros/share/ament_index/resource_index/packages
[9.306s] copying package.xml -> /home/can-02/Desktop/f1tenth_ws/install/f1tenth_gym_ros/share/f1tenth_gym_ros
[9.306s] creating /home/can-02/Desktop/f1tenth_ws/install/f1tenth_gym_ros/share/f1tenth_gym_ros/launch
[9.306s] copying launch/gym_bridge_launch.py -> /home/can-02/Desktop/f1tenth_ws/install/f1tenth_gym_ros/share/f1tenth_gym_ros/launch
[9.306s] copying launch/opp_racecar.xacro -> /home/can-02/Desktop/f1tenth_ws/install/f1tenth_gym_ros/share/f1tenth_gym_ros/launch
[9.306s] copying launch/ego_racecar.xacro -> /home/can-02/Desktop/f1tenth_ws/install/f1tenth_gym_ros/share/f1tenth_gym_ros/launch
[9.306s] copying launch/gym_bridge.rviz -> /home/can-02/Desktop/f1tenth_ws/install/f1tenth_gym_ros/share/f1tenth_gym_ros/launch
[9.306s] creating /home/can-02/Desktop/f1tenth_ws/install/f1tenth_gym_ros/share/f1tenth_gym_ros/config
[9.307s] copying config/sim.yaml -> /home/can-02/Desktop/f1tenth_ws/install/f1tenth_gym_ros/share/f1tenth_gym_ros/config
[9.307s] running install_egg_info
[9.307s] Copying ../../build/f1tenth_gym_ros/f1tenth_gym_ros.egg-info to /home/can-02/Desktop/f1tenth_ws/install/f1tenth_gym_ros/lib/python3.8/site-packages/f1tenth_gym_ros-0.0.0-py3.8.egg-info
[9.307s] running install_scripts
[9.617s] Installing gym_bridge script to /home/can-02/Desktop/f1tenth_ws/install/f1tenth_gym_ros/lib/f1tenth_gym_ros
[9.618s] writing list of installed files to '/home/can-02/Desktop/f1tenth_ws/build/f1tenth_gym_ros/install.log'
[12.208s] Invoked command in '/home/can-02/Desktop/f1tenth_ws/src/f1tenth_gym_ros' returned '0': PYTHONPATH=/home/can-02/Desktop/f1tenth_ws/build/f1tenth_gym_ros/prefix_override:/usr/lib/python3/dist-packages/colcon_core/task/python/colcon_distutils_commands:/home/can-02/Desktop/f1tenth_ws/install/f1tenth_gym_ros/lib/python3.8/site-packages:${PYTHONPATH} /usr/bin/python3 -W ignore:setup.py install is deprecated -W ignore:easy_install command is deprecated setup.py egg_info --egg-base ../../build/f1tenth_gym_ros build --build-base /home/can-02/Desktop/f1tenth_ws/build/f1tenth_gym_ros/build install --record /home/can-02/Desktop/f1tenth_ws/build/f1tenth_gym_ros/install.log --single-version-externally-managed install_data
