[6.935s] Invoking command in '/home/can-02/Desktop/f1tenth_ws/src/adp_controller': PYTHONPATH=/home/can-02/Desktop/f1tenth_ws/build/adp_controller/prefix_override:/usr/lib/python3/dist-packages/colcon_core/task/python/colcon_distutils_commands:/home/can-02/Desktop/f1tenth_ws/install/adp_controller/lib/python3.8/site-packages:${PYTHONPATH} /usr/bin/python3 -W ignore:setup.py install is deprecated -W ignore:easy_install command is deprecated setup.py egg_info --egg-base ../../build/adp_controller build --build-base /home/can-02/Desktop/f1tenth_ws/build/adp_controller/build install --record /home/can-02/Desktop/f1tenth_ws/build/adp_controller/install.log --single-version-externally-managed install_data
[9.291s] running egg_info
[9.421s] writing ../../build/adp_controller/adp_controller.egg-info/PKG-INFO
[9.422s] writing dependency_links to ../../build/adp_controller/adp_controller.egg-info/dependency_links.txt
[9.424s] writing entry points to ../../build/adp_controller/adp_controller.egg-info/entry_points.txt
[9.425s] writing requirements to ../../build/adp_controller/adp_controller.egg-info/requires.txt
[9.426s] writing top-level names to ../../build/adp_controller/adp_controller.egg-info/top_level.txt
[9.592s] reading manifest file '../../build/adp_controller/adp_controller.egg-info/SOURCES.txt'
[9.600s] writing manifest file '../../build/adp_controller/adp_controller.egg-info/SOURCES.txt'
[9.600s] running build
[9.601s] running build_py
[9.601s] running install
[9.615s] running install_lib
[9.671s] running install_data
[9.672s] copying launch/full_stack_sim.launch.py -> /home/can-02/Desktop/f1tenth_ws/install/adp_controller/share/adp_controller/launch
[9.677s] running install_egg_info
[9.730s] removing '/home/can-02/Desktop/f1tenth_ws/install/adp_controller/lib/python3.8/site-packages/adp_controller-0.0.0-py3.8.egg-info' (and everything under it)
[9.731s] Copying ../../build/adp_controller/adp_controller.egg-info to /home/can-02/Desktop/f1tenth_ws/install/adp_controller/lib/python3.8/site-packages/adp_controller-0.0.0-py3.8.egg-info
[9.734s] running install_scripts
[9.935s] Installing adp_raceline_control script to /home/can-02/Desktop/f1tenth_ws/install/adp_controller/lib/adp_controller
[9.935s] Installing frenet_error_node script to /home/can-02/Desktop/f1tenth_ws/install/adp_controller/lib/adp_controller
[9.935s] Installing raceline_publisher script to /home/can-02/Desktop/f1tenth_ws/install/adp_controller/lib/adp_controller
[9.936s] writing list of installed files to '/home/can-02/Desktop/f1tenth_ws/build/adp_controller/install.log'
[10.529s] Invoked command in '/home/can-02/Desktop/f1tenth_ws/src/adp_controller' returned '0': PYTHONPATH=/home/can-02/Desktop/f1tenth_ws/build/adp_controller/prefix_override:/usr/lib/python3/dist-packages/colcon_core/task/python/colcon_distutils_commands:/home/can-02/Desktop/f1tenth_ws/install/adp_controller/lib/python3.8/site-packages:${PYTHONPATH} /usr/bin/python3 -W ignore:setup.py install is deprecated -W ignore:easy_install command is deprecated setup.py egg_info --egg-base ../../build/adp_controller build --build-base /home/can-02/Desktop/f1tenth_ws/build/adp_controller/build install --record /home/can-02/Desktop/f1tenth_ws/build/adp_controller/install.log --single-version-externally-managed install_data
