[0.171s] Invoking command in '/home/can-02/Desktop/f1tenth_ws/build/teleop_tools_msgs': CMAKE_PREFIX_PATH=${CMAKE_PREFIX_PATH}:/home/can-02/Desktop/f1tenth_ws/install/f1tenth_stack:/home/can-02/Desktop/f1tenth_ws/install/joy_teleop:/home/can-02/Desktop/f1tenth_ws/install/particle_filter:/home/can-02/Desktop/f1tenth_ws/install/mouse_teleop:/home/can-02/Desktop/f1tenth_ws/install/key_teleop:/home/can-02/Desktop/f1tenth_ws/install/f1tenth_gym_ros:/home/can-02/Desktop/f1tenth_ws/install/adp_controller:/opt/ros/galactic /usr/bin/cmake --build /home/can-02/Desktop/f1tenth_ws/build/teleop_tools_msgs -- -j6 -l6
[3.654s] [  3%] Built target teleop_tools_msgs__cpp
[3.655s] [ 12%] Built target teleop_tools_msgs__rosidl_generator_c
[3.655s] [ 22%] Built target teleop_tools_msgs__rosidl_typesupport_cpp
[3.655s] [ 32%] Built target teleop_tools_msgs__rosidl_typesupport_fastrtps_cpp
[3.655s] [ 41%] Built target teleop_tools_msgs__rosidl_typesupport_introspection_cpp
[3.655s] [ 51%] Built target teleop_tools_msgs__rosidl_typesupport_c
[3.656s] [ 61%] Built target teleop_tools_msgs__rosidl_typesupport_introspection_c
[3.656s] [ 70%] Built target teleop_tools_msgs__rosidl_typesupport_fastrtps_c
[3.657s] [ 70%] Built target teleop_tools_msgs
[3.657s] [ 74%] Built target teleop_tools_msgs__py
[3.660s] [ 80%] Built target teleop_tools_msgs__python
[3.665s] [ 87%] Built target teleop_tools_msgs__rosidl_typesupport_c__pyext
[3.666s] [ 93%] Built target teleop_tools_msgs__rosidl_typesupport_introspection_c__pyext
[3.666s] [100%] Built target teleop_tools_msgs__rosidl_typesupport_fastrtps_c__pyext
[3.702s] Invoked command in '/home/can-02/Desktop/f1tenth_ws/build/teleop_tools_msgs' returned '0': CMAKE_PREFIX_PATH=${CMAKE_PREFIX_PATH}:/home/can-02/Desktop/f1tenth_ws/install/f1tenth_stack:/home/can-02/Desktop/f1tenth_ws/install/joy_teleop:/home/can-02/Desktop/f1tenth_ws/install/particle_filter:/home/can-02/Desktop/f1tenth_ws/install/mouse_teleop:/home/can-02/Desktop/f1tenth_ws/install/key_teleop:/home/can-02/Desktop/f1tenth_ws/install/f1tenth_gym_ros:/home/can-02/Desktop/f1tenth_ws/install/adp_controller:/opt/ros/galactic /usr/bin/cmake --build /home/can-02/Desktop/f1tenth_ws/build/teleop_tools_msgs -- -j6 -l6
[3.705s] Invoking command in '/home/can-02/Desktop/f1tenth_ws/build/teleop_tools_msgs': CMAKE_PREFIX_PATH=${CMAKE_PREFIX_PATH}:/home/can-02/Desktop/f1tenth_ws/install/f1tenth_stack:/home/can-02/Desktop/f1tenth_ws/install/joy_teleop:/home/can-02/Desktop/f1tenth_ws/install/particle_filter:/home/can-02/Desktop/f1tenth_ws/install/mouse_teleop:/home/can-02/Desktop/f1tenth_ws/install/key_teleop:/home/can-02/Desktop/f1tenth_ws/install/f1tenth_gym_ros:/home/can-02/Desktop/f1tenth_ws/install/adp_controller:/opt/ros/galactic /usr/bin/cmake --install /home/can-02/Desktop/f1tenth_ws/build/teleop_tools_msgs
[3.777s] -- Install configuration: ""
[3.777s] -- Up-to-date: /home/can-02/Desktop/f1tenth_ws/install/teleop_tools_msgs/share/ament_index/resource_index/rosidl_interfaces/teleop_tools_msgs
[3.777s] -- Up-to-date: /home/can-02/Desktop/f1tenth_ws/install/teleop_tools_msgs/include/teleop_tools_msgs
[3.777s] -- Up-to-date: /home/can-02/Desktop/f1tenth_ws/install/teleop_tools_msgs/include/teleop_tools_msgs/action
[3.778s] -- Up-to-date: /home/can-02/Desktop/f1tenth_ws/install/teleop_tools_msgs/include/teleop_tools_msgs/action/increment.h
[3.778s] -- Up-to-date: /home/can-02/Desktop/f1tenth_ws/install/teleop_tools_msgs/include/teleop_tools_msgs/action/detail
[3.778s] -- Up-to-date: /home/can-02/Desktop/f1tenth_ws/install/teleop_tools_msgs/include/teleop_tools_msgs/action/detail/increment__functions.h
[3.778s] -- Up-to-date: /home/can-02/Desktop/f1tenth_ws/install/teleop_tools_msgs/include/teleop_tools_msgs/action/detail/increment__struct.h
[3.778s] -- Up-to-date: /home/can-02/Desktop/f1tenth_ws/install/teleop_tools_msgs/include/teleop_tools_msgs/action/detail/increment__type_support.h
[3.778s] -- Up-to-date: /home/can-02/Desktop/f1tenth_ws/install/teleop_tools_msgs/include/teleop_tools_msgs/action/detail/increment__functions.c
[3.779s] -- Up-to-date: /home/can-02/Desktop/f1tenth_ws/install/teleop_tools_msgs/include/teleop_tools_msgs/msg
[3.779s] -- Up-to-date: /home/can-02/Desktop/f1tenth_ws/install/teleop_tools_msgs/include/teleop_tools_msgs/msg/rosidl_generator_c__visibility_control.h
[3.779s] -- Up-to-date: /home/can-02/Desktop/f1tenth_ws/install/teleop_tools_msgs/share/teleop_tools_msgs/environment/library_path.sh
[3.779s] -- Up-to-date: /home/can-02/Desktop/f1tenth_ws/install/teleop_tools_msgs/share/teleop_tools_msgs/environment/library_path.dsv
[3.779s] -- Up-to-date: /home/can-02/Desktop/f1tenth_ws/install/teleop_tools_msgs/lib/libteleop_tools_msgs__rosidl_generator_c.so
[3.780s] -- Up-to-date: /home/can-02/Desktop/f1tenth_ws/install/teleop_tools_msgs/include/teleop_tools_msgs
[3.780s] -- Up-to-date: /home/can-02/Desktop/f1tenth_ws/install/teleop_tools_msgs/include/teleop_tools_msgs/action
[3.780s] -- Up-to-date: /home/can-02/Desktop/f1tenth_ws/install/teleop_tools_msgs/include/teleop_tools_msgs/action/detail
[3.780s] -- Up-to-date: /home/can-02/Desktop/f1tenth_ws/install/teleop_tools_msgs/include/teleop_tools_msgs/action/detail/increment__rosidl_typesupport_fastrtps_c.h
[3.780s] -- Up-to-date: /home/can-02/Desktop/f1tenth_ws/install/teleop_tools_msgs/include/teleop_tools_msgs/msg
[3.780s] -- Up-to-date: /home/can-02/Desktop/f1tenth_ws/install/teleop_tools_msgs/include/teleop_tools_msgs/msg/rosidl_typesupport_fastrtps_c__visibility_control.h
[3.781s] -- Up-to-date: /home/can-02/Desktop/f1tenth_ws/install/teleop_tools_msgs/lib/libteleop_tools_msgs__rosidl_typesupport_fastrtps_c.so
[3.781s] -- Up-to-date: /home/can-02/Desktop/f1tenth_ws/install/teleop_tools_msgs/include/teleop_tools_msgs
[3.781s] -- Up-to-date: /home/can-02/Desktop/f1tenth_ws/install/teleop_tools_msgs/include/teleop_tools_msgs/action
[3.781s] -- Up-to-date: /home/can-02/Desktop/f1tenth_ws/install/teleop_tools_msgs/include/teleop_tools_msgs/action/detail
[3.781s] -- Up-to-date: /home/can-02/Desktop/f1tenth_ws/install/teleop_tools_msgs/include/teleop_tools_msgs/action/detail/increment__rosidl_typesupport_fastrtps_cpp.hpp
[3.781s] -- Up-to-date: /home/can-02/Desktop/f1tenth_ws/install/teleop_tools_msgs/include/teleop_tools_msgs/action/detail/dds_fastrtps
[3.782s] -- Up-to-date: /home/can-02/Desktop/f1tenth_ws/install/teleop_tools_msgs/include/teleop_tools_msgs/msg
[3.782s] -- Up-to-date: /home/can-02/Desktop/f1tenth_ws/install/teleop_tools_msgs/include/teleop_tools_msgs/msg/rosidl_typesupport_fastrtps_cpp__visibility_control.h
[3.782s] -- Up-to-date: /home/can-02/Desktop/f1tenth_ws/install/teleop_tools_msgs/lib/libteleop_tools_msgs__rosidl_typesupport_fastrtps_cpp.so
[3.782s] -- Up-to-date: /home/can-02/Desktop/f1tenth_ws/install/teleop_tools_msgs/include/teleop_tools_msgs
[3.782s] -- Up-to-date: /home/can-02/Desktop/f1tenth_ws/install/teleop_tools_msgs/include/teleop_tools_msgs/action
[3.783s] -- Up-to-date: /home/can-02/Desktop/f1tenth_ws/install/teleop_tools_msgs/include/teleop_tools_msgs/action/detail
[3.783s] -- Up-to-date: /home/can-02/Desktop/f1tenth_ws/install/teleop_tools_msgs/include/teleop_tools_msgs/action/detail/increment__rosidl_typesupport_introspection_c.h
[3.783s] -- Up-to-date: /home/can-02/Desktop/f1tenth_ws/install/teleop_tools_msgs/include/teleop_tools_msgs/action/detail/increment__type_support.c
[3.783s] -- Up-to-date: /home/can-02/Desktop/f1tenth_ws/install/teleop_tools_msgs/include/teleop_tools_msgs/msg
[3.783s] -- Up-to-date: /home/can-02/Desktop/f1tenth_ws/install/teleop_tools_msgs/include/teleop_tools_msgs/msg/rosidl_typesupport_introspection_c__visibility_control.h
[3.784s] -- Up-to-date: /home/can-02/Desktop/f1tenth_ws/install/teleop_tools_msgs/lib/libteleop_tools_msgs__rosidl_typesupport_introspection_c.so
[3.784s] -- Up-to-date: /home/can-02/Desktop/f1tenth_ws/install/teleop_tools_msgs/lib/libteleop_tools_msgs__rosidl_typesupport_c.so
[3.785s] -- Up-to-date: /home/can-02/Desktop/f1tenth_ws/install/teleop_tools_msgs/include/teleop_tools_msgs
[3.785s] -- Up-to-date: /home/can-02/Desktop/f1tenth_ws/install/teleop_tools_msgs/include/teleop_tools_msgs/action
[3.785s] -- Up-to-date: /home/can-02/Desktop/f1tenth_ws/install/teleop_tools_msgs/include/teleop_tools_msgs/action/increment.hpp
[3.785s] -- Up-to-date: /home/can-02/Desktop/f1tenth_ws/install/teleop_tools_msgs/include/teleop_tools_msgs/action/detail
[3.785s] -- Up-to-date: /home/can-02/Desktop/f1tenth_ws/install/teleop_tools_msgs/include/teleop_tools_msgs/action/detail/increment__traits.hpp
[3.786s] -- Up-to-date: /home/can-02/Desktop/f1tenth_ws/install/teleop_tools_msgs/include/teleop_tools_msgs/action/detail/increment__struct.hpp
[3.786s] -- Up-to-date: /home/can-02/Desktop/f1tenth_ws/install/teleop_tools_msgs/include/teleop_tools_msgs/action/detail/increment__builder.hpp
[3.786s] -- Up-to-date: /home/can-02/Desktop/f1tenth_ws/install/teleop_tools_msgs/include/teleop_tools_msgs
[3.786s] -- Up-to-date: /home/can-02/Desktop/f1tenth_ws/install/teleop_tools_msgs/include/teleop_tools_msgs/action
[3.786s] -- Up-to-date: /home/can-02/Desktop/f1tenth_ws/install/teleop_tools_msgs/include/teleop_tools_msgs/action/detail
[3.787s] -- Up-to-date: /home/can-02/Desktop/f1tenth_ws/install/teleop_tools_msgs/include/teleop_tools_msgs/action/detail/increment__rosidl_typesupport_introspection_cpp.hpp
[3.787s] -- Up-to-date: /home/can-02/Desktop/f1tenth_ws/install/teleop_tools_msgs/include/teleop_tools_msgs/action/detail/increment__type_support.cpp
[3.787s] -- Up-to-date: /home/can-02/Desktop/f1tenth_ws/install/teleop_tools_msgs/lib/libteleop_tools_msgs__rosidl_typesupport_introspection_cpp.so
[3.787s] -- Up-to-date: /home/can-02/Desktop/f1tenth_ws/install/teleop_tools_msgs/lib/libteleop_tools_msgs__rosidl_typesupport_cpp.so
[3.787s] -- Up-to-date: /home/can-02/Desktop/f1tenth_ws/install/teleop_tools_msgs/share/teleop_tools_msgs/environment/pythonpath.sh
[3.787s] -- Up-to-date: /home/can-02/Desktop/f1tenth_ws/install/teleop_tools_msgs/share/teleop_tools_msgs/environment/pythonpath.dsv
[3.787s] -- Up-to-date: /home/can-02/Desktop/f1tenth_ws/install/teleop_tools_msgs/lib/python3.8/site-packages/teleop_tools_msgs/__init__.py
[3.852s] -- Up-to-date: /home/can-02/Desktop/f1tenth_ws/install/teleop_tools_msgs/lib/python3.8/site-packages/teleop_tools_msgs/action
[3.853s] -- Up-to-date: /home/can-02/Desktop/f1tenth_ws/install/teleop_tools_msgs/lib/python3.8/site-packages/teleop_tools_msgs/action/_increment.py
[3.853s] -- Up-to-date: /home/can-02/Desktop/f1tenth_ws/install/teleop_tools_msgs/lib/python3.8/site-packages/teleop_tools_msgs/action/_increment_s.c
[3.853s] -- Up-to-date: /home/can-02/Desktop/f1tenth_ws/install/teleop_tools_msgs/lib/python3.8/site-packages/teleop_tools_msgs/action/__init__.py
[3.854s] -- Up-to-date: /home/can-02/Desktop/f1tenth_ws/install/teleop_tools_msgs/lib/python3.8/site-packages/teleop_tools_msgs/teleop_tools_msgs_s__rosidl_typesupport_fastrtps_c.cpython-38-aarch64-linux-gnu.so
[3.858s] -- Up-to-date: /home/can-02/Desktop/f1tenth_ws/install/teleop_tools_msgs/lib/python3.8/site-packages/teleop_tools_msgs/teleop_tools_msgs_s__rosidl_typesupport_introspection_c.cpython-38-aarch64-linux-gnu.so
[3.858s] -- Up-to-date: /home/can-02/Desktop/f1tenth_ws/install/teleop_tools_msgs/lib/python3.8/site-packages/teleop_tools_msgs/teleop_tools_msgs_s__rosidl_typesupport_c.cpython-38-aarch64-linux-gnu.so
[3.860s] -- Up-to-date: /home/can-02/Desktop/f1tenth_ws/install/teleop_tools_msgs/lib/libteleop_tools_msgs__python.so
[3.864s] -- Up-to-date: /home/can-02/Desktop/f1tenth_ws/install/teleop_tools_msgs/share/teleop_tools_msgs/action/Increment.idl
[3.864s] -- Up-to-date: /home/can-02/Desktop/f1tenth_ws/install/teleop_tools_msgs/share/teleop_tools_msgs/action/Increment.action
[3.865s] -- Up-to-date: /home/can-02/Desktop/f1tenth_ws/install/teleop_tools_msgs/share/ament_index/resource_index/package_run_dependencies/teleop_tools_msgs
[3.865s] -- Up-to-date: /home/can-02/Desktop/f1tenth_ws/install/teleop_tools_msgs/share/ament_index/resource_index/parent_prefix_path/teleop_tools_msgs
[3.866s] -- Up-to-date: /home/can-02/Desktop/f1tenth_ws/install/teleop_tools_msgs/share/teleop_tools_msgs/environment/ament_prefix_path.sh
[3.866s] -- Up-to-date: /home/can-02/Desktop/f1tenth_ws/install/teleop_tools_msgs/share/teleop_tools_msgs/environment/ament_prefix_path.dsv
[3.867s] -- Up-to-date: /home/can-02/Desktop/f1tenth_ws/install/teleop_tools_msgs/share/teleop_tools_msgs/environment/path.sh
[3.867s] -- Up-to-date: /home/can-02/Desktop/f1tenth_ws/install/teleop_tools_msgs/share/teleop_tools_msgs/environment/path.dsv
[3.867s] -- Up-to-date: /home/can-02/Desktop/f1tenth_ws/install/teleop_tools_msgs/share/teleop_tools_msgs/local_setup.bash
[3.867s] -- Up-to-date: /home/can-02/Desktop/f1tenth_ws/install/teleop_tools_msgs/share/teleop_tools_msgs/local_setup.sh
[3.867s] -- Up-to-date: /home/can-02/Desktop/f1tenth_ws/install/teleop_tools_msgs/share/teleop_tools_msgs/local_setup.zsh
[3.880s] -- Up-to-date: /home/can-02/Desktop/f1tenth_ws/install/teleop_tools_msgs/share/teleop_tools_msgs/local_setup.dsv
[3.881s] -- Installing: /home/can-02/Desktop/f1tenth_ws/install/teleop_tools_msgs/share/teleop_tools_msgs/package.dsv
[3.881s] -- Up-to-date: /home/can-02/Desktop/f1tenth_ws/install/teleop_tools_msgs/share/ament_index/resource_index/packages/teleop_tools_msgs
[3.881s] -- Up-to-date: /home/can-02/Desktop/f1tenth_ws/install/teleop_tools_msgs/share/teleop_tools_msgs/cmake/teleop_tools_msgs__rosidl_generator_cExport.cmake
[3.881s] -- Up-to-date: /home/can-02/Desktop/f1tenth_ws/install/teleop_tools_msgs/share/teleop_tools_msgs/cmake/teleop_tools_msgs__rosidl_generator_cExport-noconfig.cmake
[3.881s] -- Up-to-date: /home/can-02/Desktop/f1tenth_ws/install/teleop_tools_msgs/share/teleop_tools_msgs/cmake/teleop_tools_msgs__rosidl_typesupport_introspection_cExport.cmake
[3.882s] -- Up-to-date: /home/can-02/Desktop/f1tenth_ws/install/teleop_tools_msgs/share/teleop_tools_msgs/cmake/teleop_tools_msgs__rosidl_typesupport_introspection_cExport-noconfig.cmake
[3.882s] -- Up-to-date: /home/can-02/Desktop/f1tenth_ws/install/teleop_tools_msgs/share/teleop_tools_msgs/cmake/teleop_tools_msgs__rosidl_typesupport_cExport.cmake
[3.882s] -- Up-to-date: /home/can-02/Desktop/f1tenth_ws/install/teleop_tools_msgs/share/teleop_tools_msgs/cmake/teleop_tools_msgs__rosidl_typesupport_cExport-noconfig.cmake
[3.882s] -- Up-to-date: /home/can-02/Desktop/f1tenth_ws/install/teleop_tools_msgs/share/teleop_tools_msgs/cmake/teleop_tools_msgs__rosidl_generator_cppExport.cmake
[3.882s] -- Up-to-date: /home/can-02/Desktop/f1tenth_ws/install/teleop_tools_msgs/share/teleop_tools_msgs/cmake/teleop_tools_msgs__rosidl_typesupport_introspection_cppExport.cmake
[3.883s] -- Up-to-date: /home/can-02/Desktop/f1tenth_ws/install/teleop_tools_msgs/share/teleop_tools_msgs/cmake/teleop_tools_msgs__rosidl_typesupport_introspection_cppExport-noconfig.cmake
[3.891s] -- Up-to-date: /home/can-02/Desktop/f1tenth_ws/install/teleop_tools_msgs/share/teleop_tools_msgs/cmake/teleop_tools_msgs__rosidl_typesupport_cppExport.cmake
[3.891s] -- Up-to-date: /home/can-02/Desktop/f1tenth_ws/install/teleop_tools_msgs/share/teleop_tools_msgs/cmake/teleop_tools_msgs__rosidl_typesupport_cppExport-noconfig.cmake
[3.892s] -- Up-to-date: /home/can-02/Desktop/f1tenth_ws/install/teleop_tools_msgs/share/teleop_tools_msgs/cmake/rosidl_cmake-extras.cmake
[3.892s] -- Up-to-date: /home/can-02/Desktop/f1tenth_ws/install/teleop_tools_msgs/share/teleop_tools_msgs/cmake/ament_cmake_export_dependencies-extras.cmake
[3.892s] -- Up-to-date: /home/can-02/Desktop/f1tenth_ws/install/teleop_tools_msgs/share/teleop_tools_msgs/cmake/ament_cmake_export_libraries-extras.cmake
[3.895s] -- Up-to-date: /home/can-02/Desktop/f1tenth_ws/install/teleop_tools_msgs/share/teleop_tools_msgs/cmake/ament_cmake_export_targets-extras.cmake
[3.896s] -- Up-to-date: /home/can-02/Desktop/f1tenth_ws/install/teleop_tools_msgs/share/teleop_tools_msgs/cmake/ament_cmake_export_include_directories-extras.cmake
[3.896s] -- Up-to-date: /home/can-02/Desktop/f1tenth_ws/install/teleop_tools_msgs/share/teleop_tools_msgs/cmake/rosidl_cmake_export_typesupport_libraries-extras.cmake
[3.896s] -- Up-to-date: /home/can-02/Desktop/f1tenth_ws/install/teleop_tools_msgs/share/teleop_tools_msgs/cmake/rosidl_cmake_export_typesupport_targets-extras.cmake
[3.896s] -- Up-to-date: /home/can-02/Desktop/f1tenth_ws/install/teleop_tools_msgs/share/teleop_tools_msgs/cmake/teleop_tools_msgsConfig.cmake
[3.897s] -- Up-to-date: /home/can-02/Desktop/f1tenth_ws/install/teleop_tools_msgs/share/teleop_tools_msgs/cmake/teleop_tools_msgsConfig-version.cmake
[3.897s] -- Up-to-date: /home/can-02/Desktop/f1tenth_ws/install/teleop_tools_msgs/share/teleop_tools_msgs/package.xml
[4.007s] Invoked command in '/home/can-02/Desktop/f1tenth_ws/build/teleop_tools_msgs' returned '0': CMAKE_PREFIX_PATH=${CMAKE_PREFIX_PATH}:/home/can-02/Desktop/f1tenth_ws/install/f1tenth_stack:/home/can-02/Desktop/f1tenth_ws/install/joy_teleop:/home/can-02/Desktop/f1tenth_ws/install/particle_filter:/home/can-02/Desktop/f1tenth_ws/install/mouse_teleop:/home/can-02/Desktop/f1tenth_ws/install/key_teleop:/home/can-02/Desktop/f1tenth_ws/install/f1tenth_gym_ros:/home/can-02/Desktop/f1tenth_ws/install/adp_controller:/opt/ros/galactic /usr/bin/cmake --install /home/can-02/Desktop/f1tenth_ws/build/teleop_tools_msgs
